TN:
SF:backend/benchmark-stroke-performance.js
FN:62,generateTestStrokeData
FN:92,strokeDataToBase64
FN:102,benchmarkStorageSize
FN:146,benchmarkDatabaseQueries
FN:192,(anonymous_4)
FN:193,(anonymous_5)
FN:227,(anonymous_6)
FN:246,benchmarkAPIResponse
FN:297,(anonymous_8)
FN:298,(anonymous_9)
FN:322,(anonymous_10)
FN:338,benchmarkImageGeneration
FN:370,(anonymous_12)
FN:371,(anonymous_13)
FN:382,benchmarkMLFeatures
FN:431,(anonymous_15)
FN:432,(anonymous_16)
FN:442,benchmarkMemoryUsage
FN:489,generatePerformanceCharts
FN:500,(anonymous_19)
FN:501,(anonymous_20)
FN:511,(anonymous_21)
FN:512,(anonymous_22)
FN:522,generateRecommendations
FN:529,(anonymous_24)
FN:530,(anonymous_25)
FN:553,(anonymous_26)
FN:573,(anonymous_27)
FN:585,generateDetailedReport
FN:599,(anonymous_29)
FN:600,(anonymous_30)
FN:601,(anonymous_31)
FN:603,(anonymous_32)
FN:604,(anonymous_33)
FN:606,(anonymous_34)
FN:607,(anonymous_35)
FN:616,runBenchmarks
FNF:37
FNH:0
FNDA:0,generateTestStrokeData
FNDA:0,strokeDataToBase64
FNDA:0,benchmarkStorageSize
FNDA:0,benchmarkDatabaseQueries
FNDA:0,(anonymous_4)
FNDA:0,(anonymous_5)
FNDA:0,(anonymous_6)
FNDA:0,benchmarkAPIResponse
FNDA:0,(anonymous_8)
FNDA:0,(anonymous_9)
FNDA:0,(anonymous_10)
FNDA:0,benchmarkImageGeneration
FNDA:0,(anonymous_12)
FNDA:0,(anonymous_13)
FNDA:0,benchmarkMLFeatures
FNDA:0,(anonymous_15)
FNDA:0,(anonymous_16)
FNDA:0,benchmarkMemoryUsage
FNDA:0,generatePerformanceCharts
FNDA:0,(anonymous_19)
FNDA:0,(anonymous_20)
FNDA:0,(anonymous_21)
FNDA:0,(anonymous_22)
FNDA:0,generateRecommendations
FNDA:0,(anonymous_24)
FNDA:0,(anonymous_25)
FNDA:0,(anonymous_26)
FNDA:0,(anonymous_27)
FNDA:0,generateDetailedReport
FNDA:0,(anonymous_29)
FNDA:0,(anonymous_30)
FNDA:0,(anonymous_31)
FNDA:0,(anonymous_32)
FNDA:0,(anonymous_33)
FNDA:0,(anonymous_34)
FNDA:0,(anonymous_35)
FNDA:0,runBenchmarks
DA:1,0
DA:2,0
DA:3,0
DA:4,0
DA:5,0
DA:6,0
DA:7,0
DA:10,0
DA:24,0
DA:33,0
DA:63,0
DA:69,0
DA:70,0
DA:72,0
DA:73,0
DA:74,0
DA:75,0
DA:77,0
DA:78,0
DA:85,0
DA:88,0
DA:93,0
DA:94,0
DA:103,0
DA:105,0
DA:106,0
DA:108,0
DA:109,0
DA:112,0
DA:113,0
DA:116,0
DA:117,0
DA:118,0
DA:121,0
DA:123,0
DA:132,0
DA:133,0
DA:134,0
DA:136,0
DA:137,0
DA:138,0
DA:139,0
DA:140,0
DA:143,0
DA:147,0
DA:149,0
DA:150,0
DA:152,0
DA:154,0
DA:155,0
DA:158,0
DA:164,0
DA:170,0
DA:171,0
DA:174,0
DA:177,0
DA:178,0
DA:179,0
DA:180,0
DA:181,0
DA:185,0
DA:186,0
DA:187,0
DA:188,0
DA:189,0
DA:192,0
DA:193,0
DA:195,0
DA:196,0
DA:197,0
DA:199,0
DA:200,0
DA:203,0
DA:206,0
DA:213,0
DA:215,0
DA:216,0
DA:217,0
DA:218,0
DA:224,0
DA:227,0
DA:228,0
DA:229,0
DA:231,0
DA:233,0
DA:237,0
DA:240,0
DA:242,0
DA:247,0
DA:249,0
DA:250,0
DA:252,0
DA:254,0
DA:257,0
DA:258,0
DA:259,0
DA:261,0
DA:263,0
DA:269,0
DA:275,0
DA:276,0
DA:279,0
DA:282,0
DA:283,0
DA:284,0
DA:285,0
DA:286,0
DA:290,0
DA:291,0
DA:292,0
DA:293,0
DA:294,0
DA:297,0
DA:298,0
DA:300,0
DA:301,0
DA:302,0
DA:304,0
DA:305,0
DA:308,0
DA:310,0
DA:311,0
DA:312,0
DA:313,0
DA:314,0
DA:318,0
DA:321,0
DA:322,0
DA:323,0
DA:327,0
DA:330,0
DA:334,0
DA:339,0
DA:341,0
DA:342,0
DA:344,0
DA:345,0
DA:347,0
DA:348,0
DA:351,0
DA:352,0
DA:353,0
DA:354,0
DA:355,0
DA:359,0
DA:360,0
DA:361,0
DA:363,0
DA:364,0
DA:365,0
DA:367,0
DA:370,0
DA:371,0
DA:373,0
DA:374,0
DA:375,0
DA:377,0
DA:378,0
DA:383,0
DA:385,0
DA:386,0
DA:389,0
DA:411,0
DA:414,0
DA:415,0
DA:416,0
DA:417,0
DA:418,0
DA:422,0
DA:423,0
DA:424,0
DA:426,0
DA:427,0
DA:428,0
DA:431,0
DA:432,0
DA:434,0
DA:435,0
DA:436,0
DA:438,0
DA:439,0
DA:443,0
DA:445,0
DA:448,0
DA:449,0
DA:451,0
DA:454,0
DA:455,0
DA:457,0
DA:458,0
DA:461,0
DA:462,0
DA:465,0
DA:466,0
DA:469,0
DA:470,0
DA:472,0
DA:473,0
DA:474,0
DA:477,0
DA:478,0
DA:480,0
DA:481,0
DA:482,0
DA:484,0
DA:485,0
DA:490,0
DA:493,0
DA:494,0
DA:495,0
DA:496,0
DA:499,0
DA:500,0
DA:501,0
DA:502,0
DA:504,0
DA:505,0
DA:506,0
DA:510,0
DA:511,0
DA:512,0
DA:513,0
DA:515,0
DA:516,0
DA:517,0
DA:523,0
DA:525,0
DA:528,0
DA:529,0
DA:530,0
DA:531,0
DA:533,0
DA:542,0
DA:543,0
DA:552,0
DA:553,0
DA:554,0
DA:555,0
DA:565,0
DA:573,0
DA:574,0
DA:578,0
DA:579,0
DA:580,0
DA:586,0
DA:587,0
DA:589,0
DA:599,0
DA:600,0
DA:601,0
DA:603,0
DA:604,0
DA:606,0
DA:607,0
DA:611,0
DA:612,0
DA:617,0
DA:625,0
DA:627,0
DA:628,0
DA:629,0
DA:630,0
DA:631,0
DA:632,0
DA:635,0
DA:636,0
DA:637,0
DA:639,0
DA:642,0
DA:643,0
DA:645,0
DA:650,0
LF:272
LH:0
BRDA:25,0,0,0
BRDA:25,0,1,0
BRDA:26,1,0,0
BRDA:26,1,1,0
BRDA:26,2,0,0
BRDA:26,2,1,0
BRDA:26,3,0,0
BRDA:26,3,1,0
BRDA:26,4,0,0
BRDA:26,4,1,0
BRDA:62,5,0,0
BRDA:213,6,0,0
BRDA:213,6,1,0
BRDA:249,7,0,0
BRDA:249,7,1,0
BRDA:321,8,0,0
BRDA:321,8,1,0
BRDA:364,9,0,0
BRDA:364,9,1,0
BRDA:448,10,0,0
BRDA:448,10,1,0
BRDA:466,11,0,0
BRDA:466,11,1,0
BRDA:499,12,0,0
BRDA:499,12,1,0
BRDA:510,13,0,0
BRDA:510,13,1,0
BRDA:528,14,0,0
BRDA:528,14,1,0
BRDA:542,15,0,0
BRDA:542,15,1,0
BRDA:552,16,0,0
BRDA:552,16,1,0
BRDA:554,17,0,0
BRDA:554,17,1,0
BRDA:574,18,0,0
BRDA:574,18,1,0
BRDA:575,19,0,0
BRDA:575,19,1,0
BRDA:598,20,0,0
BRDA:598,20,1,0
BRDA:602,21,0,0
BRDA:602,21,1,0
BRDA:605,22,0,0
BRDA:605,22,1,0
BRF:45
BRH:0
end_of_record
TN:
SF:backend/checkData.js
FN:10,checkData
FN:17,(anonymous_1)
FN:28,(anonymous_2)
FNF:3
FNH:0
FNDA:0,checkData
FNDA:0,(anonymous_1)
FNDA:0,(anonymous_2)
DA:1,0
DA:2,0
DA:4,0
DA:11,0
DA:12,0
DA:15,0
DA:16,0
DA:17,0
DA:18,0
DA:22,0
DA:23,0
DA:26,0
DA:27,0
DA:28,0
DA:29,0
DA:33,0
DA:35,0
DA:39,0
LF:18
LH:0
BRDA:5,0,0,0
BRDA:5,0,1,0
BRF:2
BRH:0
end_of_record
TN:
SF:backend/check_auth_attempts.js
FN:12,checkAuthAttempts
FNF:1
FNH:0
FNDA:0,checkAuthAttempts
DA:1,0
DA:2,0
DA:4,0
DA:7,0
DA:13,0
DA:15,0
DA:22,0
DA:23,0
DA:26,0
DA:33,0
DA:34,0
DA:37,0
DA:39,0
DA:43,0
LF:14
LH:0
BRDA:4,0,0,0
BRDA:4,0,1,0
BRF:2
BRH:0
end_of_record
TN:
SF:backend/check_migration_status.js
FN:12,checkStatus
FNF:1
FNH:0
FNDA:0,checkStatus
DA:1,0
DA:2,0
DA:4,0
DA:7,0
DA:13,0
DA:15,0
DA:18,0
DA:21,0
DA:24,0
DA:27,0
DA:30,0
DA:33,0
DA:36,0
DA:37,0
DA:40,0
DA:43,0
DA:44,0
DA:47,0
DA:50,0
DA:53,0
DA:54,0
DA:55,0
DA:56,0
DA:57,0
DA:58,0
DA:60,0
DA:63,0
DA:65,0
DA:69,0
LF:29
LH:0
BRDA:4,0,0,0
BRDA:4,0,1,0
BRDA:58,1,0,0
BRDA:58,1,1,0
BRDA:58,2,0,0
BRDA:58,2,1,0
BRF:6
BRH:0
end_of_record
TN:
SF:backend/check_shapes_columns.js
FN:12,checkShapesColumns
FNF:1
FNH:0
FNDA:0,checkShapesColumns
DA:1,0
DA:2,0
DA:4,0
DA:7,0
DA:13,0
DA:14,0
DA:21,0
DA:22,0
DA:25,0
DA:27,0
DA:31,0
LF:11
LH:0
BRDA:4,0,0,0
BRDA:4,0,1,0
BRF:2
BRH:0
end_of_record
TN:
SF:backend/check_tables.js
FN:12,checkTables
FNF:1
FNH:0
FNDA:0,checkTables
DA:1,0
DA:2,0
DA:4,0
DA:7,0
DA:13,0
DA:14,0
DA:21,0
DA:22,0
DA:25,0
DA:33,0
DA:34,0
DA:37,0
DA:39,0
DA:43,0
LF:14
LH:0
BRDA:4,0,0,0
BRDA:4,0,1,0
BRF:2
BRH:0
end_of_record
TN:
SF:backend/clean_training_data.js
FN:19,isCorrupted
FN:48,(anonymous_1)
FN:94,processFile
FN:119,(anonymous_3)
FN:153,cleanTrainingData
FN:174,(anonymous_5)
FN:216,(anonymous_6)
FNF:7
FNH:0
FNDA:0,isCorrupted
FNDA:0,(anonymous_1)
FNDA:0,processFile
FNDA:0,(anonymous_3)
FNDA:0,cleanTrainingData
FNDA:0,(anonymous_5)
FNDA:0,(anonymous_6)
DA:1,0
DA:2,0
DA:5,0
DA:6,0
DA:7,0
DA:10,0
DA:20,0
DA:22,0
DA:23,0
DA:24,0
DA:28,0
DA:31,0
DA:33,0
DA:41,0
DA:45,0
DA:46,0
DA:48,0
DA:49,0
DA:50,0
DA:51,0
DA:52,0
DA:53,0
DA:57,0
DA:58,0
DA:60,0
DA:61,0
DA:62,0
DA:66,0
DA:67,0
DA:68,0
DA:71,0
DA:72,0
DA:73,0
DA:76,0
DA:77,0
DA:78,0
DA:81,0
DA:82,0
DA:83,0
DA:86,0
DA:88,0
DA:89,0
DA:95,0
DA:96,0
DA:98,0
DA:100,0
DA:103,0
DA:104,0
DA:106,0
DA:107,0
DA:110,0
DA:111,0
DA:112,0
DA:116,0
DA:117,0
DA:119,0
DA:120,0
DA:122,0
DA:123,0
DA:125,0
DA:126,0
DA:131,0
DA:132,0
DA:133,0
DA:135,0
DA:136,0
DA:139,0
DA:147,0
DA:148,0
DA:154,0
DA:155,0
DA:156,0
DA:158,0
DA:160,0
DA:161,0
DA:163,0
DA:164,0
DA:165,0
DA:169,0
DA:170,0
DA:173,0
DA:174,0
DA:176,0
DA:177,0
DA:178,0
DA:181,0
DA:184,0
DA:185,0
DA:186,0
DA:187,0
DA:188,0
DA:189,0
DA:193,0
DA:194,0
DA:195,0
DA:196,0
DA:198,0
DA:199,0
DA:200,0
DA:201,0
DA:202,0
DA:203,0
DA:204,0
DA:208,0
DA:209,0
DA:210,0
DA:211,0
DA:212,0
DA:213,0
DA:215,0
DA:216,0
DA:217,0
DA:218,0
DA:220,0
DA:224,0
DA:225,0
DA:226,0
DA:227,0
DA:228,0
DA:231,0
DA:236,0
DA:237,0
DA:240,0
LF:123
LH:0
BRDA:22,0,0,0
BRDA:22,0,1,0
BRDA:31,1,0,0
BRDA:31,1,1,0
BRDA:31,2,0,0
BRDA:31,2,1,0
BRDA:34,3,0,0
BRDA:34,3,1,0
BRDA:35,4,0,0
BRDA:35,4,1,0
BRDA:36,5,0,0
BRDA:36,5,1,0
BRDA:37,6,0,0
BRDA:37,6,1,0
BRDA:50,7,0,0
BRDA:50,7,1,0
BRDA:50,8,0,0
BRDA:50,8,1,0
BRDA:52,9,0,0
BRDA:52,9,1,0
BRDA:52,10,0,0
BRDA:52,10,1,0
BRDA:60,11,0,0
BRDA:60,11,1,0
BRDA:66,12,0,0
BRDA:66,12,1,0
BRDA:66,13,0,0
BRDA:66,13,1,0
BRDA:71,14,0,0
BRDA:71,14,1,0
BRDA:76,15,0,0
BRDA:76,15,1,0
BRDA:76,16,0,0
BRDA:76,16,1,0
BRDA:81,17,0,0
BRDA:81,17,1,0
BRDA:81,18,0,0
BRDA:81,18,1,0
BRDA:110,19,0,0
BRDA:110,19,1,0
BRDA:120,20,0,0
BRDA:120,20,1,0
BRDA:120,21,0,0
BRDA:120,21,1,0
BRDA:122,22,0,0
BRDA:122,22,1,0
BRDA:131,23,0,0
BRDA:131,23,1,0
BRDA:174,24,0,0
BRDA:174,24,1,0
BRDA:176,25,0,0
BRDA:176,25,1,0
BRDA:202,26,0,0
BRDA:202,26,1,0
BRDA:203,27,0,0
BRDA:203,27,1,0
BRDA:204,28,0,0
BRDA:204,28,1,0
BRDA:217,29,0,0
BRDA:217,29,1,0
BRDA:236,30,0,0
BRDA:236,30,1,0
BRF:62
BRH:0
end_of_record
TN:
SF:backend/component-specific-features.js
FN:12,(anonymous_0)
FN:25,(anonymous_1)
FN:45,(anonymous_2)
FN:52,(anonymous_3)
FN:71,(anonymous_4)
FN:103,(anonymous_5)
FN:138,(anonymous_6)
FN:163,(anonymous_7)
FN:202,(anonymous_8)
FN:235,(anonymous_9)
FN:250,(anonymous_10)
FN:253,(anonymous_11)
FN:259,(anonymous_12)
FN:267,(anonymous_13)
FN:295,(anonymous_14)
FN:301,(anonymous_15)
FN:334,(anonymous_16)
FN:359,(anonymous_17)
FN:362,(anonymous_18)
FN:382,(anonymous_19)
FN:383,(anonymous_20)
FN:389,(anonymous_21)
FN:411,(anonymous_22)
FN:417,(anonymous_23)
FN:430,(anonymous_24)
FN:446,(anonymous_25)
FN:457,(anonymous_26)
FN:458,(anonymous_27)
FN:463,(anonymous_28)
FN:483,(anonymous_29)
FN:488,(anonymous_30)
FN:499,(anonymous_31)
FN:512,(anonymous_32)
FN:522,(anonymous_33)
FN:526,(anonymous_34)
FN:530,(anonymous_35)
FN:546,(anonymous_36)
FN:553,(anonymous_37)
FN:589,(anonymous_38)
FN:590,(anonymous_39)
FN:595,(anonymous_40)
FN:621,(anonymous_41)
FN:643,(anonymous_42)
FN:657,(anonymous_43)
FN:658,(anonymous_44)
FN:671,(anonymous_45)
FN:675,(anonymous_46)
FN:682,(anonymous_47)
FN:685,(anonymous_48)
FN:691,(anonymous_49)
FN:708,(anonymous_50)
FN:717,(anonymous_51)
FN:718,(anonymous_52)
FN:721,(anonymous_53)
FN:727,(anonymous_54)
FN:728,(anonymous_55)
FN:733,(anonymous_56)
FN:742,(anonymous_57)
FN:743,(anonymous_58)
FN:764,(anonymous_59)
FN:765,(anonymous_60)
FN:771,(anonymous_61)
FN:775,(anonymous_62)
FN:793,(anonymous_63)
FN:816,(anonymous_64)
FN:821,(anonymous_65)
FN:844,(anonymous_66)
FN:858,(anonymous_67)
FN:864,(anonymous_68)
FN:903,(anonymous_69)
FN:919,(anonymous_70)
FN:920,(anonymous_71)
FN:921,(anonymous_72)
FN:925,(anonymous_73)
FN:933,(anonymous_74)
FN:942,(anonymous_75)
FN:973,(anonymous_76)
FN:1007,(anonymous_77)
FN:1023,(anonymous_78)
FN:1035,(anonymous_79)
FN:1051,(anonymous_80)
FN:1054,(anonymous_81)
FN:1067,(anonymous_82)
FN:1068,(anonymous_83)
FN:1073,(anonymous_84)
FN:1076,(anonymous_85)
FN:1077,(anonymous_86)
FN:1086,(anonymous_87)
FN:1087,(anonymous_88)
FN:1092,(anonymous_89)
FN:1096,(anonymous_90)
FN:1107,(anonymous_91)
FN:1112,(anonymous_92)
FN:1113,(anonymous_93)
FN:1127,(anonymous_94)
FN:1137,(anonymous_95)
FN:1148,(anonymous_96)
FN:1157,(anonymous_97)
FN:1162,(anonymous_98)
FN:1178,(anonymous_99)
FN:1183,(anonymous_100)
FN:1184,(anonymous_101)
FNF:102
FNH:0
FNDA:0,(anonymous_0)
FNDA:0,(anonymous_1)
FNDA:0,(anonymous_2)
FNDA:0,(anonymous_3)
FNDA:0,(anonymous_4)
FNDA:0,(anonymous_5)
FNDA:0,(anonymous_6)
FNDA:0,(anonymous_7)
FNDA:0,(anonymous_8)
FNDA:0,(anonymous_9)
FNDA:0,(anonymous_10)
FNDA:0,(anonymous_11)
FNDA:0,(anonymous_12)
FNDA:0,(anonymous_13)
FNDA:0,(anonymous_14)
FNDA:0,(anonymous_15)
FNDA:0,(anonymous_16)
FNDA:0,(anonymous_17)
FNDA:0,(anonymous_18)
FNDA:0,(anonymous_19)
FNDA:0,(anonymous_20)
FNDA:0,(anonymous_21)
FNDA:0,(anonymous_22)
FNDA:0,(anonymous_23)
FNDA:0,(anonymous_24)
FNDA:0,(anonymous_25)
FNDA:0,(anonymous_26)
FNDA:0,(anonymous_27)
FNDA:0,(anonymous_28)
FNDA:0,(anonymous_29)
FNDA:0,(anonymous_30)
FNDA:0,(anonymous_31)
FNDA:0,(anonymous_32)
FNDA:0,(anonymous_33)
FNDA:0,(anonymous_34)
FNDA:0,(anonymous_35)
FNDA:0,(anonymous_36)
FNDA:0,(anonymous_37)
FNDA:0,(anonymous_38)
FNDA:0,(anonymous_39)
FNDA:0,(anonymous_40)
FNDA:0,(anonymous_41)
FNDA:0,(anonymous_42)
FNDA:0,(anonymous_43)
FNDA:0,(anonymous_44)
FNDA:0,(anonymous_45)
FNDA:0,(anonymous_46)
FNDA:0,(anonymous_47)
FNDA:0,(anonymous_48)
FNDA:0,(anonymous_49)
FNDA:0,(anonymous_50)
FNDA:0,(anonymous_51)
FNDA:0,(anonymous_52)
FNDA:0,(anonymous_53)
FNDA:0,(anonymous_54)
FNDA:0,(anonymous_55)
FNDA:0,(anonymous_56)
FNDA:0,(anonymous_57)
FNDA:0,(anonymous_58)
FNDA:0,(anonymous_59)
FNDA:0,(anonymous_60)
FNDA:0,(anonymous_61)
FNDA:0,(anonymous_62)
FNDA:0,(anonymous_63)
FNDA:0,(anonymous_64)
FNDA:0,(anonymous_65)
FNDA:0,(anonymous_66)
FNDA:0,(anonymous_67)
FNDA:0,(anonymous_68)
FNDA:0,(anonymous_69)
FNDA:0,(anonymous_70)
FNDA:0,(anonymous_71)
FNDA:0,(anonymous_72)
FNDA:0,(anonymous_73)
FNDA:0,(anonymous_74)
FNDA:0,(anonymous_75)
FNDA:0,(anonymous_76)
FNDA:0,(anonymous_77)
FNDA:0,(anonymous_78)
FNDA:0,(anonymous_79)
FNDA:0,(anonymous_80)
FNDA:0,(anonymous_81)
FNDA:0,(anonymous_82)
FNDA:0,(anonymous_83)
FNDA:0,(anonymous_84)
FNDA:0,(anonymous_85)
FNDA:0,(anonymous_86)
FNDA:0,(anonymous_87)
FNDA:0,(anonymous_88)
FNDA:0,(anonymous_89)
FNDA:0,(anonymous_90)
FNDA:0,(anonymous_91)
FNDA:0,(anonymous_92)
FNDA:0,(anonymous_93)
FNDA:0,(anonymous_94)
FNDA:0,(anonymous_95)
FNDA:0,(anonymous_96)
FNDA:0,(anonymous_97)
FNDA:0,(anonymous_98)
FNDA:0,(anonymous_99)
FNDA:0,(anonymous_100)
FNDA:0,(anonymous_101)
DA:7,0
DA:13,0
DA:14,0
DA:18,0
DA:19,0
DA:23,0
DA:25,0
DA:26,0
DA:27,0
DA:28,0
DA:29,0
DA:30,0
DA:35,0
DA:36,0
DA:39,0
DA:46,0
DA:47,0
DA:50,0
DA:52,0
DA:53,0
DA:54,0
DA:55,0
DA:56,0
DA:57,0
DA:61,0
DA:62,0
DA:65,0
DA:72,0
DA:74,0
DA:76,0
DA:77,0
DA:78,0
DA:79,0
DA:80,0
DA:83,0
DA:84,0
DA:85,0
DA:86,0
DA:87,0
DA:90,0
DA:91,0
DA:92,0
DA:93,0
DA:94,0
DA:97,0
DA:104,0
DA:112,0
DA:114,0
DA:115,0
DA:116,0
DA:119,0
DA:120,0
DA:121,0
DA:124,0
DA:125,0
DA:126,0
DA:129,0
DA:130,0
DA:131,0
DA:134,0
DA:139,0
DA:141,0
DA:142,0
DA:143,0
DA:146,0
DA:147,0
DA:148,0
DA:151,0
DA:152,0
DA:153,0
DA:156,0
DA:157,0
DA:160,0
DA:164,0
DA:166,0
DA:167,0
DA:168,0
DA:171,0
DA:172,0
DA:173,0
DA:176,0
DA:179,0
DA:183,0
DA:189,0
DA:190,0
DA:196,0
DA:199,0
DA:203,0
DA:205,0
DA:206,0
DA:208,0
DA:209,0
DA:211,0
DA:214,0
DA:215,0
DA:219,0
DA:224,0
DA:225,0
DA:227,0
DA:231,0
DA:232,0
DA:236,0
DA:238,0
DA:239,0
DA:241,0
DA:242,0
DA:245,0
DA:246,0
DA:247,0
DA:250,0
DA:251,0
DA:253,0
DA:256,0
DA:259,0
DA:260,0
DA:263,0
DA:268,0
DA:270,0
DA:271,0
DA:272,0
DA:275,0
DA:276,0
DA:279,0
DA:280,0
DA:281,0
DA:282,0
DA:291,0
DA:294,0
DA:295,0
DA:298,0
DA:302,0
DA:304,0
DA:305,0
DA:306,0
DA:309,0
DA:310,0
DA:311,0
DA:314,0
DA:315,0
DA:316,0
DA:319,0
DA:320,0
DA:321,0
DA:324,0
DA:325,0
DA:327,0
DA:331,0
DA:335,0
DA:337,0
DA:338,0
DA:341,0
DA:342,0
DA:343,0
DA:345,0
DA:346,0
DA:347,0
DA:349,0
DA:356,0
DA:359,0
DA:363,0
DA:366,0
DA:367,0
DA:370,0
DA:371,0
DA:373,0
DA:374,0
DA:375,0
DA:376,0
DA:377,0
DA:378,0
DA:382,0
DA:383,0
DA:385,0
DA:390,0
DA:392,0
DA:393,0
DA:396,0
DA:397,0
DA:398,0
DA:399,0
DA:400,0
DA:402,0
DA:407,0
DA:411,0
DA:412,0
DA:414,0
DA:418,0
DA:421,0
DA:422,0
DA:425,0
DA:426,0
DA:428,0
DA:430,0
DA:431,0
DA:433,0
DA:434,0
DA:435,0
DA:436,0
DA:437,0
DA:442,0
DA:443,0
DA:446,0
DA:449,0
DA:450,0
DA:453,0
DA:457,0
DA:458,0
DA:460,0
DA:464,0
DA:467,0
DA:468,0
DA:471,0
DA:472,0
DA:474,0
DA:475,0
DA:476,0
DA:477,0
DA:478,0
DA:479,0
DA:483,0
DA:484,0
DA:488,0
DA:491,0
DA:492,0
DA:496,0
DA:500,0
DA:503,0
DA:504,0
DA:507,0
DA:508,0
DA:510,0
DA:512,0
DA:514,0
DA:515,0
DA:517,0
DA:518,0
DA:522,0
DA:527,0
DA:530,0
DA:531,0
DA:532,0
DA:533,0
DA:535,0
DA:545,0
DA:546,0
DA:547,0
DA:550,0
DA:554,0
DA:556,0
DA:559,0
DA:560,0
DA:561,0
DA:562,0
DA:564,0
DA:565,0
DA:566,0
DA:567,0
DA:568,0
DA:569,0
DA:571,0
DA:576,0
DA:578,0
DA:587,0
DA:589,0
DA:590,0
DA:592,0
DA:597,0
DA:604,0
DA:605,0
DA:607,0
DA:610,0
DA:611,0
DA:612,0
DA:614,0
DA:615,0
DA:618,0
DA:622,0
DA:625,0
DA:634,0
DA:639,0
DA:644,0
DA:647,0
DA:648,0
DA:649,0
DA:650,0
DA:651,0
DA:653,0
DA:656,0
DA:657,0
DA:658,0
DA:659,0
DA:660,0
DA:665,0
DA:666,0
DA:668,0
DA:672,0
DA:675,0
DA:676,0
DA:677,0
DA:682,0
DA:685,0
DA:686,0
DA:688,0
DA:691,0
DA:694,0
DA:695,0
DA:697,0
DA:699,0
DA:701,0
DA:704,0
DA:709,0
DA:711,0
DA:712,0
DA:714,0
DA:717,0
DA:718,0
DA:721,0
DA:722,0
DA:723,0
DA:727,0
DA:728,0
DA:730,0
DA:734,0
DA:736,0
DA:737,0
DA:739,0
DA:742,0
DA:743,0
DA:746,0
DA:747,0
DA:748,0
DA:749,0
DA:751,0
DA:752,0
DA:754,0
DA:755,0
DA:757,0
DA:761,0
DA:764,0
DA:765,0
DA:767,0
DA:772,0
DA:775,0
DA:776,0
DA:777,0
DA:778,0
DA:779,0
DA:780,0
DA:784,0
DA:785,0
DA:788,0
DA:790,0
DA:794,0
DA:797,0
DA:798,0
DA:799,0
DA:800,0
DA:801,0
DA:803,0
DA:804,0
DA:807,0
DA:808,0
DA:810,0
DA:812,0
DA:817,0
DA:820,0
DA:821,0
DA:822,0
DA:823,0
DA:827,0
DA:832,0
DA:833,0
DA:834,0
DA:835,0
DA:836,0
DA:840,0
DA:844,0
DA:845,0
DA:846,0
DA:847,0
DA:851,0
DA:855,0
DA:859,0
DA:862,0
DA:864,0
DA:865,0
DA:866,0
DA:868,0
DA:877,0
DA:880,0
DA:881,0
DA:882,0
DA:883,0
DA:884,0
DA:887,0
DA:890,0
DA:891,0
DA:892,0
DA:893,0
DA:894,0
DA:897,0
DA:899,0
DA:904,0
DA:906,0
DA:907,0
DA:908,0
DA:910,0
DA:911,0
DA:913,0
DA:914,0
DA:916,0
DA:920,0
DA:921,0
DA:922,0
DA:926,0
DA:929,0
DA:930,0
DA:932,0
DA:933,0
DA:935,0
DA:936,0
DA:939,0
DA:943,0
DA:944,0
DA:945,0
DA:946,0
DA:948,0
DA:949,0
DA:950,0
DA:952,0
DA:956,0
DA:957,0
DA:958,0
DA:959,0
DA:960,0
DA:961,0
DA:963,0
DA:964,0
DA:967,0
DA:968,0
DA:970,0
DA:974,0
DA:975,0
DA:977,0
DA:978,0
DA:980,0
DA:982,0
DA:983,0
DA:984,0
DA:985,0
DA:986,0
DA:987,0
DA:988,0
DA:993,0
DA:994,0
DA:1004,0
DA:1008,0
DA:1009,0
DA:1010,0
DA:1012,0
DA:1013,0
DA:1017,0
DA:1020,0
DA:1024,0
DA:1025,0
DA:1026,0
DA:1027,0
DA:1029,0
DA:1030,0
DA:1032,0
DA:1036,0
DA:1038,0
DA:1039,0
DA:1040,0
DA:1043,0
DA:1044,0
DA:1048,0
DA:1052,0
DA:1054,0
DA:1055,0
DA:1056,0
DA:1060,0
DA:1061,0
DA:1065,0
DA:1067,0
DA:1068,0
DA:1070,0
DA:1074,0
DA:1076,0
DA:1077,0
DA:1078,0
DA:1079,0
DA:1084,0
DA:1086,0
DA:1087,0
DA:1089,0
DA:1093,0
DA:1094,0
DA:1096,0
DA:1097,0
DA:1098,0
DA:1099,0
DA:1100,0
DA:1104,0
DA:1108,0
DA:1111,0
DA:1112,0
DA:1113,0
DA:1114,0
DA:1115,0
DA:1116,0
DA:1117,0
DA:1121,0
DA:1122,0
DA:1123,0
DA:1126,0
DA:1127,0
DA:1128,0
DA:1129,0
DA:1130,0
DA:1131,0
DA:1134,0
DA:1139,0
DA:1140,0
DA:1143,0
DA:1146,0
DA:1147,0
DA:1148,0
DA:1149,0
DA:1152,0
DA:1154,0
DA:1159,0
DA:1160,0
DA:1162,0
DA:1163,0
DA:1164,0
DA:1165,0
DA:1168,0
DA:1169,0
DA:1170,0
DA:1175,0
DA:1180,0
DA:1181,0
DA:1183,0
DA:1184,0
DA:1185,0
DA:1186,0
DA:1187,0
DA:1191,0
DA:1192,0
DA:1195,0
DA:1196,0
DA:1197,0
DA:1198,0
DA:1202,0
LF:555
LH:0
BRDA:13,0,0,0
BRDA:13,0,1,0
BRDA:13,1,0,0
BRDA:13,1,1,0
BRDA:13,1,2,0
BRDA:13,1,3,0
BRDA:18,2,0,0
BRDA:18,2,1,0
BRDA:18,3,0,0
BRDA:18,3,1,0
BRDA:26,4,0,0
BRDA:26,4,1,0
BRDA:26,5,0,0
BRDA:26,5,1,0
BRDA:26,5,2,0
BRDA:35,6,0,0
BRDA:35,6,1,0
BRDA:46,7,0,0
BRDA:46,7,1,0
BRDA:46,8,0,0
BRDA:46,8,1,0
BRDA:46,8,2,0
BRDA:61,9,0,0
BRDA:61,9,1,0
BRDA:74,10,0,0
BRDA:74,10,1,0
BRDA:74,10,2,0
BRDA:112,11,0,0
BRDA:112,11,1,0
BRDA:112,11,2,0
BRDA:112,11,3,0
BRDA:139,12,0,0
BRDA:139,12,1,0
BRDA:139,13,0,0
BRDA:139,13,1,0
BRDA:142,14,0,0
BRDA:142,14,1,0
BRDA:142,15,0,0
BRDA:142,15,1,0
BRDA:142,15,2,0
BRDA:142,15,3,0
BRDA:147,16,0,0
BRDA:147,16,1,0
BRDA:147,17,0,0
BRDA:147,17,1,0
BRDA:147,17,2,0
BRDA:164,18,0,0
BRDA:164,18,1,0
BRDA:164,19,0,0
BRDA:164,19,1,0
BRDA:167,20,0,0
BRDA:167,20,1,0
BRDA:167,21,0,0
BRDA:167,21,1,0
BRDA:167,21,2,0
BRDA:167,21,3,0
BRDA:176,22,0,0
BRDA:176,22,1,0
BRDA:176,23,0,0
BRDA:176,23,1,0
BRDA:176,23,2,0
BRDA:176,23,3,0
BRDA:176,23,4,0
BRDA:176,23,5,0
BRDA:196,24,0,0
BRDA:196,24,1,0
BRDA:203,25,0,0
BRDA:203,25,1,0
BRDA:203,26,0,0
BRDA:203,26,1,0
BRDA:206,27,0,0
BRDA:206,27,1,0
BRDA:206,28,0,0
BRDA:206,28,1,0
BRDA:206,28,2,0
BRDA:209,29,0,0
BRDA:209,29,1,0
BRDA:225,30,0,0
BRDA:225,30,1,0
BRDA:232,31,0,0
BRDA:232,31,1,0
BRDA:236,32,0,0
BRDA:236,32,1,0
BRDA:236,33,0,0
BRDA:236,33,1,0
BRDA:239,34,0,0
BRDA:239,34,1,0
BRDA:239,35,0,0
BRDA:239,35,1,0
BRDA:239,35,2,0
BRDA:242,36,0,0
BRDA:242,36,1,0
BRDA:256,37,0,0
BRDA:256,37,1,0
BRDA:268,38,0,0
BRDA:268,38,1,0
BRDA:268,39,0,0
BRDA:268,39,1,0
BRDA:271,40,0,0
BRDA:271,40,1,0
BRDA:271,41,0,0
BRDA:271,41,1,0
BRDA:271,41,2,0
BRDA:271,41,3,0
BRDA:281,42,0,0
BRDA:281,42,1,0
BRDA:285,43,0,0
BRDA:285,43,1,0
BRDA:291,44,0,0
BRDA:291,44,1,0
BRDA:302,45,0,0
BRDA:302,45,1,0
BRDA:302,46,0,0
BRDA:302,46,1,0
BRDA:305,47,0,0
BRDA:305,47,1,0
BRDA:305,48,0,0
BRDA:305,48,1,0
BRDA:305,48,2,0
BRDA:305,48,3,0
BRDA:319,49,0,0
BRDA:319,49,1,0
BRDA:319,50,0,0
BRDA:319,50,1,0
BRDA:320,51,0,0
BRDA:320,51,1,0
BRDA:331,52,0,0
BRDA:331,52,1,0
BRDA:335,53,0,0
BRDA:335,53,1,0
BRDA:335,54,0,0
BRDA:335,54,1,0
BRDA:343,55,0,0
BRDA:343,55,1,0
BRDA:345,56,0,0
BRDA:345,56,1,0
BRDA:345,57,0,0
BRDA:345,57,1,0
BRDA:346,58,0,0
BRDA:346,58,1,0
BRDA:347,59,0,0
BRDA:347,59,1,0
BRDA:347,60,0,0
BRDA:347,60,1,0
BRDA:356,61,0,0
BRDA:356,61,1,0
BRDA:363,62,0,0
BRDA:363,62,1,0
BRDA:363,63,0,0
BRDA:363,63,1,0
BRDA:366,64,0,0
BRDA:366,64,1,0
BRDA:366,65,0,0
BRDA:366,65,1,0
BRDA:366,65,2,0
BRDA:366,65,3,0
BRDA:371,66,0,0
BRDA:371,66,1,0
BRDA:390,67,0,0
BRDA:390,67,1,0
BRDA:390,68,0,0
BRDA:390,68,1,0
BRDA:393,69,0,0
BRDA:393,69,1,0
BRDA:418,70,0,0
BRDA:418,70,1,0
BRDA:418,71,0,0
BRDA:418,71,1,0
BRDA:421,72,0,0
BRDA:421,72,1,0
BRDA:421,73,0,0
BRDA:421,73,1,0
BRDA:421,73,2,0
BRDA:421,73,3,0
BRDA:428,74,0,0
BRDA:428,74,1,0
BRDA:431,75,0,0
BRDA:431,75,1,0
BRDA:436,76,0,0
BRDA:436,76,1,0
BRDA:436,77,0,0
BRDA:436,77,1,0
BRDA:436,77,2,0
BRDA:437,78,0,0
BRDA:437,78,1,0
BRDA:442,79,0,0
BRDA:442,79,1,0
BRDA:449,80,0,0
BRDA:449,80,1,0
BRDA:464,81,0,0
BRDA:464,81,1,0
BRDA:464,82,0,0
BRDA:464,82,1,0
BRDA:467,83,0,0
BRDA:467,83,1,0
BRDA:467,84,0,0
BRDA:467,84,1,0
BRDA:467,84,2,0
BRDA:467,84,3,0
BRDA:472,85,0,0
BRDA:472,85,1,0
BRDA:483,86,0,0
BRDA:483,86,1,0
BRDA:491,87,0,0
BRDA:491,87,1,0
BRDA:491,88,0,0
BRDA:491,88,1,0
BRDA:500,89,0,0
BRDA:500,89,1,0
BRDA:500,90,0,0
BRDA:500,90,1,0
BRDA:503,91,0,0
BRDA:503,91,1,0
BRDA:503,92,0,0
BRDA:503,92,1,0
BRDA:503,92,2,0
BRDA:503,92,3,0
BRDA:510,93,0,0
BRDA:510,93,1,0
BRDA:515,94,0,0
BRDA:515,94,1,0
BRDA:515,95,0,0
BRDA:515,95,1,0
BRDA:527,96,0,0
BRDA:527,96,1,0
BRDA:527,97,0,0
BRDA:527,97,1,0
BRDA:540,98,0,0
BRDA:540,98,1,0
BRDA:554,99,0,0
BRDA:554,99,1,0
BRDA:554,100,0,0
BRDA:554,100,1,0
BRDA:587,101,0,0
BRDA:587,101,1,0
BRDA:605,102,0,0
BRDA:605,102,1,0
BRDA:611,103,0,0
BRDA:611,103,1,0
BRDA:611,104,0,0
BRDA:611,104,1,0
BRDA:622,105,0,0
BRDA:622,105,1,0
BRDA:622,106,0,0
BRDA:622,106,1,0
BRDA:644,107,0,0
BRDA:644,107,1,0
BRDA:644,108,0,0
BRDA:644,108,1,0
BRDA:659,109,0,0
BRDA:659,109,1,0
BRDA:672,110,0,0
BRDA:672,110,1,0
BRDA:672,111,0,0
BRDA:672,111,1,0
BRDA:688,112,0,0
BRDA:688,112,1,0
BRDA:695,113,0,0
BRDA:695,113,1,0
BRDA:697,114,0,0
BRDA:697,114,1,0
BRDA:699,115,0,0
BRDA:699,115,1,0
BRDA:709,116,0,0
BRDA:709,116,1,0
BRDA:709,117,0,0
BRDA:709,117,1,0
BRDA:714,118,0,0
BRDA:714,118,1,0
BRDA:734,119,0,0
BRDA:734,119,1,0
BRDA:734,120,0,0
BRDA:734,120,1,0
BRDA:739,121,0,0
BRDA:739,121,1,0
BRDA:755,122,0,0
BRDA:755,122,1,0
BRDA:772,123,0,0
BRDA:772,123,1,0
BRDA:772,124,0,0
BRDA:772,124,1,0
BRDA:794,125,0,0
BRDA:794,125,1,0
BRDA:794,126,0,0
BRDA:794,126,1,0
BRDA:817,127,0,0
BRDA:817,127,1,0
BRDA:817,128,0,0
BRDA:817,128,1,0
BRDA:859,129,0,0
BRDA:859,129,1,0
BRDA:859,130,0,0
BRDA:859,130,1,0
BRDA:882,131,0,0
BRDA:882,131,1,0
BRDA:887,132,0,0
BRDA:887,132,1,0
BRDA:892,133,0,0
BRDA:892,133,1,0
BRDA:897,134,0,0
BRDA:897,134,1,0
BRDA:904,135,0,0
BRDA:904,135,1,0
BRDA:904,136,0,0
BRDA:904,136,1,0
BRDA:914,137,0,0
BRDA:914,137,1,0
BRDA:926,138,0,0
BRDA:926,138,1,0
BRDA:952,139,0,0
BRDA:952,139,1,0
BRDA:956,140,0,0
BRDA:956,140,1,0
BRDA:959,141,0,0
BRDA:959,141,1,0
BRDA:980,142,0,0
BRDA:980,142,1,0
BRDA:984,143,0,0
BRDA:984,143,1,0
BRDA:984,144,0,0
BRDA:984,144,1,0
BRDA:984,144,2,0
BRDA:986,145,0,0
BRDA:986,145,1,0
BRDA:993,146,0,0
BRDA:993,146,1,0
BRDA:1036,147,0,0
BRDA:1036,147,1,0
BRDA:1036,148,0,0
BRDA:1036,148,1,0
BRDA:1048,149,0,0
BRDA:1048,149,1,0
BRDA:1060,150,0,0
BRDA:1060,150,1,0
BRDA:1065,151,0,0
BRDA:1065,151,1,0
BRDA:1078,152,0,0
BRDA:1078,152,1,0
BRDA:1084,153,0,0
BRDA:1084,153,1,0
BRDA:1104,154,0,0
BRDA:1104,154,1,0
BRDA:1108,155,0,0
BRDA:1108,155,1,0
BRDA:1134,156,0,0
BRDA:1134,156,1,0
BRDA:1143,157,0,0
BRDA:1143,157,1,0
BRDA:1143,158,0,0
BRDA:1143,158,1,0
BRDA:1149,159,0,0
BRDA:1149,159,1,0
BRDA:1168,160,0,0
BRDA:1168,160,1,0
BRDA:1175,161,0,0
BRDA:1175,161,1,0
BRDA:1195,162,0,0
BRDA:1195,162,1,0
BRDA:1195,163,0,0
BRDA:1195,163,1,0
BRDA:1196,164,0,0
BRDA:1196,164,1,0
BRDA:1196,165,0,0
BRDA:1196,165,1,0
BRDA:1197,166,0,0
BRDA:1197,166,1,0
BRDA:1197,167,0,0
BRDA:1197,167,1,0
BRF:368
BRH:0
end_of_record
TN:
SF:backend/comprehensiveVelocityFix.js
FN:10,comprehensiveVelocityFix
FN:98,(anonymous_1)
FN:133,(anonymous_2)
FNF:3
FNH:0
FNDA:0,comprehensiveVelocityFix
FNDA:0,(anonymous_1)
FNDA:0,(anonymous_2)
DA:1,0
DA:2,0
DA:4,0
DA:11,0
DA:12,0
DA:15,0
DA:28,0
DA:29,0
DA:30,0
DA:31,0
DA:32,0
DA:33,0
DA:34,0
DA:35,0
DA:38,0
DA:46,0
DA:48,0
DA:49,0
DA:50,0
DA:52,0
DA:53,0
DA:54,0
DA:55,0
DA:58,0
DA:60,0
DA:61,0
DA:62,0
DA:63,0
DA:64,0
DA:65,0
DA:66,0
DA:67,0
DA:70,0
DA:71,0
DA:72,0
DA:73,0
DA:74,0
DA:77,0
DA:78,0
DA:83,0
DA:92,0
DA:93,0
DA:96,0
DA:97,0
DA:98,0
DA:99,0
DA:104,0
DA:113,0
DA:114,0
DA:115,0
DA:116,0
DA:117,0
DA:120,0
DA:131,0
DA:132,0
DA:133,0
DA:134,0
DA:139,0
DA:141,0
DA:146,0
DA:149,0
DA:150,0
LF:62
LH:0
BRDA:5,0,0,0
BRDA:5,0,1,0
BRDA:58,1,0,0
BRDA:58,1,1,0
BRDA:67,2,0,0
BRDA:67,2,1,0
BRDA:67,3,0,0
BRDA:67,3,1,0
BRDA:77,4,0,0
BRDA:77,4,1,0
BRDA:96,5,0,0
BRDA:96,5,1,0
BRDA:131,6,0,0
BRDA:131,6,1,0
BRDA:149,7,0,0
BRDA:149,7,1,0
BRF:16
BRH:0
end_of_record
TN:
SF:backend/create_backup.js
FN:4,createBackup
FNF:1
FNH:0
FNDA:0,createBackup
DA:1,0
DA:2,0
DA:5,0
DA:7,0
DA:8,0
DA:10,0
DA:12,0
DA:14,0
DA:21,0
DA:24,0
DA:25,0
DA:27,0
DA:28,0
DA:30,0
DA:33,0
DA:34,0
DA:36,0
DA:41,0
LF:18
LH:0
BRF:0
BRH:0
end_of_record
TN:
SF:backend/create_monitoring_views.js
FN:9,createViews
FN:169,(anonymous_1)
FN:180,(anonymous_2)
FN:184,(anonymous_3)
FNF:4
FNH:0
FNDA:0,createViews
FNDA:0,(anonymous_1)
FNDA:0,(anonymous_2)
FNDA:0,(anonymous_3)
DA:1,0
DA:4,0
DA:10,0
DA:12,0
DA:13,0
DA:16,0
DA:17,0
DA:37,0
DA:40,0
DA:41,0
DA:74,0
DA:77,0
DA:78,0
DA:100,0
DA:103,0
DA:104,0
DA:114,0
DA:117,0
DA:118,0
DA:131,0
DA:133,0
DA:136,0
DA:138,0
DA:146,0
DA:147,0
DA:148,0
DA:149,0
DA:150,0
DA:151,0
DA:154,0
DA:159,0
DA:160,0
DA:162,0
DA:167,0
DA:168,0
DA:170,0
DA:171,0
DA:181,0
DA:182,0
DA:185,0
DA:189,0
LF:41
LH:0
BRDA:150,0,0,0
BRDA:150,0,1,0
BRDA:167,1,0,0
BRDA:167,1,1,0
BRF:4
BRH:0
end_of_record
TN:
SF:backend/db.js
FN:22,(anonymous_0)
FNF:1
FNH:0
FNDA:0,(anonymous_0)
DA:1,0
DA:2,0
DA:4,0
DA:7,0
DA:22,0
DA:23,0
DA:24,0
DA:26,0
DA:27,0
DA:31,0
LF:10
LH:0
BRDA:13,0,0,0
BRDA:13,0,1,0
BRDA:23,1,0,0
BRDA:23,1,1,0
BRF:4
BRH:0
end_of_record
TN:
SF:backend/debug-shape-scores.js
FN:15,debugShapeScores
FN:32,(anonymous_1)
FN:76,(anonymous_2)
FN:135,(anonymous_3)
FN:157,(anonymous_4)
FN:164,(anonymous_5)
FN:178,(anonymous_6)
FNF:7
FNH:0
FNDA:0,debugShapeScores
FNDA:0,(anonymous_1)
FNDA:0,(anonymous_2)
FNDA:0,(anonymous_3)
FNDA:0,(anonymous_4)
FNDA:0,(anonymous_5)
FNDA:0,(anonymous_6)
DA:4,0
DA:5,0
DA:7,0
DA:16,0
DA:17,0
DA:20,0
DA:21,0
DA:29,0
DA:30,0
DA:32,0
DA:33,0
DA:34,0
DA:35,0
DA:36,0
DA:37,0
DA:40,0
DA:41,0
DA:42,0
DA:44,0
DA:45,0
DA:46,0
DA:48,0
DA:49,0
DA:50,0
DA:52,0
DA:56,0
DA:57,0
DA:73,0
DA:74,0
DA:76,0
DA:77,0
DA:78,0
DA:79,0
DA:80,0
DA:81,0
DA:82,0
DA:84,0
DA:85,0
DA:88,0
DA:89,0
DA:90,0
DA:91,0
DA:92,0
DA:94,0
DA:95,0
DA:97,0
DA:98,0
DA:102,0
DA:105,0
DA:106,0
DA:108,0
DA:112,0
DA:113,0
DA:132,0
DA:133,0
DA:135,0
DA:136,0
DA:137,0
DA:138,0
DA:139,0
DA:140,0
DA:141,0
DA:145,0
DA:146,0
DA:149,0
DA:151,0
DA:152,0
DA:154,0
DA:157,0
DA:158,0
DA:159,0
DA:163,0
DA:164,0
DA:165,0
DA:171,0
DA:172,0
DA:173,0
DA:175,0
DA:178,0
DA:179,0
DA:180,0
DA:181,0
DA:184,0
DA:185,0
DA:190,0
DA:191,0
DA:192,0
DA:193,0
DA:194,0
DA:195,0
DA:198,0
DA:200,0
DA:205,0
DA:206,0
LF:94
LH:0
BRDA:8,0,0,0
BRDA:8,0,1,0
BRDA:9,1,0,0
BRDA:9,1,1,0
BRDA:9,2,0,0
BRDA:9,2,1,0
BRDA:9,3,0,0
BRDA:9,3,1,0
BRDA:9,4,0,0
BRDA:9,4,1,0
BRDA:34,5,0,0
BRDA:34,5,1,0
BRDA:35,6,0,0
BRDA:35,6,1,0
BRDA:36,7,0,0
BRDA:36,7,1,0
BRDA:36,8,0,0
BRDA:36,8,1,0
BRDA:37,9,0,0
BRDA:37,9,1,0
BRDA:40,10,0,0
BRDA:40,10,1,0
BRDA:40,11,0,0
BRDA:40,11,1,0
BRDA:44,12,0,0
BRDA:44,12,1,0
BRDA:44,13,0,0
BRDA:44,13,1,0
BRDA:48,14,0,0
BRDA:48,14,1,0
BRDA:48,15,0,0
BRDA:48,15,1,0
BRDA:80,16,0,0
BRDA:80,16,1,0
BRDA:82,17,0,0
BRDA:82,17,1,0
BRDA:84,18,0,0
BRDA:84,18,1,0
BRDA:89,19,0,0
BRDA:89,19,1,0
BRDA:89,20,0,0
BRDA:89,20,1,0
BRDA:89,20,2,0
BRDA:91,21,0,0
BRDA:91,21,1,0
BRDA:94,22,0,0
BRDA:94,22,1,0
BRDA:97,23,0,0
BRDA:97,23,1,0
BRDA:105,24,0,0
BRDA:105,24,1,0
BRDA:106,25,0,0
BRDA:106,25,1,0
BRDA:138,26,0,0
BRDA:138,26,1,0
BRDA:151,27,0,0
BRDA:151,27,1,0
BRDA:157,28,0,0
BRDA:157,28,1,0
BRDA:158,29,0,0
BRDA:158,29,1,0
BRDA:163,30,0,0
BRDA:163,30,1,0
BRDA:165,31,0,0
BRDA:165,31,1,0
BRDA:165,31,2,0
BRDA:165,31,3,0
BRDA:171,32,0,0
BRDA:171,32,1,0
BRDA:179,33,0,0
BRDA:179,33,1,0
BRDA:181,34,0,0
BRDA:181,34,1,0
BRDA:181,34,2,0
BRDA:184,35,0,0
BRDA:184,35,1,0
BRF:76
BRH:0
end_of_record
TN:
SF:backend/drawingVerification.js
FN:4,distance
FN:9,angle
FN:17,extractKeyPoints
FN:25,(anonymous_3)
FN:28,(anonymous_4)
FN:49,compareFaceDrawings
FN:64,(anonymous_6)
FN:72,(anonymous_7)
FN:133,compareStarDrawings
FN:148,(anonymous_9)
FN:156,(anonymous_10)
FN:215,compareHouseDrawings
FN:224,(anonymous_12)
FN:232,(anonymous_13)
FN:274,compareConnectDotsDrawings
FN:283,(anonymous_15)
FN:291,(anonymous_16)
FN:335,normalizeStrokeData
FN:341,(anonymous_18)
FN:362,extractStrokeDataFromSignaturePad
FN:373,(anonymous_20)
FN:402,calculateBoundingBox
FN:406,(anonymous_22)
FN:420,detectFaceFeatures
FN:428,(anonymous_24)
FN:442,isCircularStroke
FN:451,isCurvedLine
FN:462,calculatePathLength
FN:470,compareFeatures
FN:481,detectStarPoints
FN:488,(anonymous_30)
FN:495,(anonymous_31)
FN:511,calculateCentroid
FN:512,(anonymous_33)
FN:523,calculateStarSymmetry
FN:527,(anonymous_35)
FN:528,(anonymous_36)
FN:529,(anonymous_37)
FN:534,calculateStarSize
FN:539,detectHouseComponents
FN:547,(anonymous_40)
FN:566,isTriangularShape
FN:584,isRectangularShape
FN:597,compareHouseComponents
FN:609,calculateHouseProportions
FN:618,compareProportions
FN:626,compareHouseStructure
FN:640,extractConnectPath
FN:643,(anonymous_48)
FN:652,comparePathOrder
FN:672,calculatePathEfficiency
FN:681,calculateOptimalPathLength
FN:690,comparePatternAccuracy
FN:706,normalizeShape
FN:712,(anonymous_54)
FN:719,debugDrawingData
FN:743,compareDrawings
FNF:57
FNH:0
FNDA:0,distance
FNDA:0,angle
FNDA:0,extractKeyPoints
FNDA:0,(anonymous_3)
FNDA:0,(anonymous_4)
FNDA:0,compareFaceDrawings
FNDA:0,(anonymous_6)
FNDA:0,(anonymous_7)
FNDA:0,compareStarDrawings
FNDA:0,(anonymous_9)
FNDA:0,(anonymous_10)
FNDA:0,compareHouseDrawings
FNDA:0,(anonymous_12)
FNDA:0,(anonymous_13)
FNDA:0,compareConnectDotsDrawings
FNDA:0,(anonymous_15)
FNDA:0,(anonymous_16)
FNDA:0,normalizeStrokeData
FNDA:0,(anonymous_18)
FNDA:0,extractStrokeDataFromSignaturePad
FNDA:0,(anonymous_20)
FNDA:0,calculateBoundingBox
FNDA:0,(anonymous_22)
FNDA:0,detectFaceFeatures
FNDA:0,(anonymous_24)
FNDA:0,isCircularStroke
FNDA:0,isCurvedLine
FNDA:0,calculatePathLength
FNDA:0,compareFeatures
FNDA:0,detectStarPoints
FNDA:0,(anonymous_30)
FNDA:0,(anonymous_31)
FNDA:0,calculateCentroid
FNDA:0,(anonymous_33)
FNDA:0,calculateStarSymmetry
FNDA:0,(anonymous_35)
FNDA:0,(anonymous_36)
FNDA:0,(anonymous_37)
FNDA:0,calculateStarSize
FNDA:0,detectHouseComponents
FNDA:0,(anonymous_40)
FNDA:0,isTriangularShape
FNDA:0,isRectangularShape
FNDA:0,compareHouseComponents
FNDA:0,calculateHouseProportions
FNDA:0,compareProportions
FNDA:0,compareHouseStructure
FNDA:0,extractConnectPath
FNDA:0,(anonymous_48)
FNDA:0,comparePathOrder
FNDA:0,calculatePathEfficiency
FNDA:0,calculateOptimalPathLength
FNDA:0,comparePatternAccuracy
FNDA:0,normalizeShape
FNDA:0,(anonymous_54)
FNDA:0,debugDrawingData
FNDA:0,compareDrawings
DA:5,0
DA:10,0
DA:11,0
DA:12,0
DA:13,0
DA:18,0
DA:20,0
DA:21,0
DA:22,0
DA:25,0
DA:27,0
DA:28,0
DA:29,0
DA:30,0
DA:32,0
DA:37,0
DA:38,0
DA:41,0
DA:45,0
DA:50,0
DA:52,0
DA:53,0
DA:54,0
DA:58,0
DA:59,0
DA:62,0
DA:63,0
DA:64,0
DA:66,0
DA:67,0
DA:70,0
DA:71,0
DA:72,0
DA:74,0
DA:75,0
DA:80,0
DA:81,0
DA:82,0
DA:84,0
DA:85,0
DA:86,0
DA:90,0
DA:91,0
DA:93,0
DA:94,0
DA:97,0
DA:100,0
DA:104,0
DA:105,0
DA:106,0
DA:111,0
DA:112,0
DA:113,0
DA:116,0
DA:118,0
DA:127,0
DA:128,0
DA:134,0
DA:136,0
DA:137,0
DA:138,0
DA:142,0
DA:143,0
DA:146,0
DA:147,0
DA:148,0
DA:150,0
DA:151,0
DA:154,0
DA:155,0
DA:156,0
DA:158,0
DA:159,0
DA:164,0
DA:165,0
DA:166,0
DA:168,0
DA:169,0
DA:170,0
DA:174,0
DA:175,0
DA:177,0
DA:178,0
DA:181,0
DA:182,0
DA:185,0
DA:189,0
DA:190,0
DA:191,0
DA:194,0
DA:195,0
DA:196,0
DA:199,0
DA:201,0
DA:209,0
DA:210,0
DA:216,0
DA:218,0
DA:219,0
DA:222,0
DA:223,0
DA:224,0
DA:226,0
DA:227,0
DA:230,0
DA:231,0
DA:232,0
DA:234,0
DA:235,0
DA:240,0
DA:241,0
DA:243,0
DA:244,0
DA:247,0
DA:250,0
DA:251,0
DA:252,0
DA:255,0
DA:258,0
DA:260,0
DA:268,0
DA:269,0
DA:275,0
DA:277,0
DA:278,0
DA:281,0
DA:282,0
DA:283,0
DA:285,0
DA:286,0
DA:289,0
DA:290,0
DA:291,0
DA:293,0
DA:294,0
DA:299,0
DA:300,0
DA:302,0
DA:303,0
DA:306,0
DA:309,0
DA:310,0
DA:311,0
DA:314,0
DA:317,0
DA:319,0
DA:327,0
DA:328,0
DA:336,0
DA:337,0
DA:338,0
DA:341,0
DA:343,0
DA:344,0
DA:347,0
DA:348,0
DA:351,0
DA:352,0
DA:355,0
DA:356,0
DA:363,0
DA:365,0
DA:366,0
DA:367,0
DA:368,0
DA:372,0
DA:373,0
DA:374,0
DA:375,0
DA:377,0
DA:378,0
DA:380,0
DA:385,0
DA:386,0
DA:390,0
DA:391,0
DA:394,0
DA:395,0
DA:397,0
DA:398,0
DA:403,0
DA:405,0
DA:406,0
DA:407,0
DA:408,0
DA:409,0
DA:410,0
DA:413,0
DA:422,0
DA:428,0
DA:430,0
DA:431,0
DA:432,0
DA:433,0
DA:434,0
DA:439,0
DA:443,0
DA:444,0
DA:445,0
DA:446,0
DA:447,0
DA:448,0
DA:452,0
DA:454,0
DA:455,0
DA:456,0
DA:457,0
DA:458,0
DA:459,0
DA:463,0
DA:464,0
DA:465,0
DA:467,0
DA:471,0
DA:472,0
DA:473,0
DA:475,0
DA:476,0
DA:478,0
DA:483,0
DA:484,0
DA:487,0
DA:488,0
DA:489,0
DA:490,0
DA:491,0
DA:495,0
DA:498,0
DA:499,0
DA:500,0
DA:501,0
DA:503,0
DA:504,0
DA:508,0
DA:512,0
DA:517,0
DA:524,0
DA:526,0
DA:527,0
DA:528,0
DA:529,0
DA:531,0
DA:535,0
DA:536,0
DA:540,0
DA:547,0
DA:549,0
DA:550,0
DA:551,0
DA:552,0
DA:553,0
DA:554,0
DA:555,0
DA:557,0
DA:563,0
DA:568,0
DA:570,0
DA:571,0
DA:573,0
DA:574,0
DA:575,0
DA:576,0
DA:578,0
DA:581,0
DA:586,0
DA:588,0
DA:589,0
DA:590,0
DA:591,0
DA:594,0
DA:598,0
DA:599,0
DA:600,0
DA:601,0
DA:603,0
DA:604,0
DA:606,0
DA:611,0
DA:619,0
DA:620,0
DA:621,0
DA:623,0
DA:628,0
DA:629,0
DA:631,0
DA:632,0
DA:634,0
DA:635,0
DA:637,0
DA:642,0
DA:643,0
DA:645,0
DA:646,0
DA:649,0
DA:653,0
DA:654,0
DA:658,0
DA:659,0
DA:661,0
DA:662,0
DA:666,0
DA:669,0
DA:673,0
DA:675,0
DA:676,0
DA:678,0
DA:683,0
DA:684,0
DA:685,0
DA:687,0
DA:692,0
DA:693,0
DA:695,0
DA:696,0
DA:698,0
DA:699,0
DA:700,0
DA:703,0
DA:707,0
DA:709,0
DA:710,0
DA:712,0
DA:720,0
DA:721,0
DA:722,0
DA:724,0
DA:725,0
DA:726,0
DA:727,0
DA:728,0
DA:729,0
DA:730,0
DA:731,0
DA:732,0
DA:733,0
DA:734,0
DA:739,0
DA:745,0
DA:746,0
DA:748,0
DA:750,0
DA:752,0
DA:754,0
DA:756,0
DA:758,0
DA:762,0
LF:346
LH:0
BRDA:20,0,0,0
BRDA:20,0,1,0
BRDA:27,1,0,0
BRDA:27,1,1,0
BRDA:29,2,0,0
BRDA:29,2,1,0
BRDA:29,3,0,0
BRDA:29,3,1,0
BRDA:29,3,2,0
BRDA:29,3,3,0
BRDA:37,4,0,0
BRDA:37,4,1,0
BRDA:37,5,0,0
BRDA:37,5,1,0
BRDA:37,5,2,0
BRDA:37,5,3,0
BRDA:52,6,0,0
BRDA:52,6,1,0
BRDA:52,7,0,0
BRDA:52,7,1,0
BRDA:58,8,0,0
BRDA:58,8,1,0
BRDA:59,9,0,0
BRDA:59,9,1,0
BRDA:62,10,0,0
BRDA:62,10,1,0
BRDA:62,11,0,0
BRDA:62,11,1,0
BRDA:62,11,2,0
BRDA:70,12,0,0
BRDA:70,12,1,0
BRDA:70,13,0,0
BRDA:70,13,1,0
BRDA:70,13,2,0
BRDA:80,14,0,0
BRDA:80,14,1,0
BRDA:84,15,0,0
BRDA:84,15,1,0
BRDA:97,16,0,0
BRDA:97,16,1,0
BRDA:97,17,0,0
BRDA:97,17,1,0
BRDA:100,18,0,0
BRDA:100,18,1,0
BRDA:100,19,0,0
BRDA:100,19,1,0
BRDA:106,20,0,0
BRDA:106,20,1,0
BRDA:106,21,0,0
BRDA:106,21,1,0
BRDA:136,22,0,0
BRDA:136,22,1,0
BRDA:136,23,0,0
BRDA:136,23,1,0
BRDA:142,24,0,0
BRDA:142,24,1,0
BRDA:143,25,0,0
BRDA:143,25,1,0
BRDA:146,26,0,0
BRDA:146,26,1,0
BRDA:146,27,0,0
BRDA:146,27,1,0
BRDA:146,27,2,0
BRDA:154,28,0,0
BRDA:154,28,1,0
BRDA:154,29,0,0
BRDA:154,29,1,0
BRDA:154,29,2,0
BRDA:164,30,0,0
BRDA:164,30,1,0
BRDA:168,31,0,0
BRDA:168,31,1,0
BRDA:185,32,0,0
BRDA:185,32,1,0
BRDA:218,33,0,0
BRDA:218,33,1,0
BRDA:219,34,0,0
BRDA:219,34,1,0
BRDA:222,35,0,0
BRDA:222,35,1,0
BRDA:222,36,0,0
BRDA:222,36,1,0
BRDA:222,36,2,0
BRDA:230,37,0,0
BRDA:230,37,1,0
BRDA:230,38,0,0
BRDA:230,38,1,0
BRDA:230,38,2,0
BRDA:277,39,0,0
BRDA:277,39,1,0
BRDA:278,40,0,0
BRDA:278,40,1,0
BRDA:281,41,0,0
BRDA:281,41,1,0
BRDA:281,42,0,0
BRDA:281,42,1,0
BRDA:281,42,2,0
BRDA:289,43,0,0
BRDA:289,43,1,0
BRDA:289,44,0,0
BRDA:289,44,1,0
BRDA:289,44,2,0
BRDA:336,45,0,0
BRDA:336,45,1,0
BRDA:343,46,0,0
BRDA:343,46,1,0
BRDA:343,47,0,0
BRDA:343,47,1,0
BRDA:343,47,2,0
BRDA:343,47,3,0
BRDA:347,48,0,0
BRDA:347,48,1,0
BRDA:351,49,0,0
BRDA:351,49,1,0
BRDA:351,50,0,0
BRDA:351,50,1,0
BRDA:351,50,2,0
BRDA:351,50,3,0
BRDA:363,51,0,0
BRDA:363,51,1,0
BRDA:367,52,0,0
BRDA:367,52,1,0
BRDA:372,53,0,0
BRDA:372,53,1,0
BRDA:372,54,0,0
BRDA:372,54,1,0
BRDA:374,55,0,0
BRDA:374,55,1,0
BRDA:374,56,0,0
BRDA:374,56,1,0
BRDA:377,57,0,0
BRDA:377,57,1,0
BRDA:385,58,0,0
BRDA:385,58,1,0
BRDA:385,59,0,0
BRDA:385,59,1,0
BRDA:390,60,0,0
BRDA:390,60,1,0
BRDA:403,61,0,0
BRDA:403,61,1,0
BRDA:403,62,0,0
BRDA:403,62,1,0
BRDA:430,63,0,0
BRDA:430,63,1,0
BRDA:431,64,0,0
BRDA:431,64,1,0
BRDA:433,65,0,0
BRDA:433,65,1,0
BRDA:443,66,0,0
BRDA:443,66,1,0
BRDA:452,67,0,0
BRDA:452,67,1,0
BRDA:472,68,0,0
BRDA:472,68,1,0
BRDA:475,69,0,0
BRDA:475,69,1,0
BRDA:476,70,0,0
BRDA:476,70,1,0
BRDA:503,71,0,0
BRDA:503,71,1,0
BRDA:503,72,0,0
BRDA:503,72,1,0
BRDA:524,73,0,0
BRDA:524,73,1,0
BRDA:549,74,0,0
BRDA:549,74,1,0
BRDA:550,75,0,0
BRDA:550,75,1,0
BRDA:552,76,0,0
BRDA:552,76,1,0
BRDA:554,77,0,0
BRDA:554,77,1,0
BRDA:568,78,0,0
BRDA:568,78,1,0
BRDA:575,79,0,0
BRDA:575,79,1,0
BRDA:575,80,0,0
BRDA:575,80,1,0
BRDA:581,81,0,0
BRDA:581,81,1,0
BRDA:586,82,0,0
BRDA:586,82,1,0
BRDA:591,83,0,0
BRDA:591,83,1,0
BRDA:599,84,0,0
BRDA:599,84,1,0
BRDA:600,85,0,0
BRDA:600,85,1,0
BRDA:601,86,0,0
BRDA:601,86,1,0
BRDA:612,87,0,0
BRDA:612,87,1,0
BRDA:613,88,0,0
BRDA:613,88,1,0
BRDA:614,89,0,0
BRDA:614,89,1,0
BRDA:645,90,0,0
BRDA:645,90,1,0
BRDA:645,91,0,0
BRDA:645,91,1,0
BRDA:653,92,0,0
BRDA:653,92,1,0
BRDA:673,93,0,0
BRDA:673,93,1,0
BRDA:707,94,0,0
BRDA:707,94,1,0
BRDA:722,95,0,0
BRDA:722,95,1,0
BRDA:724,96,0,0
BRDA:724,96,1,0
BRDA:724,97,0,0
BRDA:724,97,1,0
BRDA:727,98,0,0
BRDA:727,98,1,0
BRDA:727,99,0,0
BRDA:727,99,1,0
BRDA:729,100,0,0
BRDA:729,100,1,0
BRDA:730,101,0,0
BRDA:730,101,1,0
BRDA:730,102,0,0
BRDA:730,102,1,0
BRDA:733,103,0,0
BRDA:733,103,1,0
BRDA:733,104,0,0
BRDA:733,104,1,0
BRDA:748,105,0,0
BRDA:748,105,1,0
BRDA:748,105,2,0
BRDA:748,105,3,0
BRDA:748,105,4,0
BRF:231
BRH:0
end_of_record
TN:
SF:backend/enhanced-feature-extraction.js
FN:21,(anonymous_0)
FN:25,(anonymous_1)
FN:41,(anonymous_2)
FN:79,(anonymous_3)
FN:109,(anonymous_4)
FN:128,(anonymous_5)
FN:131,(anonymous_6)
FN:131,(anonymous_7)
FN:135,(anonymous_8)
FN:151,(anonymous_9)
FN:183,(anonymous_10)
FN:236,(anonymous_11)
FN:240,(anonymous_12)
FN:286,(anonymous_13)
FN:292,(anonymous_14)
FN:306,(anonymous_15)
FN:307,(anonymous_16)
FN:328,(anonymous_17)
FN:330,(anonymous_18)
FN:354,(anonymous_19)
FN:420,(anonymous_20)
FN:437,(anonymous_21)
FN:439,(anonymous_22)
FN:448,(anonymous_23)
FN:451,(anonymous_24)
FN:452,(anonymous_25)
FN:460,(anonymous_26)
FN:476,(anonymous_27)
FN:606,(anonymous_28)
FN:656,(anonymous_29)
FN:661,(anonymous_30)
FN:663,(anonymous_31)
FN:665,(anonymous_32)
FN:667,(anonymous_33)
FN:669,(anonymous_34)
FN:684,(anonymous_35)
FN:770,(anonymous_36)
FN:771,(anonymous_37)
FN:782,(anonymous_38)
FN:783,(anonymous_39)
FN:793,(anonymous_40)
FN:794,(anonymous_41)
FN:800,(anonymous_42)
FN:804,(anonymous_43)
FN:806,(anonymous_44)
FN:822,(anonymous_45)
FN:844,(anonymous_46)
FN:854,(anonymous_47)
FN:873,(anonymous_48)
FN:899,(anonymous_49)
FN:907,(anonymous_50)
FN:920,(anonymous_51)
FN:932,(anonymous_52)
FNF:53
FNH:0
FNDA:0,(anonymous_0)
FNDA:0,(anonymous_1)
FNDA:0,(anonymous_2)
FNDA:0,(anonymous_3)
FNDA:0,(anonymous_4)
FNDA:0,(anonymous_5)
FNDA:0,(anonymous_6)
FNDA:0,(anonymous_7)
FNDA:0,(anonymous_8)
FNDA:0,(anonymous_9)
FNDA:0,(anonymous_10)
FNDA:0,(anonymous_11)
FNDA:0,(anonymous_12)
FNDA:0,(anonymous_13)
FNDA:0,(anonymous_14)
FNDA:0,(anonymous_15)
FNDA:0,(anonymous_16)
FNDA:0,(anonymous_17)
FNDA:0,(anonymous_18)
FNDA:0,(anonymous_19)
FNDA:0,(anonymous_20)
FNDA:0,(anonymous_21)
FNDA:0,(anonymous_22)
FNDA:0,(anonymous_23)
FNDA:0,(anonymous_24)
FNDA:0,(anonymous_25)
FNDA:0,(anonymous_26)
FNDA:0,(anonymous_27)
FNDA:0,(anonymous_28)
FNDA:0,(anonymous_29)
FNDA:0,(anonymous_30)
FNDA:0,(anonymous_31)
FNDA:0,(anonymous_32)
FNDA:0,(anonymous_33)
FNDA:0,(anonymous_34)
FNDA:0,(anonymous_35)
FNDA:0,(anonymous_36)
FNDA:0,(anonymous_37)
FNDA:0,(anonymous_38)
FNDA:0,(anonymous_39)
FNDA:0,(anonymous_40)
FNDA:0,(anonymous_41)
FNDA:0,(anonymous_42)
FNDA:0,(anonymous_43)
FNDA:0,(anonymous_44)
FNDA:0,(anonymous_45)
FNDA:0,(anonymous_46)
FNDA:0,(anonymous_47)
FNDA:0,(anonymous_48)
FNDA:0,(anonymous_49)
FNDA:0,(anonymous_50)
FNDA:0,(anonymous_51)
FNDA:0,(anonymous_52)
DA:11,0
DA:18,0
DA:22,0
DA:26,0
DA:27,0
DA:30,0
DA:31,0
DA:34,0
DA:39,0
DA:43,0
DA:44,0
DA:45,0
DA:49,0
DA:52,0
DA:53,0
DA:54,0
DA:58,0
DA:59,0
DA:60,0
DA:61,0
DA:62,0
DA:66,0
DA:67,0
DA:68,0
DA:69,0
DA:70,0
DA:75,0
DA:80,0
DA:81,0
DA:85,0
DA:86,0
DA:87,0
DA:90,0
DA:91,0
DA:92,0
DA:96,0
DA:97,0
DA:98,0
DA:101,0
DA:105,0
DA:111,0
DA:113,0
DA:117,0
DA:119,0
DA:123,0
DA:124,0
DA:129,0
DA:131,0
DA:136,0
DA:138,0
DA:139,0
DA:140,0
DA:141,0
DA:142,0
DA:144,0
DA:147,0
DA:152,0
DA:154,0
DA:156,0
DA:157,0
DA:158,0
DA:159,0
DA:160,0
DA:162,0
DA:164,0
DA:167,0
DA:169,0
DA:171,0
DA:173,0
DA:176,0
DA:179,0
DA:183,0
DA:185,0
DA:187,0
DA:188,0
DA:189,0
DA:190,0
DA:192,0
DA:196,0
DA:197,0
DA:198,0
DA:199,0
DA:200,0
DA:202,0
DA:206,0
DA:208,0
DA:211,0
DA:212,0
DA:215,0
DA:216,0
DA:219,0
DA:220,0
DA:224,0
DA:225,0
DA:226,0
DA:227,0
DA:228,0
DA:230,0
DA:234,0
DA:235,0
DA:236,0
DA:241,0
DA:243,0
DA:245,0
DA:246,0
DA:250,0
DA:251,0
DA:252,0
DA:253,0
DA:254,0
DA:257,0
DA:258,0
DA:259,0
DA:260,0
DA:263,0
DA:264,0
DA:265,0
DA:267,0
DA:268,0
DA:269,0
DA:275,0
DA:276,0
DA:277,0
DA:278,0
DA:279,0
DA:280,0
DA:281,0
DA:282,0
DA:286,0
DA:287,0
DA:288,0
DA:289,0
DA:292,0
DA:293,0
DA:295,0
DA:298,0
DA:301,0
DA:302,0
DA:304,0
DA:305,0
DA:306,0
DA:307,0
DA:309,0
DA:311,0
DA:312,0
DA:313,0
DA:314,0
DA:318,0
DA:319,0
DA:320,0
DA:322,0
DA:327,0
DA:328,0
DA:329,0
DA:330,0
DA:332,0
DA:344,0
DA:345,0
DA:348,0
DA:349,0
DA:355,0
DA:357,0
DA:358,0
DA:359,0
DA:362,0
DA:363,0
DA:364,0
DA:365,0
DA:366,0
DA:367,0
DA:370,0
DA:371,0
DA:372,0
DA:374,0
DA:376,0
DA:377,0
DA:379,0
DA:380,0
DA:381,0
DA:384,0
DA:385,0
DA:386,0
DA:387,0
DA:388,0
DA:389,0
DA:392,0
DA:393,0
DA:394,0
DA:401,0
DA:402,0
DA:403,0
DA:404,0
DA:406,0
DA:407,0
DA:408,0
DA:411,0
DA:412,0
DA:418,0
DA:419,0
DA:420,0
DA:425,0
DA:426,0
DA:427,0
DA:428,0
DA:430,0
DA:431,0
DA:436,0
DA:437,0
DA:438,0
DA:439,0
DA:440,0
DA:443,0
DA:444,0
DA:445,0
DA:447,0
DA:448,0
DA:451,0
DA:452,0
DA:454,0
DA:460,0
DA:466,0
DA:467,0
DA:470,0
DA:471,0
DA:477,0
DA:479,0
DA:480,0
DA:481,0
DA:484,0
DA:487,0
DA:488,0
DA:489,0
DA:490,0
DA:491,0
DA:493,0
DA:494,0
DA:496,0
DA:498,0
DA:499,0
DA:500,0
DA:505,0
DA:506,0
DA:507,0
DA:513,0
DA:514,0
DA:517,0
DA:518,0
DA:519,0
DA:523,0
DA:529,0
DA:530,0
DA:531,0
DA:533,0
DA:534,0
DA:538,0
DA:539,0
DA:542,0
DA:543,0
DA:545,0
DA:546,0
DA:550,0
DA:555,0
DA:556,0
DA:557,0
DA:560,0
DA:561,0
DA:562,0
DA:565,0
DA:566,0
DA:568,0
DA:569,0
DA:570,0
DA:571,0
DA:573,0
DA:574,0
DA:575,0
DA:576,0
DA:579,0
DA:582,0
DA:585,0
DA:586,0
DA:587,0
DA:588,0
DA:589,0
DA:592,0
DA:597,0
DA:598,0
DA:599,0
DA:601,0
DA:602,0
DA:605,0
DA:606,0
DA:607,0
DA:612,0
DA:613,0
DA:615,0
DA:616,0
DA:617,0
DA:618,0
DA:619,0
DA:620,0
DA:621,0
DA:623,0
DA:624,0
DA:632,0
DA:633,0
DA:637,0
DA:638,0
DA:640,0
DA:641,0
DA:642,0
DA:643,0
DA:644,0
DA:648,0
DA:649,0
DA:656,0
DA:657,0
DA:659,0
DA:661,0
DA:663,0
DA:665,0
DA:667,0
DA:669,0
DA:674,0
DA:675,0
DA:678,0
DA:679,0
DA:685,0
DA:687,0
DA:688,0
DA:689,0
DA:692,0
DA:695,0
DA:696,0
DA:697,0
DA:699,0
DA:700,0
DA:701,0
DA:703,0
DA:705,0
DA:706,0
DA:707,0
DA:709,0
DA:710,0
DA:711,0
DA:717,0
DA:718,0
DA:722,0
DA:725,0
DA:726,0
DA:727,0
DA:731,0
DA:732,0
DA:735,0
DA:736,0
DA:738,0
DA:744,0
DA:746,0
DA:747,0
DA:748,0
DA:756,0
DA:757,0
DA:758,0
DA:759,0
DA:760,0
DA:761,0
DA:762,0
DA:768,0
DA:769,0
DA:770,0
DA:771,0
DA:772,0
DA:773,0
DA:776,0
DA:781,0
DA:782,0
DA:783,0
DA:786,0
DA:787,0
DA:791,0
DA:793,0
DA:794,0
DA:800,0
DA:802,0
DA:804,0
DA:806,0
DA:812,0
DA:813,0
DA:816,0
DA:817,0
DA:823,0
DA:825,0
DA:827,0
DA:828,0
DA:829,0
DA:830,0
DA:833,0
DA:841,0
DA:842,0
DA:844,0
DA:845,0
DA:846,0
DA:848,0
DA:849,0
DA:854,0
DA:855,0
DA:856,0
DA:860,0
DA:863,0
DA:864,0
DA:867,0
DA:868,0
DA:869,0
DA:873,0
DA:874,0
DA:877,0
DA:880,0
DA:881,0
DA:884,0
DA:887,0
DA:888,0
DA:900,0
DA:908,0
DA:921,0
DA:933,0
DA:945,0
LF:426
LH:0
BRDA:30,0,0,0
BRDA:30,0,1,0
BRDA:43,1,0,0
BRDA:43,1,1,0
BRDA:52,2,0,0
BRDA:52,2,1,0
BRDA:52,3,0,0
BRDA:52,3,1,0
BRDA:60,4,0,0
BRDA:60,4,1,0
BRDA:60,5,0,0
BRDA:60,5,1,0
BRDA:60,5,2,0
BRDA:60,5,3,0
BRDA:68,6,0,0
BRDA:68,6,1,0
BRDA:68,7,0,0
BRDA:68,7,1,0
BRDA:68,7,2,0
BRDA:80,8,0,0
BRDA:80,8,1,0
BRDA:80,9,0,0
BRDA:80,9,1,0
BRDA:90,10,0,0
BRDA:90,10,1,0
BRDA:91,11,0,0
BRDA:91,11,1,0
BRDA:91,12,0,0
BRDA:91,12,1,0
BRDA:91,12,2,0
BRDA:96,13,0,0
BRDA:96,13,1,0
BRDA:96,14,0,0
BRDA:96,14,1,0
BRDA:97,15,0,0
BRDA:97,15,1,0
BRDA:97,16,0,0
BRDA:97,16,1,0
BRDA:111,17,0,0
BRDA:111,17,1,0
BRDA:111,18,0,0
BRDA:111,18,1,0
BRDA:111,18,2,0
BRDA:111,18,3,0
BRDA:111,18,4,0
BRDA:117,19,0,0
BRDA:117,19,1,0
BRDA:117,20,0,0
BRDA:117,20,1,0
BRDA:117,20,2,0
BRDA:117,20,3,0
BRDA:129,21,0,0
BRDA:129,21,1,0
BRDA:136,22,0,0
BRDA:136,22,1,0
BRDA:141,23,0,0
BRDA:141,23,1,0
BRDA:152,24,0,0
BRDA:152,24,1,0
BRDA:156,25,0,0
BRDA:156,25,1,0
BRDA:158,26,0,0
BRDA:158,26,1,0
BRDA:158,27,0,0
BRDA:158,27,1,0
BRDA:160,28,0,0
BRDA:160,28,1,0
BRDA:160,29,0,0
BRDA:160,29,1,0
BRDA:162,30,0,0
BRDA:162,30,1,0
BRDA:162,31,0,0
BRDA:162,31,1,0
BRDA:169,32,0,0
BRDA:169,32,1,0
BRDA:169,33,0,0
BRDA:169,33,1,0
BRDA:171,34,0,0
BRDA:171,34,1,0
BRDA:171,35,0,0
BRDA:171,35,1,0
BRDA:185,36,0,0
BRDA:185,36,1,0
BRDA:185,37,0,0
BRDA:185,37,1,0
BRDA:185,37,2,0
BRDA:185,37,3,0
BRDA:188,38,0,0
BRDA:188,38,1,0
BRDA:196,39,0,0
BRDA:196,39,1,0
BRDA:198,40,0,0
BRDA:198,40,1,0
BRDA:206,41,0,0
BRDA:206,41,1,0
BRDA:206,42,0,0
BRDA:206,42,1,0
BRDA:211,43,0,0
BRDA:211,43,1,0
BRDA:211,44,0,0
BRDA:211,44,1,0
BRDA:211,44,2,0
BRDA:215,45,0,0
BRDA:215,45,1,0
BRDA:215,46,0,0
BRDA:215,46,1,0
BRDA:215,46,2,0
BRDA:219,47,0,0
BRDA:219,47,1,0
BRDA:219,48,0,0
BRDA:219,48,1,0
BRDA:219,48,2,0
BRDA:224,49,0,0
BRDA:224,49,1,0
BRDA:226,50,0,0
BRDA:226,50,1,0
BRDA:236,51,0,0
BRDA:236,51,1,0
BRDA:240,52,0,0
BRDA:245,53,0,0
BRDA:245,53,1,0
BRDA:250,54,0,0
BRDA:250,54,1,0
BRDA:250,55,0,0
BRDA:250,55,1,0
BRDA:267,56,0,0
BRDA:267,56,1,0
BRDA:267,57,0,0
BRDA:267,57,1,0
BRDA:275,58,0,0
BRDA:275,58,1,0
BRDA:309,59,0,0
BRDA:309,59,1,0
BRDA:312,60,0,0
BRDA:312,60,1,0
BRDA:319,61,0,0
BRDA:319,61,1,0
BRDA:327,62,0,0
BRDA:327,62,1,0
BRDA:329,63,0,0
BRDA:329,63,1,0
BRDA:358,64,0,0
BRDA:358,64,1,0
BRDA:374,65,0,0
BRDA:374,65,1,0
BRDA:379,66,0,0
BRDA:379,66,1,0
BRDA:379,67,0,0
BRDA:379,67,1,0
BRDA:384,68,0,0
BRDA:384,68,1,0
BRDA:387,69,0,0
BRDA:387,69,1,0
BRDA:392,70,0,0
BRDA:392,70,1,0
BRDA:406,71,0,0
BRDA:406,71,1,0
BRDA:406,72,0,0
BRDA:406,72,1,0
BRDA:411,73,0,0
BRDA:411,73,1,0
BRDA:411,74,0,0
BRDA:411,74,1,0
BRDA:419,75,0,0
BRDA:419,75,1,0
BRDA:425,76,0,0
BRDA:425,76,1,0
BRDA:430,77,0,0
BRDA:430,77,1,0
BRDA:430,78,0,0
BRDA:430,78,1,0
BRDA:436,79,0,0
BRDA:436,79,1,0
BRDA:438,80,0,0
BRDA:438,80,1,0
BRDA:447,81,0,0
BRDA:447,81,1,0
BRDA:451,82,0,0
BRDA:451,82,1,0
BRDA:452,83,0,0
BRDA:452,83,1,0
BRDA:459,84,0,0
BRDA:459,84,1,0
BRDA:462,85,0,0
BRDA:462,85,1,0
BRDA:480,86,0,0
BRDA:480,86,1,0
BRDA:496,87,0,0
BRDA:496,87,1,0
BRDA:513,88,0,0
BRDA:513,88,1,0
BRDA:533,89,0,0
BRDA:533,89,1,0
BRDA:560,90,0,0
BRDA:560,90,1,0
BRDA:573,91,0,0
BRDA:573,91,1,0
BRDA:575,92,0,0
BRDA:575,92,1,0
BRDA:601,93,0,0
BRDA:601,93,1,0
BRDA:605,94,0,0
BRDA:605,94,1,0
BRDA:623,95,0,0
BRDA:623,95,1,0
BRDA:633,96,0,0
BRDA:633,96,1,0
BRDA:648,97,0,0
BRDA:648,97,1,0
BRDA:657,98,0,0
BRDA:657,98,1,0
BRDA:660,99,0,0
BRDA:660,99,1,0
BRDA:662,100,0,0
BRDA:662,100,1,0
BRDA:664,101,0,0
BRDA:664,101,1,0
BRDA:666,102,0,0
BRDA:666,102,1,0
BRDA:668,103,0,0
BRDA:668,103,1,0
BRDA:688,104,0,0
BRDA:688,104,1,0
BRDA:703,105,0,0
BRDA:703,105,1,0
BRDA:709,106,0,0
BRDA:709,106,1,0
BRDA:709,107,0,0
BRDA:709,107,1,0
BRDA:717,108,0,0
BRDA:717,108,1,0
BRDA:717,109,0,0
BRDA:717,109,1,0
BRDA:725,110,0,0
BRDA:725,110,1,0
BRDA:732,111,0,0
BRDA:732,111,1,0
BRDA:735,112,0,0
BRDA:735,112,1,0
BRDA:744,113,0,0
BRDA:744,113,1,0
BRDA:744,114,0,0
BRDA:744,114,1,0
BRDA:747,115,0,0
BRDA:747,115,1,0
BRDA:758,116,0,0
BRDA:758,116,1,0
BRDA:761,117,0,0
BRDA:761,117,1,0
BRDA:761,118,0,0
BRDA:761,118,1,0
BRDA:769,119,0,0
BRDA:769,119,1,0
BRDA:776,120,0,0
BRDA:776,120,1,0
BRDA:783,121,0,0
BRDA:783,121,1,0
BRDA:786,122,0,0
BRDA:786,122,1,0
BRDA:792,123,0,0
BRDA:792,123,1,0
BRDA:793,124,0,0
BRDA:793,124,1,0
BRDA:794,125,0,0
BRDA:794,125,1,0
BRDA:795,126,0,0
BRDA:795,126,1,0
BRDA:822,127,0,0
BRDA:845,128,0,0
BRDA:845,128,1,0
BRDA:848,129,0,0
BRDA:848,129,1,0
BRDA:855,130,0,0
BRDA:855,130,1,0
BRDA:855,131,0,0
BRDA:855,131,1,0
BRDA:867,132,0,0
BRDA:867,132,1,0
BRDA:874,133,0,0
BRDA:874,133,1,0
BRDA:880,134,0,0
BRDA:880,134,1,0
BRF:282
BRH:0
end_of_record
TN:
SF:backend/execute_migration.js
FN:18,executeSQLFile
FN:88,runMigration
FN:137,(anonymous_2)
FNF:3
FNH:0
FNDA:0,executeSQLFile
FNDA:0,runMigration
FNDA:0,(anonymous_2)
DA:1,0
DA:2,0
DA:3,0
DA:5,0
DA:8,0
DA:11,0
DA:19,0
DA:20,0
DA:21,0
DA:22,0
DA:24,0
DA:25,0
DA:28,0
DA:29,0
DA:30,0
DA:32,0
DA:33,0
DA:34,0
DA:37,0
DA:38,0
DA:41,0
DA:44,0
DA:45,0
DA:46,0
DA:47,0
DA:48,0
DA:49,0
DA:50,0
DA:55,0
DA:56,0
DA:57,0
DA:59,0
DA:61,0
DA:62,0
DA:65,0
DA:66,0
DA:67,0
DA:68,0
DA:71,0
DA:73,0
DA:74,0
DA:80,0
DA:81,0
DA:83,0
DA:84,0
DA:89,0
DA:91,0
DA:92,0
DA:95,0
DA:99,0
DA:100,0
DA:101,0
DA:105,0
DA:109,0
DA:110,0
DA:111,0
DA:115,0
DA:119,0
DA:120,0
DA:121,0
DA:125,0
DA:129,0
DA:130,0
DA:134,0
DA:135,0
DA:136,0
DA:137,0
DA:139,0
DA:143,0
DA:144,0
DA:147,0
DA:148,0
DA:149,0
DA:150,0
DA:151,0
DA:152,0
DA:153,0
DA:156,0
DA:157,0
DA:159,0
DA:164,0
LF:81
LH:0
BRDA:8,0,0,0
BRDA:8,0,1,0
BRDA:9,1,0,0
BRDA:9,1,1,0
BRDA:9,2,0,0
BRDA:9,2,1,0
BRDA:9,3,0,0
BRDA:9,3,1,0
BRDA:9,4,0,0
BRDA:9,4,1,0
BRDA:37,5,0,0
BRDA:37,5,1,0
BRDA:44,6,0,0
BRDA:44,6,1,0
BRDA:44,7,0,0
BRDA:44,7,1,0
BRDA:48,8,0,0
BRDA:48,8,1,0
BRDA:48,9,0,0
BRDA:48,9,1,0
BRDA:48,9,2,0
BRDA:56,10,0,0
BRDA:56,10,1,0
BRDA:56,11,0,0
BRDA:56,11,1,0
BRDA:56,11,2,0
BRDA:59,12,0,0
BRDA:59,12,1,0
BRDA:65,13,0,0
BRDA:65,13,1,0
BRDA:65,14,0,0
BRDA:65,14,1,0
BRDA:67,15,0,0
BRDA:67,15,1,0
BRDA:73,16,0,0
BRDA:73,16,1,0
BRDA:73,17,0,0
BRDA:73,17,1,0
BRDA:89,18,0,0
BRDA:89,18,1,0
BRDA:92,19,0,0
BRDA:92,19,1,0
BRDA:92,19,2,0
BRDA:92,19,3,0
BRDA:92,19,4,0
BRDA:92,19,5,0
BRF:46
BRH:0
end_of_record
TN:
SF:backend/exportMLData.js
FN:12,exportMLTrainingData
FN:48,(anonymous_1)
FN:100,(anonymous_2)
FNF:3
FNH:0
FNDA:0,exportMLTrainingData
FNDA:0,(anonymous_1)
FNDA:0,(anonymous_2)
DA:1,0
DA:2,0
DA:3,0
DA:4,0
DA:6,0
DA:13,0
DA:14,0
DA:17,0
DA:37,0
DA:40,0
DA:41,0
DA:42,0
DA:46,0
DA:48,0
DA:49,0
DA:50,0
DA:51,0
DA:58,0
DA:59,0
DA:81,0
DA:91,0
DA:92,0
DA:94,0
DA:99,0
DA:100,0
DA:101,0
DA:102,0
DA:103,0
DA:110,0
DA:111,0
DA:115,0
DA:116,0
DA:119,0
DA:121,0
DA:126,0
LF:35
LH:0
BRDA:7,0,0,0
BRDA:7,0,1,0
BRDA:41,1,0,0
BRDA:41,1,1,0
BRDA:50,2,0,0
BRDA:50,2,1,0
BRDA:60,3,0,0
BRDA:60,3,1,0
BRDA:61,4,0,0
BRDA:61,4,1,0
BRDA:62,5,0,0
BRDA:62,5,1,0
BRDA:63,6,0,0
BRDA:63,6,1,0
BRDA:64,7,0,0
BRDA:64,7,1,0
BRDA:65,8,0,0
BRDA:65,8,1,0
BRDA:66,9,0,0
BRDA:66,9,1,0
BRDA:67,10,0,0
BRDA:67,10,1,0
BRDA:68,11,0,0
BRDA:68,11,1,0
BRDA:69,12,0,0
BRDA:69,12,1,0
BRDA:70,13,0,0
BRDA:70,13,1,0
BRDA:71,14,0,0
BRDA:71,14,1,0
BRDA:72,15,0,0
BRDA:72,15,1,0
BRDA:73,16,0,0
BRDA:73,16,1,0
BRDA:74,17,0,0
BRDA:74,17,1,0
BRDA:75,18,0,0
BRDA:75,18,1,0
BRDA:76,19,0,0
BRDA:76,19,1,0
BRDA:77,20,0,0
BRDA:77,20,1,0
BRDA:78,21,0,0
BRDA:78,21,1,0
BRDA:91,22,0,0
BRDA:91,22,1,0
BRDA:91,23,0,0
BRDA:91,23,1,0
BRDA:101,24,0,0
BRDA:101,24,1,0
BRF:50
BRH:0
end_of_record
TN:
SF:backend/exportMLDataForTraining.js
FN:12,exportMLTrainingData
FN:48,(anonymous_1)
FN:113,(anonymous_2)
FN:117,(anonymous_3)
FNF:4
FNH:0
FNDA:0,exportMLTrainingData
FNDA:0,(anonymous_1)
FNDA:0,(anonymous_2)
FNDA:0,(anonymous_3)
DA:1,0
DA:2,0
DA:3,0
DA:4,0
DA:6,0
DA:13,0
DA:14,0
DA:17,0
DA:37,0
DA:40,0
DA:41,0
DA:42,0
DA:46,0
DA:48,0
DA:49,0
DA:50,0
DA:53,0
DA:87,0
DA:88,0
DA:89,0
DA:92,0
DA:102,0
DA:103,0
DA:105,0
DA:106,0
DA:109,0
DA:110,0
DA:113,0
DA:114,0
DA:115,0
DA:117,0
DA:118,0
DA:119,0
DA:120,0
DA:122,0
DA:126,0
DA:127,0
DA:129,0
DA:130,0
DA:131,0
DA:132,0
DA:134,0
DA:138,0
DA:140,0
DA:145,0
LF:45
LH:0
BRDA:7,0,0,0
BRDA:7,0,1,0
BRDA:41,1,0,0
BRDA:41,1,1,0
BRDA:55,2,0,0
BRDA:55,2,1,0
BRDA:56,3,0,0
BRDA:56,3,1,0
BRDA:57,4,0,0
BRDA:57,4,1,0
BRDA:58,5,0,0
BRDA:58,5,1,0
BRDA:61,6,0,0
BRDA:61,6,1,0
BRDA:62,7,0,0
BRDA:62,7,1,0
BRDA:63,8,0,0
BRDA:63,8,1,0
BRDA:64,9,0,0
BRDA:64,9,1,0
BRDA:67,10,0,0
BRDA:67,10,1,0
BRDA:68,11,0,0
BRDA:68,11,1,0
BRDA:69,12,0,0
BRDA:69,12,1,0
BRDA:70,13,0,0
BRDA:70,13,1,0
BRDA:71,14,0,0
BRDA:71,14,1,0
BRDA:72,15,0,0
BRDA:72,15,1,0
BRDA:75,16,0,0
BRDA:75,16,1,0
BRDA:76,17,0,0
BRDA:76,17,1,0
BRDA:77,18,0,0
BRDA:77,18,1,0
BRDA:78,19,0,0
BRDA:78,19,1,0
BRDA:79,20,0,0
BRDA:79,20,1,0
BRDA:88,21,0,0
BRDA:88,21,1,0
BRDA:119,22,0,0
BRDA:119,22,1,0
BRDA:129,23,0,0
BRDA:129,23,1,0
BRF:48
BRH:0
end_of_record
TN:
SF:backend/final_verification.js
FN:4,finalVerification
FNF:1
FNH:0
FNDA:0,finalVerification
DA:1,0
DA:2,0
DA:5,0
DA:7,0
DA:9,0
DA:10,0
DA:35,0
DA:36,0
DA:37,0
DA:38,0
DA:39,0
DA:40,0
DA:41,0
DA:44,0
DA:45,0
DA:52,0
DA:53,0
DA:54,0
DA:55,0
DA:57,0
DA:60,0
DA:61,0
DA:62,0
DA:63,0
DA:64,0
DA:66,0
DA:68,0
DA:71,0
DA:72,0
DA:73,0
DA:74,0
DA:75,0
DA:76,0
DA:77,0
DA:80,0
DA:81,0
DA:82,0
DA:83,0
DA:84,0
DA:86,0
DA:88,0
DA:89,0
DA:92,0
DA:94,0
DA:99,0
LF:45
LH:0
BRDA:40,0,0,0
BRDA:40,0,1,0
BRDA:54,1,0,0
BRDA:54,1,1,0
BRDA:63,2,0,0
BRDA:63,2,1,0
BRDA:73,3,0,0
BRDA:73,3,1,0
BRDA:76,4,0,0
BRDA:76,4,1,0
BRDA:81,5,0,0
BRDA:81,5,1,0
BRF:12
BRH:0
end_of_record
TN:
SF:backend/fixVelocityBaselines.js
FN:10,fixVelocityBaselines
FN:64,(anonymous_1)
FNF:2
FNH:0
FNDA:0,fixVelocityBaselines
FNDA:0,(anonymous_1)
DA:1,0
DA:2,0
DA:4,0
DA:11,0
DA:12,0
DA:15,0
DA:22,0
DA:24,0
DA:26,0
DA:27,0
DA:30,0
DA:31,0
DA:34,0
DA:43,0
DA:48,0
DA:52,0
DA:55,0
DA:56,0
DA:63,0
DA:64,0
DA:65,0
DA:66,0
DA:67,0
DA:72,0
DA:74,0
DA:79,0
DA:82,0
DA:83,0
LF:28
LH:0
BRDA:5,0,0,0
BRDA:5,0,1,0
BRDA:30,1,0,0
BRDA:30,1,1,0
BRDA:55,2,0,0
BRDA:55,2,1,0
BRDA:82,3,0,0
BRDA:82,3,1,0
BRF:8
BRH:0
end_of_record
TN:
SF:backend/generate_synthetic_forgeries.js
FN:11,(anonymous_0)
FN:15,(anonymous_1)
FN:20,(anonymous_2)
FN:24,(anonymous_3)
FN:32,validateFeatures
FN:66,generateRushedForgery
FN:103,generateSlowCarefulForgery
FN:133,generateSizeDifferentForgery
FN:164,generatePositionShiftForgery
FN:194,generateStrokeVariationForgery
FN:233,generateSyntheticForgeries
FN:289,(anonymous_11)
FN:332,(anonymous_12)
FN:333,(anonymous_13)
FN:334,(anonymous_14)
FNF:15
FNH:0
FNDA:0,(anonymous_0)
FNDA:0,(anonymous_1)
FNDA:0,(anonymous_2)
FNDA:0,(anonymous_3)
FNDA:0,validateFeatures
FNDA:0,generateRushedForgery
FNDA:0,generateSlowCarefulForgery
FNDA:0,generateSizeDifferentForgery
FNDA:0,generatePositionShiftForgery
FNDA:0,generateStrokeVariationForgery
FNDA:0,generateSyntheticForgeries
FNDA:0,(anonymous_11)
FNDA:0,(anonymous_12)
FNDA:0,(anonymous_13)
FNDA:0,(anonymous_14)
DA:1,0
DA:2,0
DA:5,0
DA:6,0
DA:7,0
DA:12,0
DA:16,0
DA:17,0
DA:21,0
DA:25,0
DA:29,0
DA:33,0
DA:36,0
DA:37,0
DA:39,0
DA:40,0
DA:42,0
DA:43,0
DA:47,0
DA:48,0
DA:50,0
DA:51,0
DA:55,0
DA:56,0
DA:58,0
DA:59,0
DA:62,0
DA:67,0
DA:70,0
DA:71,0
DA:72,0
DA:73,0
DA:76,0
DA:77,0
DA:78,0
DA:81,0
DA:82,0
DA:85,0
DA:88,0
DA:104,0
DA:107,0
DA:108,0
DA:109,0
DA:110,0
DA:113,0
DA:114,0
DA:115,0
DA:116,0
DA:118,0
DA:134,0
DA:137,0
DA:138,0
DA:139,0
DA:140,0
DA:143,0
DA:146,0
DA:147,0
DA:149,0
DA:165,0
DA:168,0
DA:169,0
DA:172,0
DA:173,0
DA:176,0
DA:177,0
DA:179,0
DA:195,0
DA:198,0
DA:199,0
DA:202,0
DA:206,0
DA:207,0
DA:209,0
DA:210,0
DA:213,0
DA:214,0
DA:217,0
DA:234,0
DA:236,0
DA:238,0
DA:239,0
DA:240,0
DA:242,0
DA:245,0
DA:246,0
DA:247,0
DA:248,0
DA:249,0
DA:250,0
DA:252,0
DA:256,0
DA:257,0
DA:265,0
DA:266,0
DA:267,0
DA:268,0
DA:269,0
DA:272,0
DA:273,0
DA:274,0
DA:276,0
DA:279,0
DA:280,0
DA:285,0
DA:288,0
DA:289,0
DA:291,0
DA:292,0
DA:294,0
DA:297,0
DA:304,0
DA:305,0
DA:306,0
DA:307,0
DA:308,0
DA:310,0
DA:311,0
DA:314,0
DA:317,0
DA:318,0
DA:319,0
DA:321,0
DA:322,0
DA:323,0
DA:326,0
DA:327,0
DA:328,0
DA:331,0
DA:332,0
DA:333,0
DA:334,0
DA:336,0
DA:337,0
DA:338,0
DA:340,0
DA:341,0
DA:342,0
DA:343,0
DA:344,0
DA:347,0
DA:348,0
DA:353,0
DA:354,0
DA:357,0
LF:144
LH:0
BRDA:36,0,0,0
BRDA:36,0,1,0
BRDA:39,1,0,0
BRDA:39,1,1,0
BRDA:42,2,0,0
BRDA:42,2,1,0
BRDA:47,3,0,0
BRDA:47,3,1,0
BRDA:50,4,0,0
BRDA:50,4,1,0
BRDA:55,5,0,0
BRDA:55,5,1,0
BRDA:58,6,0,0
BRDA:58,6,1,0
BRDA:273,7,0,0
BRDA:273,7,1,0
BRDA:279,8,0,0
BRDA:279,8,1,0
BRDA:289,9,0,0
BRDA:289,9,1,0
BRDA:353,10,0,0
BRDA:353,10,1,0
BRF:22
BRH:0
end_of_record
TN:
SF:backend/improved_exportMLDataForTraining.js
FN:18,validateMetrics
FN:60,convertToMLFeatures
FN:93,exportMLTrainingData
FNF:3
FNH:0
FNDA:0,validateMetrics
FNDA:0,convertToMLFeatures
FNDA:0,exportMLTrainingData
DA:1,0
DA:2,0
DA:3,0
DA:4,0
DA:7,0
DA:14,0
DA:15,0
DA:19,0
DA:20,0
DA:24,0
DA:29,0
DA:30,0
DA:31,0
DA:36,0
DA:37,0
DA:40,0
DA:41,0
DA:44,0
DA:45,0
DA:48,0
DA:49,0
DA:52,0
DA:53,0
DA:56,0
DA:61,0
DA:94,0
DA:95,0
DA:97,0
DA:99,0
DA:101,0
DA:104,0
DA:137,0
DA:138,0
DA:139,0
DA:142,0
DA:143,0
DA:144,0
DA:147,0
DA:155,0
DA:157,0
DA:158,0
DA:161,0
DA:162,0
DA:171,0
DA:172,0
DA:173,0
DA:174,0
DA:179,0
DA:180,0
DA:181,0
DA:185,0
DA:199,0
DA:200,0
DA:201,0
DA:202,0
DA:204,0
DA:205,0
DA:208,0
DA:209,0
DA:210,0
DA:214,0
DA:215,0
DA:220,0
DA:223,0
DA:224,0
DA:225,0
DA:228,0
DA:229,0
DA:230,0
DA:233,0
DA:234,0
DA:239,0
DA:242,0
DA:243,0
DA:244,0
DA:245,0
DA:246,0
DA:249,0
DA:250,0
DA:251,0
DA:252,0
DA:253,0
DA:254,0
DA:255,0
DA:256,0
DA:257,0
DA:258,0
DA:263,0
DA:266,0
DA:267,0
DA:270,0
DA:271,0
DA:275,0
DA:276,0
DA:277,0
DA:279,0
DA:280,0
DA:281,0
DA:283,0
DA:284,0
DA:287,0
DA:288,0
DA:289,0
DA:290,0
DA:291,0
DA:294,0
DA:295,0
DA:297,0
DA:298,0
DA:303,0
DA:304,0
DA:307,0
LF:112
LH:0
BRDA:8,0,0,0
BRDA:8,0,1,0
BRDA:19,1,0,0
BRDA:19,1,1,0
BRDA:19,2,0,0
BRDA:19,2,1,0
BRDA:30,3,0,0
BRDA:30,3,1,0
BRDA:30,4,0,0
BRDA:30,4,1,0
BRDA:36,5,0,0
BRDA:36,5,1,0
BRDA:36,6,0,0
BRDA:36,6,1,0
BRDA:40,7,0,0
BRDA:40,7,1,0
BRDA:44,8,0,0
BRDA:44,8,1,0
BRDA:44,9,0,0
BRDA:44,9,1,0
BRDA:48,10,0,0
BRDA:48,10,1,0
BRDA:48,11,0,0
BRDA:48,11,1,0
BRDA:52,12,0,0
BRDA:52,12,1,0
BRDA:52,13,0,0
BRDA:52,13,1,0
BRDA:63,14,0,0
BRDA:63,14,1,0
BRDA:64,15,0,0
BRDA:64,15,1,0
BRDA:65,16,0,0
BRDA:65,16,1,0
BRDA:66,17,0,0
BRDA:66,17,1,0
BRDA:69,18,0,0
BRDA:69,18,1,0
BRDA:70,19,0,0
BRDA:70,19,1,0
BRDA:71,20,0,0
BRDA:71,20,1,0
BRDA:72,21,0,0
BRDA:72,21,1,0
BRDA:75,22,0,0
BRDA:75,22,1,0
BRDA:76,23,0,0
BRDA:76,23,1,0
BRDA:77,24,0,0
BRDA:77,24,1,0
BRDA:78,25,0,0
BRDA:78,25,1,0
BRDA:79,26,0,0
BRDA:79,26,1,0
BRDA:80,27,0,0
BRDA:80,27,1,0
BRDA:83,28,0,0
BRDA:83,28,1,0
BRDA:84,29,0,0
BRDA:84,29,1,0
BRDA:85,30,0,0
BRDA:85,30,1,0
BRDA:86,31,0,0
BRDA:86,31,1,0
BRDA:87,32,0,0
BRDA:87,32,1,0
BRDA:161,33,0,0
BRDA:161,33,1,0
BRDA:172,34,0,0
BRDA:172,34,1,0
BRDA:199,35,0,0
BRDA:199,35,1,0
BRDA:204,36,0,0
BRDA:204,36,1,0
BRDA:214,37,0,0
BRDA:214,37,1,0
BRDA:257,38,0,0
BRDA:257,38,1,0
BRDA:266,39,0,0
BRDA:266,39,1,0
BRDA:270,40,0,0
BRDA:270,40,1,0
BRDA:283,41,0,0
BRDA:283,41,1,0
BRDA:283,42,0,0
BRDA:283,42,1,0
BRDA:303,43,0,0
BRDA:303,43,1,0
BRF:88
BRH:0
end_of_record
TN:
SF:backend/investigate-data-inconsistencies.js
FN:4,investigateDataInconsistencies
FN:83,(anonymous_1)
FNF:2
FNH:0
FNDA:0,investigateDataInconsistencies
FNDA:0,(anonymous_1)
DA:1,0
DA:2,0
DA:5,0
DA:7,0
DA:9,0
DA:10,0
DA:12,0
DA:35,0
DA:36,0
DA:37,0
DA:40,0
DA:41,0
DA:43,0
DA:81,0
DA:82,0
DA:83,0
DA:84,0
DA:85,0
DA:86,0
DA:87,0
DA:91,0
DA:92,0
DA:94,0
DA:118,0
DA:119,0
DA:120,0
DA:123,0
DA:124,0
DA:126,0
DA:168,0
DA:169,0
DA:170,0
DA:173,0
DA:174,0
DA:176,0
DA:238,0
DA:239,0
DA:240,0
DA:243,0
DA:244,0
DA:246,0
DA:290,0
DA:291,0
DA:292,0
DA:295,0
DA:296,0
DA:298,0
DA:322,0
DA:323,0
DA:324,0
DA:327,0
DA:328,0
DA:330,0
DA:362,0
DA:363,0
DA:364,0
DA:367,0
DA:369,0
DA:373,0
LF:59
LH:0
BRF:0
BRH:0
end_of_record
TN:
SF:backend/investigate_base64_shapes.js
FN:12,investigate
FNF:1
FNH:0
FNDA:0,investigate
DA:1,0
DA:2,0
DA:4,0
DA:7,0
DA:13,0
DA:15,0
DA:17,0
DA:27,0
DA:28,0
DA:29,0
DA:30,0
DA:31,0
DA:32,0
DA:36,0
DA:43,0
DA:44,0
DA:47,0
DA:57,0
DA:58,0
DA:61,0
DA:63,0
DA:67,0
LF:22
LH:0
BRDA:4,0,0,0
BRDA:4,0,1,0
BRF:2
BRH:0
end_of_record
TN:
SF:backend/investigation.js
FN:12,investigate
FNF:1
FNH:0
FNDA:0,investigate
DA:1,0
DA:2,0
DA:4,0
DA:13,0
DA:14,0
DA:23,0
DA:24,0
DA:26,0
DA:35,0
DA:36,0
DA:39,0
DA:41,0
DA:45,0
LF:13
LH:0
BRDA:5,0,0,0
BRDA:5,0,1,0
BRF:2
BRH:0
end_of_record
TN:
SF:backend/migrate-drawing-data.js
FN:14,extractStrokeDataFromSignaturePad
FN:25,(anonymous_1)
FN:57,recalculateDrawingMetrics
FN:72,(anonymous_3)
FN:87,(anonymous_4)
FN:89,(anonymous_5)
FN:127,migrateDrawingData
FN:196,(anonymous_7)
FN:200,(anonymous_8)
FNF:9
FNH:0
FNDA:0,extractStrokeDataFromSignaturePad
FNDA:0,(anonymous_1)
FNDA:0,recalculateDrawingMetrics
FNDA:0,(anonymous_3)
FNDA:0,(anonymous_4)
FNDA:0,(anonymous_5)
FNDA:0,migrateDrawingData
FNDA:0,(anonymous_7)
FNDA:0,(anonymous_8)
DA:2,0
DA:3,0
DA:5,0
DA:15,0
DA:17,0
DA:18,0
DA:19,0
DA:20,0
DA:24,0
DA:25,0
DA:27,0
DA:28,0
DA:31,0
DA:32,0
DA:34,0
DA:39,0
DA:40,0
DA:44,0
DA:45,0
DA:48,0
DA:49,0
DA:51,0
DA:52,0
DA:58,0
DA:59,0
DA:61,0
DA:62,0
DA:71,0
DA:72,0
DA:75,0
DA:76,0
DA:77,0
DA:78,0
DA:79,0
DA:83,0
DA:84,0
DA:85,0
DA:87,0
DA:88,0
DA:89,0
DA:90,0
DA:91,0
DA:92,0
DA:93,0
DA:94,0
DA:100,0
DA:101,0
DA:110,0
DA:117,0
DA:118,0
DA:128,0
DA:130,0
DA:131,0
DA:134,0
DA:142,0
DA:144,0
DA:145,0
DA:147,0
DA:148,0
DA:149,0
DA:153,0
DA:154,0
DA:157,0
DA:158,0
DA:159,0
DA:163,0
DA:165,0
DA:168,0
DA:174,0
DA:175,0
DA:178,0
DA:179,0
DA:183,0
DA:184,0
DA:185,0
DA:186,0
DA:189,0
DA:194,0
DA:195,0
DA:197,0
DA:198,0
DA:201,0
DA:202,0
DA:206,0
LF:84
LH:0
BRDA:6,0,0,0
BRDA:6,0,1,0
BRDA:7,1,0,0
BRDA:7,1,1,0
BRDA:7,2,0,0
BRDA:7,2,1,0
BRDA:7,3,0,0
BRDA:7,3,1,0
BRDA:7,4,0,0
BRDA:7,4,1,0
BRDA:15,5,0,0
BRDA:15,5,1,0
BRDA:19,6,0,0
BRDA:19,6,1,0
BRDA:24,7,0,0
BRDA:24,7,1,0
BRDA:24,8,0,0
BRDA:24,8,1,0
BRDA:27,9,0,0
BRDA:27,9,1,0
BRDA:27,10,0,0
BRDA:27,10,1,0
BRDA:31,11,0,0
BRDA:31,11,1,0
BRDA:39,12,0,0
BRDA:39,12,1,0
BRDA:39,13,0,0
BRDA:39,13,1,0
BRDA:44,14,0,0
BRDA:44,14,1,0
BRDA:61,15,0,0
BRDA:61,15,1,0
BRDA:61,16,0,0
BRDA:61,16,1,0
BRDA:72,17,0,0
BRDA:72,17,1,0
BRDA:76,18,0,0
BRDA:76,18,1,0
BRDA:76,19,0,0
BRDA:76,19,1,0
BRDA:78,20,0,0
BRDA:78,20,1,0
BRDA:78,21,0,0
BRDA:78,21,1,0
BRDA:84,22,0,0
BRDA:84,22,1,0
BRDA:88,23,0,0
BRDA:88,23,1,0
BRDA:90,24,0,0
BRDA:90,24,1,0
BRDA:90,25,0,0
BRDA:90,25,1,0
BRDA:90,25,2,0
BRDA:100,26,0,0
BRDA:100,26,1,0
BRDA:100,27,0,0
BRDA:100,27,1,0
BRDA:154,28,0,0
BRDA:154,28,1,0
BRDA:194,29,0,0
BRDA:194,29,1,0
BRF:61
BRH:0
end_of_record
TN:
SF:backend/mlComparison.js
FN:4,compareSignaturesEnhanced
FN:26,(anonymous_1)
FN:90,compareSignaturesML
FN:188,compareMultipleSignaturesML
FN:195,(anonymous_4)
FNF:5
FNH:0
FNDA:0,compareSignaturesEnhanced
FNDA:0,(anonymous_1)
FNDA:0,compareSignaturesML
FNDA:0,compareMultipleSignaturesML
FNDA:0,(anonymous_4)
DA:1,0
DA:5,0
DA:7,0
DA:8,0
DA:9,0
DA:13,0
DA:14,0
DA:16,0
DA:22,0
DA:23,0
DA:26,0
DA:28,0
DA:30,0
DA:31,0
DA:34,0
DA:37,0
DA:38,0
DA:41,0
DA:42,0
DA:43,0
DA:44,0
DA:45,0
DA:47,0
DA:48,0
DA:52,0
DA:53,0
DA:56,0
DA:58,0
DA:61,0
DA:62,0
DA:65,0
DA:67,0
DA:75,0
DA:76,0
DA:78,0
DA:79,0
DA:83,0
DA:85,0
DA:91,0
DA:93,0
DA:94,0
DA:95,0
DA:99,0
DA:121,0
DA:124,0
DA:127,0
DA:129,0
DA:130,0
DA:132,0
DA:135,0
DA:136,0
DA:137,0
DA:140,0
DA:142,0
DA:162,0
DA:164,0
DA:167,0
DA:168,0
DA:174,0
DA:175,0
DA:177,0
DA:178,0
DA:182,0
DA:183,0
DA:189,0
DA:190,0
DA:194,0
DA:196,0
DA:201,0
DA:204,0
LF:70
LH:0
BRDA:7,0,0,0
BRDA:7,0,1,0
BRDA:7,1,0,0
BRDA:7,1,1,0
BRDA:7,1,2,0
BRDA:13,2,0,0
BRDA:13,2,1,0
BRDA:14,3,0,0
BRDA:14,3,1,0
BRDA:28,4,0,0
BRDA:28,4,1,0
BRDA:28,5,0,0
BRDA:28,5,1,0
BRDA:34,6,0,0
BRDA:34,6,1,0
BRDA:34,7,0,0
BRDA:34,7,1,0
BRDA:38,8,0,0
BRDA:38,8,1,0
BRDA:42,9,0,0
BRDA:42,9,1,0
BRDA:43,10,0,0
BRDA:43,10,1,0
BRDA:43,11,0,0
BRDA:43,11,1,0
BRDA:44,12,0,0
BRDA:44,12,1,0
BRDA:45,13,0,0
BRDA:45,13,1,0
BRDA:52,14,0,0
BRDA:52,14,1,0
BRDA:62,15,0,0
BRDA:62,15,1,0
BRDA:65,16,0,0
BRDA:65,16,1,0
BRDA:93,17,0,0
BRDA:93,17,1,0
BRDA:93,18,0,0
BRDA:93,18,1,0
BRDA:111,19,0,0
BRDA:111,19,1,0
BRDA:113,20,0,0
BRDA:113,20,1,0
BRDA:115,21,0,0
BRDA:115,21,1,0
BRDA:127,22,0,0
BRDA:127,22,1,0
BRDA:164,23,0,0
BRDA:164,23,1,0
BRDA:167,24,0,0
BRDA:167,24,1,0
BRDA:189,25,0,0
BRDA:189,25,1,0
BRDA:189,26,0,0
BRDA:189,26,1,0
BRDA:196,27,0,0
BRDA:196,27,1,0
BRF:57
BRH:0
end_of_record
TN:
SF:backend/monitor-stroke-system.js
FN:71,loadPreviousState
FN:83,saveCurrentState
FN:92,sendAlert
FN:124,sendEmailAlert
FN:130,sendWebhookAlert
FN:154,sendSlackAlert
FN:164,(anonymous_6)
FN:181,checkDataFormatDistribution
FN:198,(anonymous_8)
FN:240,checkAPIEndpointHealth
FN:322,checkRecentSignatures
FN:340,(anonymous_11)
FN:384,checkDataCorruption
FN:414,(anonymous_13)
FN:444,(anonymous_14)
FN:473,checkStorageUsageTrends
FN:555,checkErrorRates
FN:599,(anonymous_17)
FN:644,generateSummaryReport
FN:649,(anonymous_19)
FN:650,(anonymous_20)
FN:659,(anonymous_21)
FN:682,runMonitoring
FN:709,(anonymous_23)
FNF:24
FNH:0
FNDA:0,loadPreviousState
FNDA:0,saveCurrentState
FNDA:0,sendAlert
FNDA:0,sendEmailAlert
FNDA:0,sendWebhookAlert
FNDA:0,sendSlackAlert
FNDA:0,(anonymous_6)
FNDA:0,checkDataFormatDistribution
FNDA:0,(anonymous_8)
FNDA:0,checkAPIEndpointHealth
FNDA:0,checkRecentSignatures
FNDA:0,(anonymous_11)
FNDA:0,checkDataCorruption
FNDA:0,(anonymous_13)
FNDA:0,(anonymous_14)
FNDA:0,checkStorageUsageTrends
FNDA:0,checkErrorRates
FNDA:0,(anonymous_17)
FNDA:0,generateSummaryReport
FNDA:0,(anonymous_19)
FNDA:0,(anonymous_20)
FNDA:0,(anonymous_21)
FNDA:0,runMonitoring
FNDA:0,(anonymous_23)
DA:1,0
DA:2,0
DA:3,0
DA:4,0
DA:5,0
DA:6,0
DA:9,0
DA:53,0
DA:62,0
DA:72,0
DA:73,0
DA:74,0
DA:77,0
DA:79,0
DA:84,0
DA:85,0
DA:87,0
DA:93,0
DA:101,0
DA:103,0
DA:104,0
DA:105,0
DA:109,0
DA:110,0
DA:114,0
DA:115,0
DA:119,0
DA:120,0
DA:127,0
DA:131,0
DA:132,0
DA:138,0
DA:139,0
DA:140,0
DA:141,0
DA:145,0
DA:148,0
DA:150,0
DA:155,0
DA:156,0
DA:159,0
DA:164,0
DA:174,0
DA:176,0
DA:182,0
DA:183,0
DA:185,0
DA:186,0
DA:187,0
DA:197,0
DA:198,0
DA:199,0
DA:205,0
DA:208,0
DA:209,0
DA:211,0
DA:212,0
DA:219,0
DA:225,0
DA:228,0
DA:233,0
DA:234,0
DA:236,0
DA:241,0
DA:242,0
DA:244,0
DA:245,0
DA:251,0
DA:252,0
DA:254,0
DA:255,0
DA:256,0
DA:257,0
DA:260,0
DA:262,0
DA:269,0
DA:271,0
DA:272,0
DA:273,0
DA:278,0
DA:279,0
DA:286,0
DA:289,0
DA:295,0
DA:297,0
DA:298,0
DA:299,0
DA:306,0
DA:310,0
DA:311,0
DA:317,0
DA:318,0
DA:323,0
DA:324,0
DA:326,0
DA:327,0
DA:328,0
DA:337,0
DA:338,0
DA:340,0
DA:341,0
DA:342,0
DA:343,0
DA:347,0
DA:350,0
DA:356,0
DA:357,0
DA:364,0
DA:370,0
DA:373,0
DA:378,0
DA:380,0
DA:385,0
DA:386,0
DA:388,0
DA:389,0
DA:391,0
DA:407,0
DA:414,0
DA:415,0
DA:418,0
DA:422,0
DA:424,0
DA:425,0
DA:430,0
DA:434,0
DA:444,0
DA:445,0
DA:446,0
DA:453,0
DA:459,0
DA:462,0
DA:467,0
DA:469,0
DA:474,0
DA:475,0
DA:477,0
DA:478,0
DA:480,0
DA:489,0
DA:490,0
DA:497,0
DA:500,0
DA:501,0
DA:502,0
DA:503,0
DA:506,0
DA:507,0
DA:510,0
DA:511,0
DA:513,0
DA:514,0
DA:523,0
DA:533,0
DA:535,0
DA:541,0
DA:544,0
DA:549,0
DA:551,0
DA:556,0
DA:557,0
DA:559,0
DA:560,0
DA:562,0
DA:571,0
DA:572,0
DA:574,0
DA:583,0
DA:595,0
DA:596,0
DA:597,0
DA:598,0
DA:599,0
DA:601,0
DA:602,0
DA:603,0
DA:615,0
DA:616,0
DA:623,0
DA:629,0
DA:632,0
DA:637,0
DA:639,0
DA:645,0
DA:646,0
DA:647,0
DA:649,0
DA:650,0
DA:652,0
DA:653,0
DA:654,0
DA:655,0
DA:657,0
DA:658,0
DA:659,0
DA:660,0
DA:664,0
DA:665,0
DA:668,0
DA:669,0
DA:672,0
DA:673,0
DA:674,0
DA:677,0
DA:678,0
DA:683,0
DA:684,0
DA:685,0
DA:687,0
DA:689,0
DA:690,0
DA:691,0
DA:692,0
DA:693,0
DA:694,0
DA:697,0
DA:700,0
DA:703,0
DA:704,0
DA:709,0
DA:716,0
DA:719,0
DA:720,0
DA:725,0
DA:727,0
DA:732,0
LF:226
LH:0
BRDA:27,0,0,0
BRDA:27,0,1,0
BRDA:34,1,0,0
BRDA:34,1,1,0
BRDA:35,2,0,0
BRDA:35,2,1,0
BRDA:54,3,0,0
BRDA:54,3,1,0
BRDA:73,4,0,0
BRDA:73,4,1,0
BRDA:92,5,0,0
BRDA:103,6,0,0
BRDA:103,6,1,0
BRDA:109,7,0,0
BRDA:109,7,1,0
BRDA:114,8,0,0
BRDA:114,8,1,0
BRDA:119,9,0,0
BRDA:119,9,1,0
BRDA:139,10,0,0
BRDA:139,10,1,0
BRDA:156,11,0,0
BRDA:156,11,1,0
BRDA:157,12,0,0
BRDA:157,12,1,0
BRDA:199,13,0,0
BRDA:199,13,1,0
BRDA:208,14,0,0
BRDA:208,14,1,0
BRDA:209,15,0,0
BRDA:209,15,1,0
BRDA:209,16,0,0
BRDA:209,16,1,0
BRDA:211,17,0,0
BRDA:211,17,1,0
BRDA:244,18,0,0
BRDA:244,18,1,0
BRDA:266,19,0,0
BRDA:266,19,1,0
BRDA:271,20,0,0
BRDA:271,20,1,0
BRDA:271,21,0,0
BRDA:271,21,1,0
BRDA:278,22,0,0
BRDA:278,22,1,0
BRDA:297,23,0,0
BRDA:297,23,1,0
BRDA:313,24,0,0
BRDA:313,24,1,0
BRDA:317,25,0,0
BRDA:317,25,1,0
BRDA:342,26,0,0
BRDA:342,26,1,0
BRDA:347,27,0,0
BRDA:347,27,1,0
BRDA:356,28,0,0
BRDA:356,28,1,0
BRDA:356,29,0,0
BRDA:356,29,1,0
BRDA:424,30,0,0
BRDA:424,30,1,0
BRDA:445,31,0,0
BRDA:445,31,1,0
BRDA:455,32,0,0
BRDA:455,32,1,0
BRDA:492,33,0,0
BRDA:492,33,1,0
BRDA:493,34,0,0
BRDA:493,34,1,0
BRDA:494,35,0,0
BRDA:494,35,1,0
BRDA:501,36,0,0
BRDA:501,36,1,0
BRDA:501,37,0,0
BRDA:501,37,1,0
BRDA:503,38,0,0
BRDA:503,38,1,0
BRDA:513,39,0,0
BRDA:513,39,1,0
BRDA:572,40,0,0
BRDA:572,40,1,0
BRDA:596,41,0,0
BRDA:596,41,1,0
BRDA:601,42,0,0
BRDA:601,42,1,0
BRDA:601,43,0,0
BRDA:601,43,1,0
BRDA:615,44,0,0
BRDA:615,44,1,0
BRDA:615,45,0,0
BRDA:615,45,1,0
BRDA:625,46,0,0
BRDA:625,46,1,0
BRDA:657,47,0,0
BRDA:657,47,1,0
BRDA:664,48,0,0
BRDA:664,48,1,0
BRDA:673,49,0,0
BRDA:673,49,1,0
BRDA:703,50,0,0
BRDA:703,50,1,0
BRDA:716,51,0,0
BRDA:716,51,1,0
BRF:103
BRH:0
end_of_record
TN:
SF:backend/pre-deploy-check.js
FN:40,logCheck
FN:54,logSection
FN:58,formatDuration
FN:63,checkDatabaseMigrations
FN:101,(anonymous_4)
FN:150,checkStrokeDataStorage
FN:225,checkImageGeneration
FN:294,checkMLFeatureExtraction
FN:403,checkBackwardCompatibility
FN:475,checkAPIPerformance
FN:581,checkDashboardCompatibility
FN:594,(anonymous_11)
FN:632,(anonymous_12)
FN:673,generateSummaryReport
FN:688,(anonymous_14)
FN:695,(anonymous_15)
FN:737,runPreDeploymentChecks
FN:770,(anonymous_17)
FN:775,(anonymous_18)
FNF:19
FNH:0
FNDA:0,logCheck
FNDA:0,logSection
FNDA:0,formatDuration
FNDA:0,checkDatabaseMigrations
FNDA:0,(anonymous_4)
FNDA:0,checkStrokeDataStorage
FNDA:0,checkImageGeneration
FNDA:0,checkMLFeatureExtraction
FNDA:0,checkBackwardCompatibility
FNDA:0,checkAPIPerformance
FNDA:0,checkDashboardCompatibility
FNDA:0,(anonymous_11)
FNDA:0,(anonymous_12)
FNDA:0,generateSummaryReport
FNDA:0,(anonymous_14)
FNDA:0,(anonymous_15)
FNDA:0,runPreDeploymentChecks
FNDA:0,(anonymous_17)
FNDA:0,(anonymous_18)
DA:1,0
DA:2,0
DA:3,0
DA:4,0
DA:5,0
DA:6,0
DA:7,0
DA:10,0
DA:24,0
DA:33,0
DA:41,0
DA:42,0
DA:43,0
DA:45,0
DA:46,0
DA:47,0
DA:48,0
DA:50,0
DA:55,0
DA:59,0
DA:64,0
DA:65,0
DA:67,0
DA:69,0
DA:76,0
DA:78,0
DA:85,0
DA:86,0
DA:88,0
DA:89,0
DA:93,0
DA:99,0
DA:100,0
DA:101,0
DA:102,0
DA:105,0
DA:106,0
DA:111,0
DA:117,0
DA:118,0
DA:119,0
DA:126,0
DA:127,0
DA:128,0
DA:130,0
DA:131,0
DA:132,0
DA:133,0
DA:135,0
DA:140,0
DA:143,0
DA:144,0
DA:146,0
DA:151,0
DA:152,0
DA:154,0
DA:156,0
DA:169,0
DA:170,0
DA:175,0
DA:177,0
DA:178,0
DA:181,0
DA:182,0
DA:187,0
DA:189,0
DA:190,0
DA:191,0
DA:193,0
DA:196,0
DA:197,0
DA:198,0
DA:201,0
DA:205,0
DA:208,0
DA:209,0
DA:211,0
DA:212,0
DA:215,0
DA:218,0
DA:219,0
DA:221,0
DA:226,0
DA:228,0
DA:229,0
DA:240,0
DA:241,0
DA:242,0
DA:244,0
DA:245,0
DA:246,0
DA:250,0
DA:251,0
DA:252,0
DA:253,0
DA:255,0
DA:258,0
DA:259,0
DA:263,0
DA:269,0
DA:270,0
DA:272,0
DA:276,0
DA:277,0
DA:281,0
DA:282,0
DA:286,0
DA:289,0
DA:290,0
DA:295,0
DA:297,0
DA:305,0
DA:307,0
DA:327,0
DA:329,0
DA:330,0
DA:331,0
DA:334,0
DA:337,0
DA:342,0
DA:343,0
DA:344,0
DA:346,0
DA:352,0
DA:353,0
DA:355,0
DA:363,0
DA:364,0
DA:365,0
DA:367,0
DA:369,0
DA:370,0
DA:371,0
DA:374,0
DA:378,0
DA:379,0
DA:381,0
DA:385,0
DA:388,0
DA:392,0
DA:395,0
DA:398,0
DA:399,0
DA:404,0
DA:405,0
DA:407,0
DA:409,0
DA:416,0
DA:418,0
DA:419,0
DA:421,0
DA:424,0
DA:432,0
DA:433,0
DA:434,0
DA:437,0
DA:438,0
DA:442,0
DA:443,0
DA:445,0
DA:448,0
DA:454,0
DA:461,0
DA:462,0
DA:465,0
DA:468,0
DA:469,0
DA:471,0
DA:476,0
DA:478,0
DA:479,0
DA:481,0
DA:483,0
DA:484,0
DA:485,0
DA:487,0
DA:488,0
DA:493,0
DA:496,0
DA:497,0
DA:503,0
DA:504,0
DA:507,0
DA:512,0
DA:515,0
DA:519,0
DA:542,0
DA:544,0
DA:545,0
DA:546,0
DA:547,0
DA:550,0
DA:552,0
DA:553,0
DA:555,0
DA:559,0
DA:562,0
DA:563,0
DA:564,0
DA:565,0
DA:567,0
DA:569,0
DA:573,0
DA:576,0
DA:577,0
DA:582,0
DA:584,0
DA:586,0
DA:588,0
DA:590,0
DA:591,0
DA:592,0
DA:594,0
DA:596,0
DA:597,0
DA:599,0
DA:604,0
DA:605,0
DA:607,0
DA:615,0
DA:616,0
DA:617,0
DA:619,0
DA:620,0
DA:623,0
DA:624,0
DA:627,0
DA:631,0
DA:632,0
DA:633,0
DA:635,0
DA:639,0
DA:642,0
DA:646,0
DA:650,0
DA:655,0
DA:656,0
DA:657,0
DA:658,0
DA:660,0
DA:664,0
DA:667,0
DA:668,0
DA:674,0
DA:675,0
DA:677,0
DA:678,0
DA:679,0
DA:681,0
DA:682,0
DA:683,0
DA:684,0
DA:686,0
DA:687,0
DA:688,0
DA:689,0
DA:693,0
DA:694,0
DA:695,0
DA:696,0
DA:700,0
DA:702,0
DA:703,0
DA:704,0
DA:705,0
DA:708,0
DA:709,0
DA:712,0
DA:715,0
DA:716,0
DA:718,0
DA:730,0
DA:731,0
DA:733,0
DA:738,0
DA:746,0
DA:748,0
DA:749,0
DA:750,0
DA:751,0
DA:752,0
DA:753,0
DA:754,0
DA:757,0
DA:758,0
DA:761,0
DA:762,0
DA:763,0
DA:765,0
DA:770,0
DA:771,0
DA:772,0
DA:775,0
DA:776,0
DA:777,0
DA:778,0
DA:782,0
LF:297
LH:0
BRDA:25,0,0,0
BRDA:25,0,1,0
BRDA:40,1,0,0
BRDA:40,2,0,0
BRDA:41,3,0,0
BRDA:41,3,1,0
BRDA:41,4,0,0
BRDA:41,4,1,0
BRDA:42,5,0,0
BRDA:42,5,1,0
BRDA:42,6,0,0
BRDA:42,6,1,0
BRDA:43,7,0,0
BRDA:43,7,1,0
BRDA:45,8,0,0
BRDA:45,8,1,0
BRDA:47,9,0,0
BRDA:47,9,1,0
BRDA:76,10,0,0
BRDA:76,10,1,0
BRDA:85,11,0,0
BRDA:85,11,1,0
BRDA:99,12,0,0
BRDA:99,12,1,0
BRDA:126,13,0,0
BRDA:126,13,1,0
BRDA:131,14,0,0
BRDA:131,14,1,0
BRDA:189,15,0,0
BRDA:189,15,1,0
BRDA:196,16,0,0
BRDA:196,16,1,0
BRDA:208,17,0,0
BRDA:208,17,1,0
BRDA:211,18,0,0
BRDA:211,18,1,0
BRDA:244,19,0,0
BRDA:244,19,1,0
BRDA:244,20,0,0
BRDA:244,20,1,0
BRDA:269,21,0,0
BRDA:269,21,1,0
BRDA:269,22,0,0
BRDA:269,22,1,0
BRDA:277,23,0,0
BRDA:277,23,1,0
BRDA:281,24,0,0
BRDA:281,24,1,0
BRDA:329,25,0,0
BRDA:329,25,1,0
BRDA:343,26,0,0
BRDA:343,26,1,0
BRDA:363,27,0,0
BRDA:363,27,1,0
BRDA:367,28,0,0
BRDA:367,28,1,0
BRDA:371,29,0,0
BRDA:371,29,1,0
BRDA:371,30,0,0
BRDA:371,30,1,0
BRDA:371,30,2,0
BRDA:378,31,0,0
BRDA:378,31,1,0
BRDA:418,32,0,0
BRDA:418,32,1,0
BRDA:432,33,0,0
BRDA:432,33,1,0
BRDA:438,34,0,0
BRDA:438,34,1,0
BRDA:442,35,0,0
BRDA:442,35,1,0
BRDA:442,36,0,0
BRDA:442,36,1,0
BRDA:442,36,2,0
BRDA:442,36,3,0
BRDA:478,37,0,0
BRDA:478,37,1,0
BRDA:487,38,0,0
BRDA:487,38,1,0
BRDA:503,39,0,0
BRDA:503,39,1,0
BRDA:552,40,0,0
BRDA:552,40,1,0
BRDA:553,41,0,0
BRDA:553,41,1,0
BRDA:559,42,0,0
BRDA:559,42,1,0
BRDA:559,43,0,0
BRDA:559,43,1,0
BRDA:562,44,0,0
BRDA:562,44,1,0
BRDA:564,45,0,0
BRDA:564,45,1,0
BRDA:584,46,0,0
BRDA:584,46,1,0
BRDA:590,47,0,0
BRDA:590,47,1,0
BRDA:590,48,0,0
BRDA:590,48,1,0
BRDA:596,49,0,0
BRDA:596,49,1,0
BRDA:615,50,0,0
BRDA:615,50,1,0
BRDA:619,51,0,0
BRDA:619,51,1,0
BRDA:619,52,0,0
BRDA:619,52,1,0
BRDA:623,53,0,0
BRDA:623,53,1,0
BRDA:623,54,0,0
BRDA:623,54,1,0
BRDA:631,55,0,0
BRDA:631,55,1,0
BRDA:631,56,0,0
BRDA:631,56,1,0
BRDA:633,57,0,0
BRDA:633,57,1,0
BRDA:636,58,0,0
BRDA:636,58,1,0
BRDA:657,59,0,0
BRDA:657,59,1,0
BRDA:686,60,0,0
BRDA:686,60,1,0
BRDA:693,61,0,0
BRDA:693,61,1,0
BRDA:702,62,0,0
BRDA:702,62,1,0
BRDA:704,63,0,0
BRDA:704,63,1,0
BRDA:733,64,0,0
BRDA:733,64,1,0
BRF:131
BRH:0
end_of_record
TN:
SF:backend/pre-migration-validator.js
FN:5,validateMigrationReadiness
FN:26,(anonymous_1)
FN:28,(anonymous_2)
FN:39,(anonymous_3)
FN:53,(anonymous_4)
FN:56,(anonymous_5)
FN:74,(anonymous_6)
FN:82,(anonymous_7)
FNF:8
FNH:0
FNDA:0,validateMigrationReadiness
FNDA:0,(anonymous_1)
FNDA:0,(anonymous_2)
FNDA:0,(anonymous_3)
FNDA:0,(anonymous_4)
FNDA:0,(anonymous_5)
FNDA:0,(anonymous_6)
FNDA:0,(anonymous_7)
DA:1,0
DA:2,0
DA:3,0
DA:6,0
DA:15,0
DA:19,0
DA:26,0
DA:27,0
DA:28,0
DA:30,0
DA:31,0
DA:32,0
DA:38,0
DA:39,0
DA:40,0
DA:42,0
DA:45,0
DA:53,0
DA:54,0
DA:55,0
DA:56,0
DA:60,0
DA:61,0
DA:65,0
DA:70,0
DA:74,0
DA:75,0
DA:77,0
DA:78,0
DA:79,0
DA:81,0
DA:83,0
DA:84,0
LF:33
LH:0
BRDA:30,0,0,0
BRDA:30,0,1,0
BRDA:40,1,0,0
BRDA:40,1,1,0
BRDA:40,1,2,0
BRDA:54,2,0,0
BRDA:54,2,1,0
BRDA:75,3,0,0
BRDA:75,3,1,0
BRDA:77,4,0,0
BRDA:77,4,1,0
BRF:11
BRH:0
end_of_record
TN:
SF:backend/prepare_final_training_data.js
FN:7,prepareFinalTrainingData
FNF:1
FNH:0
FNDA:0,prepareFinalTrainingData
DA:1,0
DA:2,0
DA:5,0
DA:8,0
DA:10,0
DA:12,0
DA:25,0
DA:26,0
DA:27,0
DA:29,0
DA:31,0
DA:33,0
DA:36,0
DA:37,0
DA:39,0
DA:42,0
DA:43,0
DA:44,0
DA:45,0
DA:46,0
DA:48,0
DA:52,0
DA:53,0
DA:56,0
DA:57,0
DA:62,0
DA:64,0
DA:66,0
DA:67,0
DA:69,0
DA:70,0
DA:73,0
DA:76,0
DA:77,0
DA:78,0
DA:82,0
DA:83,0
DA:85,0
DA:86,0
DA:87,0
DA:90,0
DA:93,0
DA:94,0
DA:95,0
DA:96,0
DA:97,0
DA:98,0
DA:101,0
DA:106,0
DA:107,0
DA:110,0
LF:51
LH:0
BRDA:106,0,0,0
BRDA:106,0,1,0
BRF:2
BRH:0
end_of_record
TN:
SF:backend/run-all-stroke-tests.js
FN:102,log
FN:132,runTest
FN:133,(anonymous_2)
FN:163,(anonymous_3)
FN:171,(anonymous_4)
FN:179,(anonymous_5)
FN:187,(anonymous_6)
FN:207,(anonymous_7)
FN:233,generateSummaryReport
FN:237,(anonymous_9)
FN:238,(anonymous_10)
FN:239,(anonymous_11)
FN:239,(anonymous_12)
FN:260,(anonymous_13)
FN:261,(anonymous_14)
FN:286,(anonymous_15)
FN:286,(anonymous_16)
FN:322,(anonymous_17)
FN:336,runAllTests
FN:366,(anonymous_19)
FN:372,(anonymous_20)
FNF:21
FNH:0
FNDA:0,log
FNDA:0,runTest
FNDA:0,(anonymous_2)
FNDA:0,(anonymous_3)
FNDA:0,(anonymous_4)
FNDA:0,(anonymous_5)
FNDA:0,(anonymous_6)
FNDA:0,(anonymous_7)
FNDA:0,generateSummaryReport
FNDA:0,(anonymous_9)
FNDA:0,(anonymous_10)
FNDA:0,(anonymous_11)
FNDA:0,(anonymous_12)
FNDA:0,(anonymous_13)
FNDA:0,(anonymous_14)
FNDA:0,(anonymous_15)
FNDA:0,(anonymous_16)
FNDA:0,(anonymous_17)
FNDA:0,runAllTests
FNDA:0,(anonymous_19)
FNDA:0,(anonymous_20)
DA:1,0
DA:2,0
DA:3,0
DA:4,0
DA:7,0
DA:21,0
DA:88,0
DA:89,0
DA:92,0
DA:93,0
DA:94,0
DA:98,0
DA:99,0
DA:103,0
DA:104,0
DA:107,0
DA:110,0
DA:112,0
DA:113,0
DA:115,0
DA:116,0
DA:118,0
DA:119,0
DA:121,0
DA:122,0
DA:124,0
DA:125,0
DA:127,0
DA:133,0
DA:134,0
DA:135,0
DA:136,0
DA:137,0
DA:139,0
DA:151,0
DA:152,0
DA:157,0
DA:158,0
DA:162,0
DA:163,0
DA:164,0
DA:165,0
DA:166,0
DA:171,0
DA:172,0
DA:173,0
DA:174,0
DA:175,0
DA:179,0
DA:180,0
DA:181,0
DA:182,0
DA:183,0
DA:187,0
DA:188,0
DA:189,0
DA:190,0
DA:191,0
DA:192,0
DA:193,0
DA:194,0
DA:196,0
DA:197,0
DA:199,0
DA:202,0
DA:203,0
DA:207,0
DA:208,0
DA:209,0
DA:210,0
DA:211,0
DA:212,0
DA:214,0
DA:215,0
DA:216,0
DA:220,0
DA:221,0
DA:222,0
DA:223,0
DA:225,0
DA:226,0
DA:227,0
DA:234,0
DA:235,0
DA:237,0
DA:238,0
DA:239,0
DA:241,0
DA:242,0
DA:243,0
DA:245,0
DA:246,0
DA:247,0
DA:248,0
DA:250,0
DA:251,0
DA:252,0
DA:253,0
DA:257,0
DA:258,0
DA:260,0
DA:261,0
DA:262,0
DA:263,0
DA:265,0
DA:266,0
DA:267,0
DA:269,0
DA:270,0
DA:271,0
DA:272,0
DA:274,0
DA:275,0
DA:278,0
DA:282,0
DA:283,0
DA:284,0
DA:286,0
DA:287,0
DA:288,0
DA:289,0
DA:290,0
DA:291,0
DA:292,0
DA:299,0
DA:300,0
DA:306,0
DA:307,0
DA:308,0
DA:311,0
DA:312,0
DA:322,0
DA:329,0
DA:330,0
DA:332,0
DA:337,0
DA:345,0
DA:346,0
DA:349,0
DA:350,0
DA:353,0
DA:354,0
DA:359,0
DA:362,0
DA:366,0
DA:367,0
DA:368,0
DA:369,0
DA:372,0
DA:373,0
DA:374,0
DA:375,0
DA:379,0
LF:153
LH:0
BRDA:93,0,0,0
BRDA:93,0,1,0
BRDA:102,1,0,0
BRDA:110,2,0,0
BRDA:110,2,1,0
BRDA:110,2,2,0
BRDA:110,2,3,0
BRDA:110,2,4,0
BRDA:110,2,5,0
BRDA:162,3,0,0
BRDA:162,3,1,0
BRDA:194,4,0,0
BRDA:194,4,1,0
BRDA:196,5,0,0
BRDA:196,5,1,0
BRDA:239,6,0,0
BRDA:239,6,1,0
BRDA:252,7,0,0
BRDA:252,7,1,0
BRDA:262,8,0,0
BRDA:262,8,1,0
BRDA:263,9,0,0
BRDA:263,9,1,0
BRDA:269,10,0,0
BRDA:269,10,1,0
BRDA:270,11,0,0
BRDA:270,11,1,0
BRDA:271,12,0,0
BRDA:271,12,1,0
BRDA:274,13,0,0
BRDA:274,13,1,0
BRDA:282,14,0,0
BRDA:282,14,1,0
BRDA:288,15,0,0
BRDA:288,15,1,0
BRDA:291,16,0,0
BRDA:291,16,1,0
BRDA:300,17,0,0
BRDA:300,17,1,0
BRDA:302,18,0,0
BRDA:302,18,1,0
BRDA:325,19,0,0
BRDA:325,19,1,0
BRDA:332,20,0,0
BRDA:332,20,1,0
BRDA:353,21,0,0
BRDA:353,21,1,0
[...]
DA:56,0
DA:57,0
DA:58,0
DA:61,0
DA:67,0
DA:68,0
DA:71,0
DA:72,0
DA:74,0
DA:75,0
DA:76,0
DA:78,0
DA:81,0
DA:84,0
DA:87,0
DA:89,0
DA:96,0
DA:104,0
DA:105,0
DA:106,0
DA:109,0
DA:110,0
DA:112,0
DA:113,0
DA:117,0
DA:118,0
DA:119,0
DA:120,0
DA:124,0
DA:125,0
DA:126,0
DA:134,0
DA:136,0
DA:139,0
DA:140,0
DA:144,0
DA:145,0
DA:146,0
DA:148,0
DA:149,0
DA:152,0
DA:153,0
DA:154,0
DA:155,0
DA:156,0
DA:157,0
DA:165,0
DA:166,0
DA:167,0
DA:168,0
DA:169,0
DA:172,0
DA:173,0
DA:174,0
DA:176,0
DA:180,0
DA:185,0
DA:186,0
DA:187,0
DA:189,0
DA:193,0
DA:194,0
DA:196,0
DA:197,0
DA:200,0
DA:201,0
DA:205,0
LF:87
LH:0
BRDA:17,0,0,0
BRDA:17,0,1,0
BRDA:56,1,0,0
BRDA:56,1,1,0
BRDA:67,2,0,0
BRDA:67,2,1,0
BRDA:75,3,0,0
BRDA:75,3,1,0
BRDA:76,4,0,0
BRDA:76,4,1,0
BRDA:110,5,0,0
BRDA:110,5,1,0
BRDA:110,6,0,0
BRDA:110,6,1,0
BRDA:112,7,0,0
BRDA:112,7,1,0
BRDA:117,8,0,0
BRDA:117,8,1,0
BRDA:125,9,0,0
BRDA:125,9,1,0
BRDA:125,10,0,0
BRDA:125,10,1,0
BRDA:145,11,0,0
BRDA:145,11,1,0
BRDA:145,12,0,0
BRDA:145,12,1,0
BRDA:148,13,0,0
BRDA:148,13,1,0
BRDA:148,14,0,0
BRDA:148,14,1,0
BRDA:152,15,0,0
BRDA:152,15,1,0
BRDA:152,16,0,0
BRDA:152,16,1,0
BRDA:154,17,0,0
BRDA:154,17,1,0
BRDA:167,18,0,0
BRDA:167,18,1,0
BRDA:172,19,0,0
BRDA:172,19,1,0
BRDA:193,20,0,0
BRDA:193,20,1,0
BRF:42
BRH:0
end_of_record
TN:
SF:backend/updateDatabase.js
FN:13,updateDatabase
FNF:1
FNH:0
FNDA:0,updateDatabase
DA:2,0
DA:3,0
DA:5,0
DA:14,0
DA:15,0
DA:18,0
DA:25,0
DA:26,0
DA:27,0
DA:28,0
DA:30,0
DA:34,0
DA:41,0
DA:42,0
DA:43,0
DA:44,0
DA:46,0
DA:50,0
DA:51,0
DA:57,0
DA:59,0
DA:60,0
DA:66,0
DA:69,0
DA:76,0
DA:77,0
DA:78,0
DA:88,0
DA:90,0
DA:93,0
DA:96,0
DA:98,0
DA:102,0
LF:33
LH:0
BRDA:6,0,0,0
BRDA:6,0,1,0
BRDA:7,1,0,0
BRDA:7,1,1,0
BRDA:7,2,0,0
BRDA:7,2,1,0
BRDA:7,3,0,0
BRDA:7,3,1,0
BRDA:7,4,0,0
BRDA:7,4,1,0
BRDA:25,5,0,0
BRDA:25,5,1,0
BRDA:41,6,0,0
BRDA:41,6,1,0
BRDA:76,7,0,0
BRDA:76,7,1,0
BRF:16
BRH:0
end_of_record
TN:
SF:backend/updateMLFeatures.js
FN:14,calculateMLFeatures
FN:16,(anonymous_1)
FN:50,updateMLFeatures
FN:73,(anonymous_3)
FNF:4
FNH:0
FNDA:0,calculateMLFeatures
FNDA:0,(anonymous_1)
FNDA:0,updateMLFeatures
FNDA:0,(anonymous_3)
DA:2,0
DA:3,0
DA:5,0
DA:16,0
DA:17,0
DA:21,0
DA:22,0
DA:24,0
DA:51,0
DA:52,0
DA:55,0
DA:62,0
DA:64,0
DA:65,0
DA:67,0
DA:68,0
DA:71,0
DA:73,0
DA:75,0
DA:76,0
DA:77,0
DA:81,0
DA:84,0
DA:89,0
DA:90,0
DA:93,0
DA:94,0
DA:95,0
DA:96,0
DA:99,0
DA:101,0
DA:106,0
LF:32
LH:0
BRDA:6,0,0,0
BRDA:6,0,1,0
BRDA:16,1,0,0
BRDA:16,1,1,0
BRDA:16,2,0,0
BRDA:16,2,1,0
BRDA:21,3,0,0
BRDA:21,3,1,0
BRDA:21,3,2,0
BRDA:22,4,0,0
BRDA:22,4,1,0
BRDA:25,5,0,0
BRDA:25,5,1,0
BRDA:26,6,0,0
BRDA:26,6,1,0
BRDA:27,7,0,0
BRDA:27,7,1,0
BRDA:27,7,2,0
BRDA:28,8,0,0
BRDA:28,8,1,0
BRDA:30,9,0,0
BRDA:30,9,1,0
BRDA:34,10,0,0
BRDA:34,10,1,0
BRDA:35,11,0,0
BRDA:35,11,1,0
BRDA:36,12,0,0
BRDA:36,12,1,0
BRDA:36,13,0,0
BRDA:36,13,1,0
BRDA:37,14,0,0
BRDA:37,14,1,0
BRDA:38,15,0,0
BRDA:38,15,1,0
BRDA:39,16,0,0
BRDA:39,16,1,0
BRDA:40,17,0,0
BRDA:40,17,1,0
BRDA:40,18,0,0
BRDA:40,18,1,0
BRDA:42,19,0,0
BRDA:42,19,1,0
BRDA:44,20,0,0
BRDA:44,20,1,0
BRDA:44,21,0,0
BRDA:44,21,1,0
BRDA:71,22,0,0
BRDA:71,22,1,0
BRDA:71,22,2,0
BRDA:73,23,0,0
BRDA:73,23,1,0
BRDA:75,24,0,0
BRDA:75,24,1,0
BRF:53
BRH:0
end_of_record
TN:
SF:backend/update_to_stroke_storage.js
FN:14,extractStrokeData
FN:52,migrateExistingData
FN:103,storeSignatureWithStrokeData
FN:136,getSignatureData
FN:188,(anonymous_4)
FN:192,(anonymous_5)
FNF:6
FNH:0
FNDA:0,extractStrokeData
FNDA:0,migrateExistingData
FNDA:0,storeSignatureWithStrokeData
FNDA:0,getSignatureData
FNDA:0,(anonymous_4)
FNDA:0,(anonymous_5)
DA:1,0
DA:2,0
DA:5,0
DA:15,0
DA:17,0
DA:18,0
DA:19,0
DA:20,0
DA:24,0
DA:25,0
DA:29,0
DA:30,0
DA:34,0
DA:35,0
DA:39,0
DA:40,0
DA:43,0
DA:44,0
DA:46,0
DA:47,0
DA:53,0
DA:55,0
DA:56,0
DA:59,0
DA:66,0
DA:68,0
DA:69,0
DA:71,0
DA:72,0
DA:73,0
DA:75,0
DA:77,0
DA:83,0
DA:84,0
DA:86,0
DA:87,0
DA:90,0
DA:91,0
DA:95,0
DA:98,0
DA:104,0
DA:106,0
DA:108,0
DA:110,0
DA:111,0
DA:115,0
DA:121,0
DA:123,0
DA:131,0
DA:137,0
DA:139,0
DA:140,0
DA:146,0
DA:147,0
DA:150,0
DA:153,0
DA:154,0
DA:162,0
DA:163,0
DA:170,0
DA:173,0
DA:178,0
DA:186,0
DA:187,0
DA:189,0
DA:190,0
DA:193,0
DA:194,0
LF:68
LH:0
BRDA:6,0,0,0
BRDA:6,0,1,0
BRDA:7,1,0,0
BRDA:7,1,1,0
BRDA:7,2,0,0
BRDA:7,2,1,0
BRDA:7,3,0,0
BRDA:7,3,1,0
BRDA:7,4,0,0
BRDA:7,4,1,0
BRDA:15,5,0,0
BRDA:15,5,1,0
BRDA:19,6,0,0
BRDA:19,6,1,0
BRDA:24,7,0,0
BRDA:24,7,1,0
BRDA:24,8,0,0
BRDA:24,8,1,0
BRDA:29,9,0,0
BRDA:29,9,1,0
BRDA:29,10,0,0
BRDA:29,10,1,0
BRDA:34,11,0,0
BRDA:34,11,1,0
BRDA:34,12,0,0
BRDA:34,12,1,0
BRDA:39,13,0,0
BRDA:39,13,1,0
BRDA:75,14,0,0
BRDA:75,14,1,0
BRDA:103,15,0,0
BRDA:110,16,0,0
BRDA:110,16,1,0
BRDA:146,17,0,0
BRDA:146,17,1,0
BRDA:153,18,0,0
BRDA:153,18,1,0
BRDA:153,19,0,0
BRDA:153,19,1,0
BRDA:162,20,0,0
BRDA:162,20,1,0
BRDA:186,21,0,0
BRDA:186,21,1,0
BRF:43
BRH:0
end_of_record
TN:
SF:backend/validate-stroke-data-flow.js
FN:37,logSuccess
FN:42,logWarning
FN:47,logError
FN:52,logSection
FN:57,validateDatabaseSchema
FN:113,(anonymous_5)
FN:130,validateExistingData
FN:243,validateAPIEndpoints
FN:331,testEndToEndFlow
FN:412,testBackwardCompatibility
FN:471,generateReport
FN:485,(anonymous_11)
FN:492,(anonymous_12)
FN:512,runValidation
FNF:14
FNH:0
FNDA:0,logSuccess
FNDA:0,logWarning
FNDA:0,logError
FNDA:0,logSection
FNDA:0,validateDatabaseSchema
FNDA:0,(anonymous_5)
FNDA:0,validateExistingData
FNDA:0,validateAPIEndpoints
FNDA:0,testEndToEndFlow
FNDA:0,testBackwardCompatibility
FNDA:0,generateReport
FNDA:0,(anonymous_11)
FNDA:0,(anonymous_12)
FNDA:0,runValidation
DA:1,0
DA:2,0
DA:3,0
DA:4,0
DA:7,0
DA:19,0
DA:28,0
DA:38,0
DA:39,0
DA:43,0
DA:44,0
DA:48,0
DA:49,0
DA:53,0
DA:58,0
DA:59,0
DA:61,0
DA:63,0
DA:70,0
DA:71,0
DA:72,0
DA:74,0
DA:77,0
DA:83,0
DA:84,0
DA:91,0
DA:92,0
DA:94,0
DA:95,0
DA:96,0
DA:98,0
DA:104,0
DA:111,0
DA:112,0
DA:113,0
DA:114,0
DA:117,0
DA:120,0
DA:123,0
DA:124,0
DA:126,0
DA:131,0
DA:132,0
DA:134,0
DA:136,0
DA:150,0
DA:151,0
DA:152,0
DA:155,0
DA:158,0
DA:164,0
DA:170,0
DA:172,0
DA:173,0
DA:176,0
DA:177,0
DA:178,0
DA:179,0
DA:180,0
DA:181,0
DA:185,0
DA:186,0
DA:188,0
DA:189,0
DA:191,0
DA:196,0
DA:197,0
DA:198,0
DA:199,0
DA:201,0
DA:202,0
DA:204,0
DA:205,0
DA:207,0
DA:208,0
DA:212,0
DA:220,0
DA:221,0
DA:222,0
DA:225,0
DA:226,0
DA:227,0
DA:228,0
DA:229,0
DA:233,0
DA:236,0
DA:237,0
DA:239,0
DA:244,0
DA:247,0
DA:249,0
DA:251,0
DA:252,0
DA:253,0
DA:256,0
DA:257,0
DA:261,0
DA:262,0
DA:263,0
DA:269,0
DA:270,0
DA:271,0
DA:274,0
DA:277,0
DA:278,0
DA:279,0
DA:280,0
DA:283,0
DA:284,0
DA:285,0
DA:287,0
DA:288,0
DA:292,0
DA:296,0
DA:297,0
DA:301,0
DA:302,0
DA:303,0
DA:304,0
DA:307,0
DA:311,0
DA:312,0
DA:314,0
DA:315,0
DA:318,0
DA:321,0
DA:324,0
DA:325,0
DA:327,0
DA:332,0
DA:334,0
DA:354,0
DA:356,0
DA:358,0
DA:359,0
DA:365,0
DA:366,0
DA:369,0
DA:375,0
DA:376,0
DA:377,0
DA:380,0
DA:381,0
DA:383,0
DA:387,0
DA:388,0
DA:389,0
DA:390,0
DA:391,0
DA:394,0
DA:399,0
DA:400,0
DA:402,0
DA:405,0
DA:406,0
DA:408,0
DA:413,0
DA:415,0
DA:417,0
DA:419,0
DA:425,0
DA:427,0
DA:428,0
DA:429,0
DA:432,0
DA:435,0
DA:443,0
DA:444,0
DA:445,0
DA:448,0
DA:449,0
DA:453,0
DA:454,0
DA:461,0
DA:464,0
DA:465,0
DA:467,0
DA:472,0
DA:474,0
DA:475,0
DA:477,0
DA:478,0
DA:479,0
DA:480,0
DA:481,0
DA:483,0
DA:484,0
DA:485,0
DA:486,0
DA:490,0
DA:491,0
DA:492,0
DA:493,0
DA:494,0
DA:495,0
DA:501,0
DA:502,0
DA:506,0
DA:508,0
DA:513,0
DA:519,0
DA:521,0
DA:522,0
DA:523,0
DA:524,0
DA:525,0
DA:528,0
DA:529,0
DA:532,0
DA:533,0
DA:535,0
DA:540,0
LF:212
LH:0
BRDA:20,0,0,0
BRDA:20,0,1,0
BRDA:47,1,0,0
BRDA:70,2,0,0
BRDA:70,2,1,0
BRDA:91,3,0,0
BRDA:91,3,1,0
BRDA:95,4,0,0
BRDA:95,4,1,0
BRDA:111,5,0,0
BRDA:111,5,1,0
BRDA:150,6,0,0
BRDA:150,6,1,0
BRDA:172,7,0,0
BRDA:172,7,1,0
BRDA:176,8,0,0
BRDA:176,8,1,0
BRDA:179,9,0,0
BRDA:179,9,1,0
BRDA:185,10,0,0
BRDA:185,10,1,0
BRDA:188,11,0,0
BRDA:188,11,1,0
BRDA:201,12,0,0
BRDA:201,12,1,0
BRDA:204,13,0,0
BRDA:204,13,1,0
BRDA:207,14,0,0
BRDA:207,14,1,0
BRDA:220,15,0,0
BRDA:220,15,1,0
BRDA:226,16,0,0
BRDA:226,16,1,0
BRDA:247,17,0,0
BRDA:247,17,1,0
BRDA:252,18,0,0
BRDA:252,18,1,0
BRDA:269,19,0,0
BRDA:269,19,1,0
BRDA:279,20,0,0
BRDA:279,20,1,0
BRDA:279,21,0,0
BRDA:279,21,1,0
BRDA:284,22,0,0
BRDA:284,22,1,0
BRDA:285,23,0,0
BRDA:285,23,1,0
BRDA:287,24,0,0
BRDA:287,24,1,0
BRDA:301,25,0,0
BRDA:301,25,1,0
BRDA:314,26,0,0
BRDA:314,26,1,0
BRDA:375,27,0,0
BRDA:375,27,1,0
BRDA:380,28,0,0
BRDA:380,28,1,0
BRDA:389,29,0,0
BRDA:389,29,1,0
BRDA:389,30,0,0
BRDA:389,30,1,0
BRDA:427,31,0,0
BRDA:427,31,1,0
BRDA:443,32,0,0
BRDA:443,32,1,0
BRDA:449,33,0,0
BRDA:449,33,1,0
BRDA:453,34,0,0
BRDA:453,34,1,0
BRDA:453,35,0,0
BRDA:453,35,1,0
BRDA:453,35,2,0
BRDA:483,36,0,0
BRDA:483,36,1,0
BRDA:490,37,0,0
BRDA:490,37,1,0
BRDA:494,38,0,0
BRDA:494,38,1,0
BRDA:501,39,0,0
BRDA:501,39,1,0
BRDA:502,40,0,0
BRDA:502,40,1,0
BRF:82
BRH:0
end_of_record
TN:
SF:backend/verify-enhanced-features-schema.js
FN:4,verifyEnhancedFeaturesSchema
FNF:1
FNH:0
FNDA:0,verifyEnhancedFeaturesSchema
DA:1,0
DA:2,0
DA:5,0
DA:13,0
DA:15,0
DA:21,0
DA:22,0
DA:23,0
DA:25,0
DA:30,0
DA:33,0
DA:38,0
DA:40,0
DA:43,0
DA:45,0
DA:46,0
DA:48,0
DA:53,0
LF:18
LH:0
BRDA:6,0,0,0
BRDA:6,0,1,0
BRDA:7,1,0,0
BRDA:7,1,1,0
BRDA:7,2,0,0
BRDA:7,2,1,0
BRDA:7,3,0,0
BRDA:7,3,1,0
BRDA:7,4,0,0
BRDA:7,4,1,0
BRDA:21,5,0,0
BRDA:21,5,1,0
BRF:12
BRH:0
end_of_record
TN:
SF:backend/verifyMetrics.js
FN:11,verifyMetrics
FNF:1
FNH:0
FNDA:0,verifyMetrics
DA:1,0
DA:3,0
DA:5,0
DA:12,0
DA:14,0
DA:21,0
DA:24,0
DA:30,0
DA:33,0
DA:35,0
DA:39,0
LF:11
LH:0
BRDA:6,0,0,0
BRDA:6,0,1,0
BRF:2
BRH:0
end_of_record
TN:
SF:backend/verifyTables.js
FN:13,verifyTables
FN:26,(anonymous_1)
FN:31,(anonymous_2)
FN:46,(anonymous_3)
FN:62,(anonymous_4)
FN:63,(anonymous_5)
FNF:6
FNH:0
FNDA:0,verifyTables
FNDA:0,(anonymous_1)
FNDA:0,(anonymous_2)
FNDA:0,(anonymous_3)
FNDA:0,(anonymous_4)
FNDA:0,(anonymous_5)
DA:2,0
DA:3,0
DA:5,0
DA:14,0
DA:15,0
DA:18,0
DA:25,0
DA:26,0
DA:27,0
DA:31,0
DA:33,0
DA:34,0
DA:35,0
DA:38,0
DA:45,0
DA:46,0
DA:47,0
DA:51,0
DA:52,0
DA:55,0
DA:56,0
DA:60,0
DA:61,0
DA:62,0
DA:63,0
DA:64,0
DA:68,0
DA:69,0
DA:70,0
DA:73,0
DA:77,0
LF:31
LH:0
BRDA:6,0,0,0
BRDA:6,0,1,0
BRDA:34,1,0,0
BRDA:34,1,1,0
BRDA:47,2,0,0
BRDA:47,2,1,0
BRDA:64,3,0,0
BRDA:64,3,1,0
BRDA:69,4,0,0
BRDA:69,4,1,0
BRF:10
BRH:0
end_of_record
TN:
SF:backend/verify_training_data_balance.js
FN:6,verifyTrainingDataBalance
FN:12,(anonymous_1)
FN:90,(anonymous_2)
FNF:3
FNH:0
FNDA:0,verifyTrainingDataBalance
FNDA:0,(anonymous_1)
FNDA:0,(anonymous_2)
DA:1,0
DA:2,0
DA:4,0
DA:7,0
DA:9,0
DA:11,0
DA:12,0
DA:14,0
DA:17,0
DA:18,0
DA:19,0
DA:20,0
DA:21,0
DA:28,0
DA:29,0
DA:30,0
DA:33,0
DA:34,0
DA:36,0
DA:39,0
DA:40,0
DA:44,0
DA:45,0
DA:46,0
DA:49,0
DA:50,0
DA:52,0
DA:56,0
DA:57,0
DA:58,0
DA:59,0
DA:60,0
DA:62,0
DA:63,0
DA:64,0
DA:66,0
DA:67,0
DA:68,0
DA:70,0
DA:71,0
DA:72,0
DA:74,0
DA:75,0
DA:76,0
DA:81,0
DA:84,0
DA:85,0
DA:86,0
DA:87,0
DA:89,0
DA:90,0
DA:91,0
DA:94,0
DA:95,0
DA:96,0
DA:97,0
DA:98,0
DA:100,0
DA:101,0
DA:104,0
DA:105,0
DA:106,0
DA:107,0
DA:108,0
DA:111,0
DA:112,0
DA:113,0
DA:115,0
DA:116,0
DA:118,0
DA:119,0
DA:121,0
DA:122,0
DA:124,0
DA:125,0
DA:129,0
DA:130,0
DA:134,0
DA:139,0
DA:140,0
DA:143,0
LF:81
LH:0
BRDA:12,0,0,0
BRDA:12,0,1,0
BRDA:33,1,0,0
BRDA:33,1,1,0
BRDA:39,2,0,0
BRDA:39,2,1,0
BRDA:40,3,0,0
BRDA:40,3,1,0
BRDA:44,4,0,0
BRDA:44,4,1,0
BRDA:45,5,0,0
BRDA:45,5,1,0
BRDA:49,6,0,0
BRDA:49,6,1,0
BRDA:56,7,0,0
BRDA:56,7,1,0
BRDA:62,8,0,0
BRDA:62,8,1,0
BRDA:66,9,0,0
BRDA:66,9,1,0
BRDA:70,10,0,0
BRDA:70,10,1,0
BRDA:74,11,0,0
BRDA:74,11,1,0
BRDA:100,12,0,0
BRDA:100,12,1,0
BRDA:112,13,0,0
BRDA:112,13,1,0
BRDA:115,14,0,0
BRDA:115,14,1,0
BRDA:118,15,0,0
BRDA:118,15,1,0
BRDA:121,16,0,0
BRDA:121,16,1,0
BRDA:124,17,0,0
BRDA:124,17,1,0
BRDA:129,18,0,0
BRDA:129,18,1,0
BRDA:139,19,0,0
BRDA:139,19,1,0
BRF:40
BRH:0
end_of_record
TN:
SF:backend/phase2/batch_processing_script.js
FN:49,log
FN:66,getTotalCount
FN:91,fetchBatch
FN:125,processShape
FN:186,updateShapeMetrics
FN:201,processBatch
FN:274,processAllShapes
FN:321,(anonymous_7)
FN:352,printFinalStats
FN:359,(anonymous_9)
FN:386,(anonymous_10)
FN:395,(anonymous_11)
FN:397,(anonymous_12)
FN:408,main
FN:422,(anonymous_14)
FNF:15
FNH:0
FNDA:0,log
FNDA:0,getTotalCount
FNDA:0,fetchBatch
FNDA:0,processShape
FNDA:0,updateShapeMetrics
FNDA:0,processBatch
FNDA:0,processAllShapes
FNDA:0,(anonymous_7)
FNDA:0,printFinalStats
FNDA:0,(anonymous_9)
FNDA:0,(anonymous_10)
FNDA:0,(anonymous_11)
FNDA:0,(anonymous_12)
FNDA:0,main
FNDA:0,(anonymous_14)
DA:8,0
DA:9,0
DA:15,0
DA:18,0
DA:28,0
DA:34,0
DA:50,0
DA:52,0
DA:53,0
DA:60,0
DA:67,0
DA:84,0
DA:85,0
DA:92,0
DA:118,0
DA:119,0
DA:126,0
DA:128,0
DA:130,0
DA:131,0
DA:132,0
DA:140,0
DA:141,0
DA:142,0
DA:150,0
DA:151,0
DA:152,0
DA:160,0
DA:163,0
DA:164,0
DA:166,0
DA:174,0
DA:187,0
DA:195,0
DA:202,0
DA:203,0
DA:210,0
DA:213,0
DA:215,0
DA:217,0
DA:218,0
DA:220,0
DA:222,0
DA:224,0
DA:225,0
DA:226,0
DA:229,0
DA:230,0
DA:231,0
DA:232,0
DA:234,0
DA:236,0
DA:237,0
DA:238,0
DA:239,0
DA:244,0
DA:248,0
DA:249,0
DA:250,0
DA:251,0
DA:256,0
DA:259,0
DA:262,0
DA:265,0
DA:266,0
DA:268,0
DA:275,0
DA:276,0
DA:278,0
DA:280,0
DA:282,0
DA:283,0
DA:285,0
DA:286,0
DA:287,0
DA:290,0
DA:291,0
DA:294,0
DA:295,0
DA:298,0
DA:299,0
DA:302,0
DA:304,0
DA:305,0
DA:306,0
DA:309,0
DA:312,0
DA:315,0
DA:316,0
DA:319,0
DA:320,0
DA:321,0
DA:325,0
DA:328,0
DA:329,0
DA:334,0
DA:335,0
DA:336,0
DA:342,0
DA:346,0
DA:353,0
DA:354,0
DA:358,0
DA:359,0
DA:362,0
DA:363,0
DA:364,0
DA:365,0
DA:366,0
DA:367,0
DA:368,0
DA:369,0
DA:370,0
DA:371,0
DA:372,0
DA:373,0
DA:375,0
DA:376,0
DA:379,0
DA:380,0
DA:381,0
DA:382,0
DA:385,0
DA:386,0
DA:387,0
DA:388,0
DA:389,0
DA:391,0
DA:394,0
DA:395,0
DA:398,0
DA:402,0
DA:409,0
DA:410,0
DA:411,0
DA:413,0
DA:414,0
DA:415,0
DA:417,0
DA:422,0
DA:423,0
DA:424,0
DA:425,0
DA:426,0
DA:430,0
DA:431,0
DA:434,0
LF:147
LH:0
BRDA:19,0,0,0
BRDA:19,0,1,0
BRDA:20,1,0,0
BRDA:20,1,1,0
BRDA:21,2,0,0
BRDA:21,2,1,0
BRDA:29,3,0,0
BRDA:29,3,1,0
BRDA:29,4,0,0
BRDA:29,4,1,0
BRDA:29,5,0,0
BRDA:29,5,1,0
BRDA:29,6,0,0
BRDA:29,6,1,0
BRDA:29,7,0,0
BRDA:29,7,1,0
BRDA:49,8,0,0
BRDA:50,9,0,0
BRDA:50,9,1,0
BRDA:50,10,0,0
BRDA:50,10,1,0
BRDA:53,11,0,0
BRDA:53,11,1,0
BRDA:81,12,0,0
BRDA:81,12,1,0
BRDA:112,13,0,0
BRDA:112,13,1,0
BRDA:131,14,0,0
BRDA:131,14,1,0
BRDA:141,15,0,0
BRDA:141,15,1,0
BRDA:151,16,0,0
BRDA:151,16,1,0
BRDA:224,17,0,0
BRDA:224,17,1,0
BRDA:225,18,0,0
BRDA:225,18,1,0
BRDA:285,19,0,0
BRDA:285,19,1,0
BRDA:290,20,0,0
BRDA:290,20,1,0
BRDA:298,21,0,0
BRDA:298,21,1,0
BRDA:304,22,0,0
BRDA:304,22,1,0
BRDA:319,23,0,0
BRDA:319,23,1,0
BRDA:319,24,0,0
BRDA:319,24,1,0
BRDA:328,25,0,0
BRDA:328,25,1,0
BRDA:354,26,0,0
BRDA:354,26,1,0
BRDA:358,27,0,0
BRDA:358,27,1,0
BRDA:375,28,0,0
BRDA:375,28,1,0
BRDA:379,29,0,0
BRDA:379,29,1,0
BRDA:387,30,0,0
BRDA:387,30,1,0
BRDA:387,30,2,0
BRDA:388,31,0,0
BRDA:388,31,1,0
BRDA:430,32,0,0
BRDA:430,32,1,0
BRF:66
BRH:0
end_of_record
TN:
SF:backend/phase2/metrics_calculation_service.js
FN:16,calculateStandardizedMetrics
FN:188,extractStrokeData
FN:225,validateMetrics
FN:277,mergeMetrics
FNF:4
FNH:0
FNDA:0,calculateStandardizedMetrics
FNDA:0,extractStrokeData
FNDA:0,validateMetrics
FNDA:0,mergeMetrics
DA:18,0
DA:19,0
DA:20,0
DA:24,0
DA:25,0
DA:26,0
DA:42,0
DA:43,0
DA:44,0
DA:45,0
DA:46,0
DA:47,0
DA:48,0
DA:51,0
DA:53,0
DA:54,0
DA:55,0
DA:59,0
DA:60,0
DA:61,0
DA:64,0
DA:65,0
DA:66,0
DA:69,0
DA:70,0
DA:73,0
DA:74,0
DA:75,0
DA:79,0
DA:80,0
DA:81,0
DA:84,0
DA:85,0
DA:86,0
DA:89,0
DA:92,0
DA:93,0
DA:94,0
DA:95,0
DA:98,0
DA:99,0
DA:100,0
DA:102,0
DA:103,0
DA:108,0
DA:109,0
DA:110,0
DA:111,0
DA:113,0
DA:114,0
DA:115,0
DA:119,0
DA:124,0
DA:125,0
DA:126,0
DA:127,0
DA:128,0
DA:129,0
DA:132,0
DA:133,0
DA:134,0
DA:138,0
DA:139,0
DA:140,0
DA:144,0
DA:147,0
DA:189,0
DA:190,0
DA:191,0
DA:195,0
DA:196,0
DA:200,0
DA:201,0
DA:205,0
DA:206,0
DA:210,0
DA:211,0
DA:214,0
DA:215,0
DA:226,0
DA:227,0
DA:231,0
DA:232,0
DA:233,0
DA:234,0
DA:239,0
DA:240,0
DA:243,0
DA:244,0
DA:247,0
DA:248,0
DA:251,0
DA:252,0
DA:255,0
DA:256,0
DA:259,0
DA:260,0
DA:263,0
DA:264,0
DA:267,0
DA:278,0
DA:279,0
DA:283,0
DA:286,0
DA:287,0
DA:289,0
DA:290,0
DA:296,0
DA:300,0
DA:303,0
LF:110
LH:0
BRDA:18,0,0,0
BRDA:18,0,1,0
BRDA:18,1,0,0
BRDA:18,1,1,0
BRDA:24,2,0,0
BRDA:24,2,1,0
BRDA:53,3,0,0
BRDA:53,3,1,0
BRDA:59,4,0,0
BRDA:59,4,1,0
BRDA:73,5,0,0
BRDA:73,5,1,0
BRDA:73,6,0,0
BRDA:73,6,1,0
BRDA:81,7,0,0
BRDA:81,7,1,0
BRDA:84,8,0,0
BRDA:84,8,1,0
BRDA:84,9,0,0
BRDA:84,9,1,0
BRDA:98,10,0,0
BRDA:98,10,1,0
BRDA:98,11,0,0
BRDA:98,11,1,0
BRDA:99,12,0,0
BRDA:99,12,1,0
BRDA:99,13,0,0
BRDA:99,13,1,0
BRDA:102,14,0,0
BRDA:102,14,1,0
BRDA:102,15,0,0
BRDA:102,15,1,0
BRDA:108,16,0,0
BRDA:108,16,1,0
BRDA:108,17,0,0
BRDA:108,17,1,0
BRDA:108,17,2,0
BRDA:113,18,0,0
BRDA:113,18,1,0
BRDA:113,19,0,0
BRDA:113,19,1,0
BRDA:124,20,0,0
BRDA:124,20,1,0
BRDA:124,21,0,0
BRDA:124,21,1,0
BRDA:125,22,0,0
BRDA:125,22,1,0
BRDA:125,23,0,0
BRDA:125,23,1,0
BRDA:127,24,0,0
BRDA:127,24,1,0
BRDA:128,25,0,0
BRDA:128,25,1,0
BRDA:128,26,0,0
BRDA:128,26,1,0
BRDA:129,27,0,0
BRDA:129,27,1,0
BRDA:129,28,0,0
BRDA:129,28,1,0
BRDA:133,29,0,0
BRDA:133,29,1,0
BRDA:133,30,0,0
BRDA:133,30,1,0
BRDA:133,30,2,0
BRDA:139,31,0,0
BRDA:139,31,1,0
BRDA:139,32,0,0
BRDA:139,32,1,0
BRDA:144,33,0,0
BRDA:144,33,1,0
BRDA:170,34,0,0
BRDA:170,34,1,0
BRDA:172,35,0,0
BRDA:172,35,1,0
BRDA:173,36,0,0
BRDA:173,36,1,0
BRDA:174,37,0,0
BRDA:174,37,1,0
BRDA:175,38,0,0
BRDA:175,38,1,0
BRDA:189,39,0,0
BRDA:189,39,1,0
BRDA:195,40,0,0
BRDA:195,40,1,0
BRDA:195,41,0,0
BRDA:195,41,1,0
BRDA:200,42,0,0
BRDA:200,42,1,0
BRDA:200,43,0,0
BRDA:200,43,1,0
BRDA:205,44,0,0
BRDA:205,44,1,0
BRDA:205,45,0,0
BRDA:205,45,1,0
BRDA:210,46,0,0
BRDA:210,46,1,0
BRDA:226,47,0,0
BRDA:226,47,1,0
BRDA:233,48,0,0
BRDA:233,48,1,0
BRDA:233,49,0,0
BRDA:233,49,1,0
BRDA:239,50,0,0
BRDA:239,50,1,0
BRDA:239,51,0,0
BRDA:239,51,1,0
BRDA:243,52,0,0
BRDA:243,52,1,0
BRDA:243,53,0,0
BRDA:243,53,1,0
BRDA:247,54,0,0
BRDA:247,54,1,0
BRDA:247,55,0,0
BRDA:247,55,1,0
BRDA:251,56,0,0
BRDA:251,56,1,0
BRDA:251,57,0,0
BRDA:251,57,1,0
BRDA:255,58,0,0
BRDA:255,58,1,0
BRDA:255,59,0,0
BRDA:255,59,1,0
BRDA:259,60,0,0
BRDA:259,60,1,0
BRDA:259,61,0,0
BRDA:259,61,1,0
BRDA:263,62,0,0
BRDA:263,62,1,0
BRDA:263,63,0,0
BRDA:263,63,1,0
BRDA:278,64,0,0
BRDA:278,64,1,0
BRDA:278,65,0,0
BRDA:278,65,1,0
BRDA:287,66,0,0
BRDA:287,66,1,0
BRDA:290,67,0,0
BRDA:290,67,1,0
BRDA:291,68,0,0
BRDA:291,68,1,0
BRDA:291,68,2,0
BRDA:291,68,3,0
BRDA:291,68,4,0
BRF:143
BRH:0
end_of_record
TN:
SF:backend/phase2/test_all_components.js
FN:137,log
FN:147,runTests
FN:155,(anonymous_2)
FN:191,(anonymous_3)
FN:247,(anonymous_4)
FN:263,(anonymous_5)
FNF:6
FNH:0
FNDA:0,log
FNDA:0,runTests
FNDA:0,(anonymous_2)
FNDA:0,(anonymous_3)
FNDA:0,(anonymous_4)
FNDA:0,(anonymous_5)
DA:6,0
DA:12,0
DA:15,0
DA:127,0
DA:138,0
DA:144,0
DA:148,0
DA:149,0
DA:151,0
DA:152,0
DA:153,0
DA:155,0
DA:156,0
DA:158,0
DA:160,0
DA:162,0
DA:163,0
DA:164,0
DA:165,0
DA:167,0
DA:169,0
DA:172,0
DA:173,0
DA:177,0
DA:179,0
DA:180,0
DA:183,0
DA:184,0
DA:185,0
DA:186,0
DA:187,0
DA:188,0
DA:191,0
DA:192,0
DA:195,0
DA:196,0
DA:200,0
DA:201,0
DA:202,0
DA:206,0
DA:207,0
DA:211,0
DA:212,0
DA:213,0
DA:217,0
DA:218,0
DA:220,0
DA:221,0
DA:224,0
DA:225,0
DA:228,0
DA:229,0
DA:230,0
DA:238,0
DA:239,0
DA:240,0
DA:241,0
DA:242,0
DA:243,0
DA:245,0
DA:246,0
DA:247,0
DA:248,0
DA:253,0
DA:254,0
DA:255,0
DA:257,0
DA:263,0
DA:264,0
DA:265,0
DA:269,0
DA:270,0
DA:271,0
DA:272,0
DA:274,0
DA:276,0
DA:278,0
DA:282,0
LF:78
LH:0
BRDA:137,0,0,0
BRDA:144,1,0,0
BRDA:144,1,1,0
BRDA:162,2,0,0
BRDA:162,2,1,0
BRDA:163,3,0,0
BRDA:163,3,1,0
BRDA:172,4,0,0
BRDA:172,4,1,0
BRDA:172,5,0,0
BRDA:172,5,1,0
BRDA:179,6,0,0
BRDA:179,6,1,0
BRDA:192,7,0,0
BRDA:192,7,1,0
BRDA:195,8,0,0
BRDA:195,8,1,0
BRDA:200,9,0,0
BRDA:200,9,1,0
BRDA:201,10,0,0
BRDA:201,10,1,0
BRDA:201,11,0,0
BRDA:201,11,1,0
BRDA:206,12,0,0
BRDA:206,12,1,0
BRDA:206,13,0,0
BRDA:206,13,1,0
BRDA:212,14,0,0
BRDA:212,14,1,0
BRDA:220,15,0,0
BRDA:220,15,1,0
BRDA:220,16,0,0
BRDA:220,16,1,0
BRDA:243,17,0,0
BRDA:243,17,1,0
BRDA:245,18,0,0
BRDA:245,18,1,0
BRDA:258,19,0,0
BRDA:258,19,1,0
BRDA:259,20,0,0
BRDA:259,20,1,0
BRDA:264,21,0,0
BRDA:264,21,1,0
BRDA:271,22,0,0
BRDA:271,22,1,0
BRDA:278,23,0,0
BRDA:278,23,1,0
BRF:47
BRH:0
end_of_record
TN:
SF:src/config/index.js
FNF:0
FNH:0
DA:2,0
LF:1
LH:0
BRF:0
BRH:0
end_of_record
TN:
SF:src/utils/index.ts
FNF:0
FNH:0
LF:0
LH:0
BRF:0
BRH:0
end_of_record
