TN:
SF:backend/AuthenticationService.ts
FN:49,(anonymous_1)
FN:60,(anonymous_2)
FN:92,(anonymous_3)
FN:197,(anonymous_4)
FN:359,(anonymous_5)
FN:379,(anonymous_6)
FN:385,(anonymous_7)
FN:402,(anonymous_8)
FN:426,(anonymous_9)
FN:447,(anonymous_10)
FN:450,(anonymous_11)
FNF:11
FNH:0
FNDA:0,(anonymous_1)
FNDA:0,(anonymous_2)
FNDA:0,(anonymous_3)
FNDA:0,(anonymous_4)
FNDA:0,(anonymous_5)
FNDA:0,(anonymous_6)
FNDA:0,(anonymous_7)
FNDA:0,(anonymous_8)
FNDA:0,(anonymous_9)
FNDA:0,(anonymous_10)
FNDA:0,(anonymous_11)
DA:1,0
DA:2,0
DA:3,0
DA:11,0
DA:45,0
DA:47,0
DA:51,0
DA:54,0
DA:55,0
DA:56,0
DA:66,0
DA:68,0
DA:70,0
DA:71,0
DA:72,0
DA:76,0
DA:77,0
DA:79,0
DA:85,0
DA:88,0
DA:89,0
DA:92,0
DA:94,0
DA:96,0
DA:97,0
DA:100,0
DA:103,0
DA:104,0
DA:107,0
DA:108,0
DA:109,0
DA:110,0
DA:111,0
DA:113,0
DA:114,0
DA:118,0
DA:119,0
DA:122,0
DA:124,0
DA:126,0
DA:133,0
DA:134,0
DA:136,0
DA:146,0
DA:148,0
DA:149,0
DA:155,0
DA:157,0
DA:158,0
DA:160,0
DA:171,0
DA:175,0
DA:176,0
DA:178,0
DA:190,0
DA:192,0
DA:202,0
DA:204,0
DA:206,0
DA:207,0
DA:208,0
DA:218,0
DA:221,0
DA:242,0
DA:245,0
DA:248,0
DA:250,0
DA:253,0
DA:255,0
DA:258,0
DA:259,0
DA:260,0
DA:263,0
DA:265,0
DA:267,0
DA:287,0
DA:288,0
DA:290,0
DA:298,0
DA:300,0
DA:301,0
DA:307,0
DA:309,0
DA:310,0
DA:312,0
DA:323,0
DA:327,0
DA:328,0
DA:330,0
DA:342,0
DA:344,0
DA:345,0
DA:347,0
DA:364,0
DA:366,0
DA:367,0
DA:378,0
DA:380,0
DA:385,0
DA:386,0
DA:389,0
DA:390,0
DA:392,0
DA:403,0
DA:404,0
DA:407,0
DA:408,0
DA:411,0
DA:412,0
DA:416,0
DA:417,0
DA:433,0
DA:437,0
DA:438,0
DA:447,0
DA:449,0
DA:450,0
DA:460,0
DA:463,0
DA:464,0
DA:465,0
DA:468,0
LF:122
LH:0
BRDA:51,0,0,0
BRDA:51,0,1,0
BRDA:56,1,0,0
BRDA:56,1,1,0
BRDA:56,1,2,0
BRDA:70,2,0,0
BRDA:70,3,0,0
BRDA:70,3,1,0
BRDA:70,3,2,0
BRDA:76,4,0,0
BRDA:76,4,1,0
BRDA:77,5,0,0
BRDA:77,5,1,0
BRDA:94,6,0,0
BRDA:94,7,0,0
BRDA:94,7,1,0
BRDA:100,8,0,0
BRDA:100,9,0,0
BRDA:100,9,1,0
BRDA:104,10,0,0
BRDA:104,10,1,0
BRDA:108,11,0,0
BRDA:108,11,1,0
BRDA:109,12,0,0
BRDA:109,12,1,0
BRDA:109,13,0,0
BRDA:109,13,1,0
BRDA:110,14,0,0
BRDA:110,14,1,0
BRDA:111,15,0,0
BRDA:118,16,0,0
BRDA:118,16,1,0
BRDA:148,17,0,0
BRDA:172,18,0,0
BRDA:172,18,1,0
BRDA:206,19,0,0
BRDA:206,20,0,0
BRDA:206,20,1,0
BRDA:222,21,0,0
BRDA:222,21,1,0
BRDA:222,22,0,0
BRDA:222,22,1,0
BRDA:223,23,0,0
BRDA:223,23,1,0
BRDA:223,24,0,0
BRDA:223,24,1,0
BRDA:224,25,0,0
BRDA:224,25,1,0
BRDA:224,26,0,0
BRDA:224,26,1,0
BRDA:225,27,0,0
BRDA:225,27,1,0
BRDA:225,28,0,0
BRDA:225,28,1,0
BRDA:226,29,0,0
BRDA:226,29,1,0
BRDA:226,30,0,0
BRDA:226,30,1,0
BRDA:227,31,0,0
BRDA:227,31,1,0
BRDA:227,32,0,0
BRDA:227,32,1,0
BRDA:228,33,0,0
BRDA:228,33,1,0
BRDA:228,34,0,0
BRDA:228,34,1,0
BRDA:229,35,0,0
BRDA:229,35,1,0
BRDA:229,36,0,0
BRDA:229,36,1,0
BRDA:230,37,0,0
BRDA:230,37,1,0
BRDA:230,38,0,0
BRDA:230,38,1,0
BRDA:233,39,0,0
BRDA:233,39,1,0
BRDA:233,40,0,0
BRDA:233,40,1,0
BRDA:234,41,0,0
BRDA:234,41,1,0
BRDA:234,42,0,0
BRDA:234,42,1,0
BRDA:234,43,0,0
BRDA:234,43,1,0
BRDA:235,44,0,0
BRDA:235,44,1,0
BRDA:235,45,0,0
BRDA:235,45,1,0
BRDA:236,46,0,0
BRDA:236,46,1,0
BRDA:236,47,0,0
BRDA:236,47,1,0
BRDA:236,48,0,0
BRDA:236,48,1,0
BRDA:237,49,0,0
BRDA:237,49,1,0
BRDA:237,50,0,0
BRDA:237,50,1,0
BRDA:238,51,0,0
BRDA:238,51,1,0
BRDA:238,52,0,0
BRDA:238,52,1,0
BRDA:238,53,0,0
BRDA:238,53,1,0
BRDA:248,54,0,0
BRDA:248,54,1,0
BRDA:270,55,0,0
BRDA:270,55,1,0
BRDA:275,56,0,0
BRDA:275,56,1,0
BRDA:300,57,0,0
BRDA:324,58,0,0
BRDA:324,58,1,0
BRDA:366,59,0,0
BRDA:366,60,0,0
BRDA:366,60,1,0
BRDA:380,61,0,0
BRDA:380,61,1,0
BRDA:386,62,0,0
BRDA:386,62,1,0
BRDA:403,63,0,0
BRDA:411,64,0,0
BRDA:416,65,0,0
BRDA:433,66,0,0
BRDA:433,66,1,0
BRDA:434,67,0,0
BRDA:434,67,1,0
BRDA:437,68,0,0
BRF:128
BRH:0
end_of_record
TN:
SF:backend/BiometricEngine.ts
FN:44,(anonymous_0)
FN:48,(anonymous_1)
FN:52,(anonymous_2)
FN:90,(anonymous_3)
FN:93,(anonymous_4)
FN:96,(anonymous_5)
FN:109,(anonymous_6)
FN:113,(anonymous_7)
FN:151,(anonymous_8)
FN:182,(anonymous_9)
FN:204,(anonymous_10)
FN:220,(anonymous_11)
FN:258,(anonymous_12)
FN:316,(anonymous_13)
FN:320,(anonymous_14)
FN:368,(anonymous_15)
FN:373,(anonymous_16)
FN:385,(anonymous_17)
FN:386,(anonymous_18)
FN:441,(anonymous_19)
FN:511,(anonymous_20)
FN:533,(anonymous_21)
FN:535,(anonymous_22)
FN:548,(anonymous_23)
FN:577,(anonymous_24)
FN:737,(anonymous_25)
FN:776,(anonymous_26)
FN:829,(anonymous_27)
FN:842,(anonymous_28)
FN:933,(anonymous_29)
FN:934,(anonymous_30)
FN:945,(anonymous_31)
FN:946,(anonymous_32)
FN:956,(anonymous_33)
FN:957,(anonymous_34)
FN:963,(anonymous_35)
FN:971,(anonymous_36)
FN:976,(anonymous_37)
FN:978,(anonymous_38)
FN:980,(anonymous_39)
FN:994,(anonymous_40)
FN:1081,(anonymous_41)
FN:1113,(anonymous_42)
FN:1114,(anonymous_43)
FN:1115,(anonymous_44)
FN:1116,(anonymous_45)
FN:1193,(anonymous_46)
FN:1206,(anonymous_47)
FN:1219,(anonymous_48)
FN:1232,(anonymous_49)
FN:1245,(anonymous_50)
FNF:51
FNH:0
FNDA:0,(anonymous_0)
FNDA:0,(anonymous_1)
FNDA:0,(anonymous_2)
FNDA:0,(anonymous_3)
FNDA:0,(anonymous_4)
FNDA:0,(anonymous_5)
FNDA:0,(anonymous_6)
FNDA:0,(anonymous_7)
FNDA:0,(anonymous_8)
FNDA:0,(anonymous_9)
FNDA:0,(anonymous_10)
FNDA:0,(anonymous_11)
FNDA:0,(anonymous_12)
FNDA:0,(anonymous_13)
FNDA:0,(anonymous_14)
FNDA:0,(anonymous_15)
FNDA:0,(anonymous_16)
FNDA:0,(anonymous_17)
FNDA:0,(anonymous_18)
FNDA:0,(anonymous_19)
FNDA:0,(anonymous_20)
FNDA:0,(anonymous_21)
FNDA:0,(anonymous_22)
FNDA:0,(anonymous_23)
FNDA:0,(anonymous_24)
FNDA:0,(anonymous_25)
FNDA:0,(anonymous_26)
FNDA:0,(anonymous_27)
FNDA:0,(anonymous_28)
FNDA:0,(anonymous_29)
FNDA:0,(anonymous_30)
FNDA:0,(anonymous_31)
FNDA:0,(anonymous_32)
FNDA:0,(anonymous_33)
FNDA:0,(anonymous_34)
FNDA:0,(anonymous_35)
FNDA:0,(anonymous_36)
FNDA:0,(anonymous_37)
FNDA:0,(anonymous_38)
FNDA:0,(anonymous_39)
FNDA:0,(anonymous_40)
FNDA:0,(anonymous_41)
FNDA:0,(anonymous_42)
FNDA:0,(anonymous_43)
FNDA:0,(anonymous_44)
FNDA:0,(anonymous_45)
FNDA:0,(anonymous_46)
FNDA:0,(anonymous_47)
FNDA:0,(anonymous_48)
FNDA:0,(anonymous_49)
FNDA:0,(anonymous_50)
DA:10,0
DA:28,0
DA:35,0
DA:45,0
DA:46,0
DA:49,0
DA:53,0
DA:54,0
DA:55,0
DA:58,0
DA:61,0
DA:62,0
DA:64,0
DA:67,0
DA:74,0
DA:77,0
DA:78,0
DA:86,0
DA:87,0
DA:91,0
DA:93,0
DA:94,0
DA:95,0
DA:96,0
DA:104,0
DA:109,0
DA:110,0
DA:115,0
DA:116,0
DA:117,0
DA:121,0
DA:124,0
DA:125,0
DA:126,0
DA:130,0
DA:131,0
DA:132,0
DA:133,0
DA:134,0
DA:138,0
DA:139,0
DA:140,0
DA:141,0
DA:142,0
DA:147,0
DA:152,0
DA:153,0
DA:157,0
DA:158,0
DA:159,0
DA:162,0
DA:163,0
DA:164,0
DA:168,0
DA:169,0
DA:170,0
DA:171,0
DA:174,0
DA:178,0
DA:184,0
DA:185,0
DA:186,0
DA:187,0
DA:192,0
DA:194,0
DA:198,0
DA:199,0
DA:205,0
DA:207,0
DA:208,0
DA:209,0
DA:210,0
DA:211,0
DA:213,0
DA:216,0
DA:221,0
DA:223,0
DA:225,0
DA:226,0
DA:227,0
DA:228,0
DA:230,0
DA:231,0
DA:232,0
DA:234,0
DA:236,0
DA:239,0
DA:241,0
DA:243,0
DA:245,0
DA:248,0
DA:253,0
DA:254,0
DA:258,0
DA:260,0
DA:261,0
DA:263,0
DA:265,0
DA:266,0
DA:267,0
DA:268,0
DA:270,0
DA:275,0
DA:276,0
DA:277,0
DA:278,0
DA:279,0
DA:281,0
DA:285,0
DA:286,0
DA:288,0
DA:291,0
DA:292,0
DA:295,0
DA:296,0
DA:299,0
DA:300,0
DA:304,0
DA:305,0
DA:306,0
DA:307,0
DA:308,0
DA:310,0
DA:314,0
DA:315,0
DA:316,0
DA:321,0
DA:323,0
DA:325,0
DA:326,0
DA:330,0
DA:331,0
DA:332,0
DA:333,0
DA:334,0
DA:337,0
DA:338,0
DA:343,0
DA:344,0
DA:347,0
DA:348,0
DA:355,0
DA:356,0
DA:357,0
DA:358,0
DA:359,0
DA:360,0
DA:361,0
DA:362,0
DA:366,0
DA:368,0
DA:369,0
DA:370,0
DA:373,0
DA:374,0
DA:376,0
DA:380,0
DA:381,0
DA:383,0
DA:384,0
DA:385,0
DA:386,0
DA:388,0
DA:390,0
DA:391,0
DA:392,0
DA:393,0
DA:394,0
DA:395,0
DA:399,0
DA:400,0
DA:401,0
DA:402,0
DA:405,0
DA:407,0
DA:413,0
DA:414,0
DA:415,0
DA:418,0
DA:431,0
DA:432,0
DA:435,0
DA:436,0
DA:442,0
DA:444,0
DA:445,0
DA:446,0
DA:449,0
DA:450,0
DA:451,0
DA:452,0
DA:453,0
DA:457,0
DA:459,0
DA:460,0
DA:461,0
DA:463,0
DA:465,0
DA:466,0
DA:468,0
DA:469,0
DA:470,0
DA:473,0
DA:474,0
DA:475,0
DA:476,0
DA:477,0
DA:478,0
DA:479,0
DA:482,0
DA:483,0
DA:492,0
DA:493,0
DA:494,0
DA:495,0
DA:497,0
DA:498,0
DA:499,0
DA:502,0
DA:503,0
DA:509,0
DA:510,0
DA:511,0
DA:516,0
DA:517,0
DA:518,0
DA:520,0
DA:522,0
DA:523,0
DA:525,0
DA:526,0
DA:532,0
DA:533,0
DA:534,0
DA:535,0
DA:536,0
DA:539,0
DA:540,0
DA:541,0
DA:542,0
DA:543,0
DA:544,0
DA:547,0
DA:548,0
DA:551,0
DA:552,0
DA:553,0
DA:556,0
DA:567,0
DA:568,0
DA:571,0
DA:572,0
DA:578,0
DA:580,0
DA:581,0
DA:582,0
DA:585,0
DA:588,0
DA:590,0
DA:591,0
DA:592,0
DA:593,0
DA:594,0
DA:596,0
DA:597,0
DA:599,0
DA:601,0
DA:602,0
DA:604,0
DA:605,0
DA:607,0
DA:608,0
DA:613,0
DA:614,0
DA:615,0
DA:616,0
DA:617,0
DA:624,0
DA:625,0
DA:629,0
DA:630,0
DA:631,0
DA:632,0
DA:633,0
DA:635,0
DA:636,0
DA:640,0
DA:646,0
DA:647,0
DA:648,0
DA:650,0
DA:651,0
DA:656,0
DA:657,0
DA:660,0
DA:661,0
DA:663,0
DA:664,0
DA:665,0
DA:666,0
DA:668,0
DA:669,0
DA:673,0
DA:678,0
DA:679,0
DA:680,0
DA:684,0
DA:685,0
DA:686,0
DA:689,0
DA:690,0
DA:692,0
DA:693,0
DA:694,0
DA:696,0
DA:697,0
DA:698,0
DA:699,0
DA:701,0
DA:702,0
DA:703,0
DA:704,0
DA:707,0
DA:711,0
DA:714,0
DA:715,0
DA:716,0
DA:717,0
DA:718,0
DA:720,0
DA:722,0
DA:727,0
DA:728,0
DA:729,0
DA:731,0
DA:732,0
DA:736,0
DA:737,0
DA:738,0
DA:743,0
DA:744,0
DA:746,0
DA:747,0
DA:748,0
DA:749,0
DA:750,0
DA:751,0
DA:752,0
DA:753,0
DA:755,0
DA:756,0
DA:757,0
DA:758,0
DA:773,0
DA:776,0
DA:778,0
DA:779,0
DA:780,0
DA:781,0
DA:782,0
DA:783,0
DA:784,0
DA:785,0
DA:787,0
DA:788,0
DA:790,0
DA:794,0
DA:804,0
DA:805,0
DA:806,0
DA:809,0
DA:829,0
DA:832,0
DA:833,0
DA:836,0
DA:837,0
DA:843,0
DA:845,0
DA:846,0
DA:847,0
DA:850,0
DA:853,0
DA:856,0
DA:857,0
DA:858,0
DA:860,0
DA:861,0
DA:862,0
DA:864,0
DA:866,0
DA:867,0
DA:868,0
DA:870,0
DA:871,0
DA:872,0
DA:878,0
DA:879,0
DA:883,0
DA:886,0
DA:887,0
DA:888,0
DA:889,0
DA:893,0
DA:894,0
DA:897,0
DA:898,0
DA:900,0
DA:907,0
DA:909,0
DA:910,0
DA:911,0
DA:919,0
DA:920,0
DA:921,0
DA:922,0
DA:923,0
DA:924,0
DA:925,0
DA:931,0
DA:932,0
DA:933,0
DA:934,0
DA:935,0
DA:936,0
DA:939,0
DA:944,0
DA:945,0
DA:946,0
DA:949,0
DA:950,0
DA:954,0
DA:956,0
DA:957,0
DA:963,0
DA:965,0
DA:966,0
DA:967,0
DA:970,0
DA:971,0
DA:976,0
DA:978,0
DA:980,0
DA:984,0
DA:985,0
DA:988,0
DA:989,0
DA:995,0
DA:997,0
DA:999,0
DA:1000,0
DA:1001,0
DA:1002,0
DA:1005,0
DA:1016,0
DA:1027,0
DA:1038,0
DA:1048,0
DA:1076,0
DA:1077,0
DA:1079,0
DA:1081,0
DA:1082,0
DA:1083,0
DA:1085,0
DA:1086,0
DA:1090,0
DA:1099,0
DA:1102,0
DA:1103,0
DA:1106,0
DA:1107,0
DA:1108,0
DA:1112,0
DA:1113,0
DA:1114,0
DA:1115,0
DA:1116,0
DA:1118,0
DA:1121,0
DA:1122,0
DA:1126,0
DA:1127,0
DA:1133,0
DA:1136,0
DA:1139,0
DA:1194,0
DA:1207,0
DA:1220,0
DA:1233,0
DA:1246,0
DA:1251,0
DA:1254,0
DA:1255,0
LF:493
LH:0
BRDA:53,0,0,0
BRDA:61,1,0,0
BRDA:74,2,0,0
BRDA:74,2,1,0
BRDA:77,3,0,0
BRDA:94,4,0,0
BRDA:115,5,0,0
BRDA:124,6,0,0
BRDA:124,7,0,0
BRDA:124,7,1,0
BRDA:132,8,0,0
BRDA:132,9,0,0
BRDA:132,9,1,0
BRDA:132,9,2,0
BRDA:132,9,3,0
BRDA:140,10,0,0
BRDA:140,11,0,0
BRDA:140,11,1,0
BRDA:140,11,2,0
BRDA:152,12,0,0
BRDA:152,13,0,0
BRDA:152,13,1,0
BRDA:162,14,0,0
BRDA:162,14,1,0
BRDA:163,15,0,0
BRDA:163,16,0,0
BRDA:163,16,1,0
BRDA:163,16,2,0
BRDA:168,17,0,0
BRDA:168,17,1,0
BRDA:168,18,0,0
BRDA:168,18,1,0
BRDA:170,19,0,0
BRDA:170,20,0,0
BRDA:170,20,1,0
BRDA:184,21,0,0
BRDA:184,22,0,0
BRDA:184,22,1,0
BRDA:184,22,2,0
BRDA:186,23,0,0
BRDA:186,24,0,0
BRDA:186,24,1,0
BRDA:192,25,0,0
BRDA:192,26,0,0
BRDA:192,26,1,0
BRDA:192,26,2,0
BRDA:192,26,3,0
BRDA:205,27,0,0
BRDA:210,28,0,0
BRDA:221,29,0,0
BRDA:225,30,0,0
BRDA:225,30,1,0
BRDA:227,31,0,0
BRDA:230,32,0,0
BRDA:230,32,1,0
BRDA:230,33,0,0
BRDA:230,33,1,0
BRDA:232,34,0,0
BRDA:232,34,1,0
BRDA:232,35,0,0
BRDA:232,35,1,0
BRDA:234,36,0,0
BRDA:234,36,1,0
BRDA:234,37,0,0
BRDA:234,37,1,0
BRDA:241,38,0,0
BRDA:241,39,0,0
BRDA:241,39,1,0
BRDA:243,40,0,0
BRDA:243,40,1,0
BRDA:243,41,0,0
BRDA:243,41,1,0
BRDA:253,42,0,0
BRDA:260,43,0,0
BRDA:260,44,0,0
BRDA:260,44,1,0
BRDA:260,44,2,0
BRDA:263,45,0,0
BRDA:263,46,0,0
BRDA:263,46,1,0
BRDA:266,47,0,0
BRDA:275,48,0,0
BRDA:277,49,0,0
BRDA:285,50,0,0
BRDA:285,51,0,0
BRDA:285,51,1,0
BRDA:291,52,0,0
BRDA:291,52,1,0
BRDA:291,53,0,0
BRDA:291,53,1,0
BRDA:291,53,2,0
BRDA:295,54,0,0
BRDA:295,54,1,0
BRDA:295,55,0,0
BRDA:295,55,1,0
BRDA:295,55,2,0
BRDA:299,56,0,0
BRDA:299,57,0,0
BRDA:299,57,1,0
BRDA:299,57,2,0
BRDA:304,58,0,0
BRDA:306,59,0,0
BRDA:316,60,0,0
BRDA:316,60,1,0
BRDA:325,61,0,0
BRDA:330,62,0,0
BRDA:330,63,0,0
BRDA:330,63,1,0
BRDA:347,64,0,0
BRDA:347,65,0,0
BRDA:347,65,1,0
BRDA:355,66,0,0
BRDA:388,67,0,0
BRDA:393,68,0,0
BRDA:393,69,0,0
BRDA:393,69,1,0
BRDA:393,69,2,0
BRDA:402,70,0,0
BRDA:402,71,0,0
BRDA:402,71,1,0
BRDA:402,71,2,0
BRDA:414,72,0,0
BRDA:445,73,0,0
BRDA:461,74,0,0
BRDA:461,74,1,0
BRDA:463,75,0,0
BRDA:468,76,0,0
BRDA:468,77,0,0
BRDA:468,77,1,0
BRDA:473,78,0,0
BRDA:475,79,0,0
BRDA:475,80,0,0
BRDA:475,80,1,0
BRDA:477,81,0,0
BRDA:477,82,0,0
BRDA:477,82,1,0
BRDA:482,83,0,0
BRDA:497,84,0,0
BRDA:497,85,0,0
BRDA:497,85,1,0
BRDA:497,85,2,0
BRDA:497,85,3,0
BRDA:502,86,0,0
BRDA:502,87,0,0
BRDA:502,87,1,0
BRDA:510,88,0,0
BRDA:510,88,1,0
BRDA:516,89,0,0
BRDA:520,90,0,0
BRDA:520,91,0,0
BRDA:520,91,1,0
BRDA:520,91,2,0
BRDA:520,91,3,0
BRDA:525,92,0,0
BRDA:525,93,0,0
BRDA:525,93,1,0
BRDA:532,94,0,0
BRDA:532,94,1,0
BRDA:534,95,0,0
BRDA:534,95,1,0
BRDA:543,96,0,0
BRDA:543,97,0,0
BRDA:543,97,1,0
BRDA:547,98,0,0
BRDA:547,98,1,0
BRDA:552,99,0,0
BRDA:562,100,0,0
BRDA:562,100,1,0
BRDA:581,101,0,0
BRDA:599,102,0,0
BRDA:607,103,0,0
BRDA:607,104,0,0
BRDA:607,104,1,0
BRDA:616,105,0,0
BRDA:616,106,0,0
BRDA:616,106,1,0
BRDA:624,107,0,0
BRDA:624,107,1,0
BRDA:635,108,0,0
BRDA:635,109,0,0
BRDA:635,109,1,0
BRDA:635,109,2,0
BRDA:650,110,0,0
BRDA:668,111,0,0
BRDA:668,112,0,0
BRDA:668,112,1,0
BRDA:668,112,2,0
BRDA:684,113,0,0
BRDA:684,113,1,0
BRDA:696,114,0,0
BRDA:696,115,0,0
BRDA:696,115,1,0
BRDA:701,116,0,0
BRDA:703,117,0,0
BRDA:720,118,0,0
BRDA:720,119,0,0
BRDA:720,119,1,0
BRDA:720,119,2,0
BRDA:731,120,0,0
BRDA:731,120,1,0
BRDA:736,121,0,0
BRDA:736,121,1,0
BRDA:749,122,0,0
BRDA:755,123,0,0
BRDA:757,124,0,0
BRDA:776,125,0,0
BRDA:776,125,1,0
BRDA:780,126,0,0
BRDA:780,126,1,0
BRDA:783,127,0,0
BRDA:783,127,1,0
BRDA:785,128,0,0
BRDA:788,129,0,0
BRDA:794,130,0,0
BRDA:805,131,0,0
BRDA:828,132,0,0
BRDA:828,132,1,0
BRDA:846,133,0,0
BRDA:862,134,0,0
BRDA:862,134,1,0
BRDA:864,135,0,0
BRDA:870,136,0,0
BRDA:870,137,0,0
BRDA:870,137,1,0
BRDA:870,137,2,0
BRDA:870,137,3,0
BRDA:878,138,0,0
BRDA:878,139,0,0
BRDA:878,139,1,0
BRDA:886,140,0,0
BRDA:888,141,0,0
BRDA:888,142,0,0
BRDA:888,142,1,0
BRDA:888,142,2,0
BRDA:888,142,3,0
BRDA:894,143,0,0
BRDA:894,143,1,0
BRDA:897,144,0,0
BRDA:897,144,1,0
BRDA:897,145,0,0
BRDA:897,145,1,0
BRDA:907,146,0,0
BRDA:907,147,0,0
BRDA:907,147,1,0
BRDA:907,147,2,0
BRDA:907,147,3,0
BRDA:910,148,0,0
BRDA:921,149,0,0
BRDA:924,150,0,0
BRDA:924,151,0,0
BRDA:924,151,1,0
BRDA:932,152,0,0
BRDA:939,153,0,0
BRDA:939,153,1,0
BRDA:946,154,0,0
BRDA:946,154,1,0
BRDA:949,155,0,0
BRDA:955,156,0,0
BRDA:955,156,1,0
BRDA:956,157,0,0
BRDA:956,157,1,0
BRDA:957,158,0,0
BRDA:957,158,1,0
BRDA:958,159,0,0
BRDA:958,159,1,0
BRDA:966,160,0,0
BRDA:975,161,0,0
BRDA:975,161,1,0
BRDA:976,162,0,0
BRDA:976,162,1,0
BRDA:977,163,0,0
BRDA:977,163,1,0
BRDA:1053,164,0,0
BRDA:1053,164,1,0
BRDA:1082,165,0,0
BRDA:1085,166,0,0
BRDA:1106,167,0,0
BRDA:1121,168,0,0
BRDA:1175,169,0,0
BRDA:1175,169,1,0
BRF:280
BRH:0
end_of_record
TN:
SF:backend/DatabaseService.ts
FN:31,(anonymous_0)
FN:55,(anonymous_1)
FN:66,(anonymous_2)
FN:68,(anonymous_3)
FN:86,(anonymous_4)
FN:149,(anonymous_5)
FN:182,(anonymous_6)
FN:190,(anonymous_7)
FN:198,(anonymous_8)
FN:206,(anonymous_9)
FN:214,(anonymous_10)
FN:227,(anonymous_11)
FN:235,(anonymous_12)
FN:256,(anonymous_13)
FN:272,(anonymous_14)
FN:280,(anonymous_15)
FN:284,(anonymous_16)
FN:287,(anonymous_17)
FN:300,(anonymous_18)
FN:306,(anonymous_19)
FNF:20
FNH:0
FNDA:0,(anonymous_0)
FNDA:0,(anonymous_1)
FNDA:0,(anonymous_2)
FNDA:0,(anonymous_3)
FNDA:0,(anonymous_4)
FNDA:0,(anonymous_5)
FNDA:0,(anonymous_6)
FNDA:0,(anonymous_7)
FNDA:0,(anonymous_8)
FNDA:0,(anonymous_9)
FNDA:0,(anonymous_10)
FNDA:0,(anonymous_11)
FNDA:0,(anonymous_12)
FNDA:0,(anonymous_13)
FNDA:0,(anonymous_14)
FNDA:0,(anonymous_15)
FNDA:0,(anonymous_16)
FNDA:0,(anonymous_17)
FNDA:0,(anonymous_18)
FNDA:0,(anonymous_19)
DA:1,0
DA:2,0
DA:3,0
DA:4,0
DA:13,0
DA:28,0
DA:29,0
DA:33,0
DA:34,0
DA:49,0
DA:52,0
DA:56,0
DA:57,0
DA:58,0
DA:59,0
DA:61,0
DA:62,0
DA:68,0
DA:69,0
DA:75,0
DA:78,0
DA:79,0
DA:80,0
DA:90,0
DA:93,0
DA:94,0
DA:95,0
DA:97,0
DA:100,0
DA:107,0
DA:110,0
DA:111,0
DA:115,0
DA:116,0
DA:117,0
DA:123,0
DA:124,0
DA:125,0
DA:132,0
DA:134,0
DA:135,0
DA:140,0
DA:142,0
DA:143,0
DA:152,0
DA:153,0
DA:155,0
DA:156,0
DA:157,0
DA:158,0
DA:160,0
DA:161,0
DA:162,0
DA:165,0
DA:167,0
DA:168,0
DA:170,0
DA:175,0
DA:177,0
DA:183,0
DA:187,0
DA:191,0
DA:195,0
DA:199,0
DA:203,0
DA:207,0
DA:211,0
DA:219,0
DA:224,0
DA:228,0
DA:232,0
DA:242,0
DA:253,0
DA:262,0
DA:268,0
DA:278,0
DA:279,0
DA:280,0
DA:283,0
DA:284,0
DA:287,0
DA:288,0
DA:291,0
DA:301,0
DA:302,0
DA:307,0
DA:312,0
DA:315,0
DA:318,0
DA:319,0
DA:320,0
LF:91
LH:0
BRDA:40,0,0,0
BRDA:40,0,1,0
BRDA:78,1,0,0
BRDA:103,2,0,0
BRDA:103,2,1,0
BRDA:110,3,0,0
BRDA:115,4,0,0
BRDA:115,4,1,0
BRDA:121,5,0,0
BRDA:121,5,1,0
BRDA:123,6,0,0
BRDA:142,7,0,0
BRDA:161,8,0,0
BRDA:187,9,0,0
BRDA:187,9,1,0
BRDA:195,10,0,0
BRDA:195,10,1,0
BRDA:203,11,0,0
BRDA:203,11,1,0
BRDA:222,12,0,0
BRDA:222,12,1,0
BRDA:224,13,0,0
BRDA:224,13,1,0
BRDA:249,14,0,0
BRDA:249,14,1,0
BRDA:250,15,0,0
BRDA:250,15,1,0
BRDA:253,16,0,0
BRDA:253,16,1,0
BRDA:266,17,0,0
BRDA:266,17,1,0
BRDA:268,18,0,0
BRDA:268,18,1,0
BRDA:279,19,0,0
BRDA:279,19,1,0
BRDA:288,20,0,0
BRDA:288,20,1,0
BRDA:288,21,0,0
BRDA:288,21,1,0
BRF:39
BRH:0
end_of_record
TN:
SF:backend/benchmark-stroke-performance.js
FN:62,generateTestStrokeData
FN:92,strokeDataToBase64
FN:102,benchmarkStorageSize
FN:146,benchmarkDatabaseQueries
FN:192,(anonymous_4)
FN:193,(anonymous_5)
FN:227,(anonymous_6)
FN:246,benchmarkAPIResponse
FN:297,(anonymous_8)
FN:298,(anonymous_9)
FN:322,(anonymous_10)
FN:338,benchmarkImageGeneration
FN:370,(anonymous_12)
FN:371,(anonymous_13)
FN:382,benchmarkMLFeatures
FN:431,(anonymous_15)
FN:432,(anonymous_16)
FN:442,benchmarkMemoryUsage
FN:489,generatePerformanceCharts
FN:500,(anonymous_19)
FN:501,(anonymous_20)
FN:511,(anonymous_21)
FN:512,(anonymous_22)
FN:522,generateRecommendations
FN:529,(anonymous_24)
FN:530,(anonymous_25)
FN:553,(anonymous_26)
FN:573,(anonymous_27)
FN:585,generateDetailedReport
FN:599,(anonymous_29)
FN:600,(anonymous_30)
FN:601,(anonymous_31)
FN:603,(anonymous_32)
FN:604,(anonymous_33)
FN:606,(anonymous_34)
FN:607,(anonymous_35)
FN:616,runBenchmarks
FNF:37
FNH:0
FNDA:0,generateTestStrokeData
FNDA:0,strokeDataToBase64
FNDA:0,benchmarkStorageSize
FNDA:0,benchmarkDatabaseQueries
FNDA:0,(anonymous_4)
FNDA:0,(anonymous_5)
FNDA:0,(anonymous_6)
FNDA:0,benchmarkAPIResponse
FNDA:0,(anonymous_8)
FNDA:0,(anonymous_9)
FNDA:0,(anonymous_10)
FNDA:0,benchmarkImageGeneration
FNDA:0,(anonymous_12)
FNDA:0,(anonymous_13)
FNDA:0,benchmarkMLFeatures
FNDA:0,(anonymous_15)
FNDA:0,(anonymous_16)
FNDA:0,benchmarkMemoryUsage
FNDA:0,generatePerformanceCharts
FNDA:0,(anonymous_19)
FNDA:0,(anonymous_20)
FNDA:0,(anonymous_21)
FNDA:0,(anonymous_22)
FNDA:0,generateRecommendations
FNDA:0,(anonymous_24)
FNDA:0,(anonymous_25)
FNDA:0,(anonymous_26)
FNDA:0,(anonymous_27)
FNDA:0,generateDetailedReport
FNDA:0,(anonymous_29)
FNDA:0,(anonymous_30)
FNDA:0,(anonymous_31)
FNDA:0,(anonymous_32)
FNDA:0,(anonymous_33)
FNDA:0,(anonymous_34)
FNDA:0,(anonymous_35)
FNDA:0,runBenchmarks
DA:1,0
DA:2,0
DA:3,0
DA:4,0
DA:5,0
DA:6,0
DA:7,0
DA:10,0
DA:24,0
DA:33,0
DA:63,0
DA:69,0
DA:70,0
DA:72,0
DA:73,0
DA:74,0
DA:75,0
DA:77,0
DA:78,0
DA:85,0
DA:88,0
DA:93,0
DA:94,0
DA:103,0
DA:105,0
DA:106,0
DA:108,0
DA:109,0
DA:112,0
DA:113,0
DA:116,0
DA:117,0
DA:118,0
DA:121,0
DA:123,0
DA:132,0
DA:133,0
DA:134,0
DA:136,0
DA:137,0
DA:138,0
DA:139,0
DA:140,0
DA:143,0
DA:147,0
DA:149,0
DA:150,0
DA:152,0
DA:154,0
DA:155,0
DA:158,0
DA:164,0
DA:170,0
DA:171,0
DA:174,0
DA:177,0
DA:178,0
DA:179,0
DA:180,0
DA:181,0
DA:185,0
DA:186,0
DA:187,0
DA:188,0
DA:189,0
DA:192,0
DA:193,0
DA:195,0
DA:196,0
DA:197,0
DA:199,0
DA:200,0
DA:203,0
DA:206,0
DA:213,0
DA:215,0
DA:216,0
DA:217,0
DA:218,0
DA:224,0
DA:227,0
DA:228,0
DA:229,0
DA:231,0
DA:233,0
DA:237,0
DA:240,0
DA:242,0
DA:247,0
DA:249,0
DA:250,0
DA:252,0
DA:254,0
DA:257,0
DA:258,0
DA:259,0
DA:261,0
DA:263,0
DA:269,0
DA:275,0
DA:276,0
DA:279,0
DA:282,0
DA:283,0
DA:284,0
DA:285,0
DA:286,0
DA:290,0
DA:291,0
DA:292,0
DA:293,0
DA:294,0
DA:297,0
DA:298,0
DA:300,0
DA:301,0
DA:302,0
DA:304,0
DA:305,0
DA:308,0
DA:310,0
DA:311,0
DA:312,0
DA:313,0
DA:314,0
DA:318,0
DA:321,0
DA:322,0
DA:323,0
DA:327,0
DA:330,0
DA:334,0
DA:339,0
DA:341,0
DA:342,0
DA:344,0
DA:345,0
DA:347,0
DA:348,0
DA:351,0
DA:352,0
DA:353,0
DA:354,0
DA:355,0
DA:359,0
DA:360,0
DA:361,0
DA:363,0
DA:364,0
DA:365,0
DA:367,0
DA:370,0
DA:371,0
DA:373,0
DA:374,0
DA:375,0
DA:377,0
DA:378,0
DA:383,0
DA:385,0
DA:386,0
DA:389,0
DA:411,0
DA:414,0
DA:415,0
DA:416,0
DA:417,0
DA:418,0
DA:422,0
DA:423,0
DA:424,0
DA:426,0
DA:427,0
DA:428,0
DA:431,0
DA:432,0
DA:434,0
DA:435,0
DA:436,0
DA:438,0
DA:439,0
DA:443,0
DA:445,0
DA:448,0
DA:451,0
DA:454,0
DA:455,0
DA:457,0
DA:458,0
DA:461,0
DA:462,0
DA:465,0
DA:466,0
DA:469,0
DA:470,0
DA:472,0
DA:473,0
DA:474,0
DA:477,0
DA:478,0
DA:480,0
DA:481,0
DA:482,0
DA:484,0
DA:485,0
DA:490,0
DA:493,0
DA:494,0
DA:495,0
DA:496,0
DA:499,0
DA:500,0
DA:501,0
DA:502,0
DA:504,0
DA:505,0
DA:506,0
DA:510,0
DA:511,0
DA:512,0
DA:513,0
DA:515,0
DA:516,0
DA:517,0
DA:523,0
DA:525,0
DA:528,0
DA:529,0
DA:530,0
DA:531,0
DA:533,0
DA:542,0
DA:543,0
DA:552,0
DA:553,0
DA:554,0
DA:555,0
DA:565,0
DA:573,0
DA:574,0
DA:578,0
DA:579,0
DA:580,0
DA:586,0
DA:587,0
DA:589,0
DA:599,0
DA:600,0
DA:601,0
DA:603,0
DA:604,0
DA:606,0
DA:607,0
DA:611,0
DA:612,0
DA:617,0
DA:625,0
DA:627,0
DA:628,0
DA:629,0
DA:630,0
DA:631,0
DA:632,0
DA:635,0
DA:636,0
DA:637,0
DA:639,0
DA:642,0
DA:643,0
DA:645,0
DA:650,0
LF:271
LH:0
BRDA:25,0,0,0
BRDA:25,0,1,0
BRDA:26,1,0,0
BRDA:26,1,1,0
BRDA:26,2,0,0
BRDA:26,2,1,0
BRDA:26,3,0,0
BRDA:26,3,1,0
BRDA:26,4,0,0
BRDA:26,4,1,0
BRDA:62,5,0,0
BRDA:213,6,0,0
BRDA:213,6,1,0
BRDA:249,7,0,0
BRDA:249,7,1,0
BRDA:321,8,0,0
BRDA:321,8,1,0
BRDA:364,9,0,0
BRDA:364,9,1,0
BRDA:448,10,0,0
BRDA:448,10,1,0
BRDA:466,11,0,0
BRDA:466,11,1,0
BRDA:499,12,0,0
BRDA:499,12,1,0
BRDA:510,13,0,0
BRDA:510,13,1,0
BRDA:528,14,0,0
BRDA:528,14,1,0
BRDA:542,15,0,0
BRDA:542,15,1,0
BRDA:552,16,0,0
BRDA:552,16,1,0
BRDA:554,17,0,0
BRDA:554,17,1,0
BRDA:574,18,0,0
BRDA:574,18,1,0
BRDA:575,19,0,0
BRDA:575,19,1,0
BRDA:598,20,0,0
BRDA:598,20,1,0
BRDA:602,21,0,0
BRDA:602,21,1,0
BRDA:605,22,0,0
BRDA:605,22,1,0
BRF:45
BRH:0
end_of_record
TN:
SF:backend/checkData.js
FN:10,checkData
FN:17,(anonymous_1)
FN:28,(anonymous_2)
FNF:3
FNH:0
FNDA:0,checkData
FNDA:0,(anonymous_1)
FNDA:0,(anonymous_2)
DA:1,0
DA:2,0
DA:4,0
DA:11,0
DA:12,0
DA:15,0
DA:16,0
DA:17,0
DA:18,0
DA:22,0
DA:23,0
DA:26,0
DA:27,0
DA:28,0
DA:29,0
DA:33,0
DA:35,0
DA:39,0
LF:18
LH:0
BRDA:5,0,0,0
BRDA:5,0,1,0
BRF:2
BRH:0
end_of_record
TN:
SF:backend/check_auth_attempts.js
FN:12,checkAuthAttempts
FNF:1
FNH:0
FNDA:0,checkAuthAttempts
DA:1,0
DA:2,0
DA:4,0
DA:7,0
DA:13,0
DA:15,0
DA:22,0
DA:23,0
DA:26,0
DA:33,0
DA:34,0
DA:37,0
DA:39,0
DA:43,0
LF:14
LH:0
BRDA:4,0,0,0
BRDA:4,0,1,0
BRF:2
BRH:0
end_of_record
TN:
SF:backend/check_migration_status.js
FN:12,checkStatus
FNF:1
FNH:0
FNDA:0,checkStatus
DA:1,0
DA:2,0
DA:4,0
DA:7,0
DA:13,0
DA:15,0
DA:18,0
DA:21,0
DA:24,0
DA:27,0
DA:30,0
DA:33,0
DA:36,0
DA:37,0
DA:40,0
DA:43,0
DA:44,0
DA:47,0
DA:50,0
DA:53,0
DA:54,0
DA:55,0
DA:56,0
DA:57,0
DA:58,0
DA:60,0
DA:63,0
DA:65,0
DA:69,0
LF:29
LH:0
BRDA:4,0,0,0
BRDA:4,0,1,0
BRDA:58,1,0,0
BRDA:58,1,1,0
BRDA:58,2,0,0
BRDA:58,2,1,0
BRF:6
BRH:0
end_of_record
TN:
SF:backend/check_shapes_columns.js
FN:12,checkShapesColumns
FNF:1
FNH:0
FNDA:0,checkShapesColumns
DA:1,0
DA:2,0
DA:4,0
DA:7,0
DA:13,0
DA:14,0
DA:21,0
DA:22,0
DA:25,0
DA:27,0
DA:31,0
LF:11
LH:0
BRDA:4,0,0,0
BRDA:4,0,1,0
BRF:2
BRH:0
end_of_record
TN:
SF:backend/check_tables.js
FN:12,checkTables
FNF:1
FNH:0
FNDA:0,checkTables
DA:1,0
DA:2,0
DA:4,0
DA:7,0
DA:13,0
DA:14,0
DA:21,0
DA:22,0
DA:25,0
DA:33,0
DA:34,0
DA:37,0
DA:39,0
DA:43,0
LF:14
LH:0
BRDA:4,0,0,0
BRDA:4,0,1,0
BRF:2
BRH:0
end_of_record
TN:
SF:backend/clean_training_data.js
FN:19,isCorrupted
FN:48,(anonymous_1)
FN:94,processFile
FN:119,(anonymous_3)
FN:153,cleanTrainingData
FN:174,(anonymous_5)
FN:216,(anonymous_6)
FNF:7
FNH:0
FNDA:0,isCorrupted
FNDA:0,(anonymous_1)
FNDA:0,processFile
FNDA:0,(anonymous_3)
FNDA:0,cleanTrainingData
FNDA:0,(anonymous_5)
FNDA:0,(anonymous_6)
DA:1,0
DA:2,0
DA:5,0
DA:6,0
DA:7,0
DA:10,0
DA:20,0
DA:22,0
DA:23,0
DA:24,0
DA:28,0
DA:31,0
DA:33,0
DA:41,0
DA:45,0
DA:46,0
DA:48,0
DA:49,0
DA:50,0
DA:51,0
DA:52,0
DA:53,0
DA:57,0
DA:58,0
DA:60,0
DA:61,0
DA:62,0
DA:66,0
DA:67,0
DA:68,0
DA:71,0
DA:72,0
DA:73,0
DA:76,0
DA:77,0
DA:78,0
DA:81,0
DA:82,0
DA:83,0
DA:86,0
DA:88,0
DA:89,0
DA:95,0
DA:96,0
DA:98,0
DA:100,0
DA:103,0
DA:104,0
DA:106,0
DA:107,0
DA:110,0
DA:111,0
DA:112,0
DA:116,0
DA:117,0
DA:119,0
DA:120,0
DA:122,0
DA:123,0
DA:125,0
DA:126,0
DA:131,0
DA:132,0
DA:133,0
DA:135,0
DA:136,0
DA:139,0
DA:147,0
DA:148,0
DA:154,0
DA:155,0
DA:156,0
DA:158,0
DA:160,0
DA:161,0
DA:163,0
DA:164,0
DA:165,0
DA:169,0
DA:170,0
DA:173,0
DA:174,0
DA:176,0
DA:177,0
DA:178,0
DA:181,0
DA:184,0
DA:185,0
DA:186,0
DA:187,0
DA:188,0
DA:189,0
DA:193,0
DA:194,0
DA:195,0
DA:196,0
DA:198,0
DA:199,0
DA:200,0
DA:201,0
DA:202,0
DA:203,0
DA:204,0
DA:208,0
DA:209,0
DA:210,0
DA:211,0
DA:212,0
DA:213,0
DA:215,0
DA:216,0
DA:217,0
DA:218,0
DA:220,0
DA:224,0
DA:225,0
DA:226,0
DA:227,0
DA:228,0
DA:231,0
DA:236,0
DA:237,0
DA:240,0
LF:123
LH:0
BRDA:22,0,0,0
BRDA:22,0,1,0
BRDA:31,1,0,0
BRDA:31,1,1,0
BRDA:31,2,0,0
BRDA:31,2,1,0
BRDA:34,3,0,0
BRDA:34,3,1,0
BRDA:35,4,0,0
BRDA:35,4,1,0
BRDA:36,5,0,0
BRDA:36,5,1,0
BRDA:37,6,0,0
BRDA:37,6,1,0
BRDA:50,7,0,0
BRDA:50,7,1,0
BRDA:50,8,0,0
BRDA:50,8,1,0
BRDA:52,9,0,0
BRDA:52,9,1,0
BRDA:52,10,0,0
BRDA:52,10,1,0
BRDA:60,11,0,0
BRDA:60,11,1,0
BRDA:66,12,0,0
BRDA:66,12,1,0
BRDA:66,13,0,0
BRDA:66,13,1,0
BRDA:71,14,0,0
BRDA:71,14,1,0
BRDA:76,15,0,0
BRDA:76,15,1,0
BRDA:76,16,0,0
BRDA:76,16,1,0
BRDA:81,17,0,0
BRDA:81,17,1,0
BRDA:81,18,0,0
BRDA:81,18,1,0
BRDA:110,19,0,0
BRDA:110,19,1,0
BRDA:120,20,0,0
BRDA:120,20,1,0
BRDA:120,21,0,0
BRDA:120,21,1,0
BRDA:122,22,0,0
BRDA:122,22,1,0
BRDA:131,23,0,0
BRDA:131,23,1,0
BRDA:174,24,0,0
BRDA:174,24,1,0
BRDA:176,25,0,0
BRDA:176,25,1,0
BRDA:202,26,0,0
BRDA:202,26,1,0
BRDA:203,27,0,0
BRDA:203,27,1,0
BRDA:204,28,0,0
BRDA:204,28,1,0
BRDA:217,29,0,0
BRDA:217,29,1,0
BRDA:236,30,0,0
BRDA:236,30,1,0
BRF:62
BRH:0
end_of_record
TN:
SF:backend/component-specific-features.js
FN:12,(anonymous_0)
FN:25,(anonymous_1)
FN:45,(anonymous_2)
FN:52,(anonymous_3)
FN:71,(anonymous_4)
FN:103,(anonymous_5)
FN:138,(anonymous_6)
FN:163,(anonymous_7)
FN:202,(anonymous_8)
FN:235,(anonymous_9)
FN:250,(anonymous_10)
FN:253,(anonymous_11)
FN:259,(anonymous_12)
FN:267,(anonymous_13)
FN:295,(anonymous_14)
FN:301,(anonymous_15)
FN:334,(anonymous_16)
FN:359,(anonymous_17)
FN:362,(anonymous_18)
FN:382,(anonymous_19)
FN:383,(anonymous_20)
FN:389,(anonymous_21)
FN:411,(anonymous_22)
FN:417,(anonymous_23)
FN:430,(anonymous_24)
FN:446,(anonymous_25)
FN:457,(anonymous_26)
FN:458,(anonymous_27)
FN:463,(anonymous_28)
FN:483,(anonymous_29)
FN:488,(anonymous_30)
FN:499,(anonymous_31)
FN:512,(anonymous_32)
FN:522,(anonymous_33)
FN:526,(anonymous_34)
FN:530,(anonymous_35)
FN:546,(anonymous_36)
FN:553,(anonymous_37)
FN:589,(anonymous_38)
FN:590,(anonymous_39)
FN:595,(anonymous_40)
FN:621,(anonymous_41)
FN:643,(anonymous_42)
FN:657,(anonymous_43)
FN:658,(anonymous_44)
FN:671,(anonymous_45)
FN:675,(anonymous_46)
FN:682,(anonymous_47)
FN:685,(anonymous_48)
FN:691,(anonymous_49)
FN:708,(anonymous_50)
FN:717,(anonymous_51)
FN:718,(anonymous_52)
FN:721,(anonymous_53)
FN:727,(anonymous_54)
FN:728,(anonymous_55)
FN:733,(anonymous_56)
FN:742,(anonymous_57)
FN:743,(anonymous_58)
FN:764,(anonymous_59)
FN:765,(anonymous_60)
FN:771,(anonymous_61)
FN:775,(anonymous_62)
FN:793,(anonymous_63)
FN:816,(anonymous_64)
FN:821,(anonymous_65)
FN:844,(anonymous_66)
FN:858,(anonymous_67)
FN:864,(anonymous_68)
FN:903,(anonymous_69)
FN:919,(anonymous_70)
FN:920,(anonymous_71)
FN:921,(anonymous_72)
FN:925,(anonymous_73)
FN:933,(anonymous_74)
FN:942,(anonymous_75)
FN:973,(anonymous_76)
FN:1007,(anonymous_77)
FN:1023,(anonymous_78)
FN:1035,(anonymous_79)
FN:1051,(anonymous_80)
FN:1054,(anonymous_81)
FN:1067,(anonymous_82)
FN:1068,(anonymous_83)
FN:1073,(anonymous_84)
FN:1076,(anonymous_85)
FN:1077,(anonymous_86)
FN:1086,(anonymous_87)
FN:1087,(anonymous_88)
FN:1092,(anonymous_89)
FN:1096,(anonymous_90)
FN:1107,(anonymous_91)
FN:1112,(anonymous_92)
FN:1113,(anonymous_93)
FN:1127,(anonymous_94)
FN:1137,(anonymous_95)
FN:1148,(anonymous_96)
FN:1157,(anonymous_97)
FN:1162,(anonymous_98)
FN:1178,(anonymous_99)
FN:1183,(anonymous_100)
FN:1184,(anonymous_101)
FNF:102
FNH:0
FNDA:0,(anonymous_0)
FNDA:0,(anonymous_1)
FNDA:0,(anonymous_2)
FNDA:0,(anonymous_3)
FNDA:0,(anonymous_4)
FNDA:0,(anonymous_5)
FNDA:0,(anonymous_6)
FNDA:0,(anonymous_7)
FNDA:0,(anonymous_8)
FNDA:0,(anonymous_9)
FNDA:0,(anonymous_10)
FNDA:0,(anonymous_11)
FNDA:0,(anonymous_12)
FNDA:0,(anonymous_13)
FNDA:0,(anonymous_14)
FNDA:0,(anonymous_15)
FNDA:0,(anonymous_16)
FNDA:0,(anonymous_17)
FNDA:0,(anonymous_18)
FNDA:0,(anonymous_19)
FNDA:0,(anonymous_20)
FNDA:0,(anonymous_21)
FNDA:0,(anonymous_22)
FNDA:0,(anonymous_23)
FNDA:0,(anonymous_24)
FNDA:0,(anonymous_25)
FNDA:0,(anonymous_26)
FNDA:0,(anonymous_27)
FNDA:0,(anonymous_28)
FNDA:0,(anonymous_29)
FNDA:0,(anonymous_30)
FNDA:0,(anonymous_31)
FNDA:0,(anonymous_32)
FNDA:0,(anonymous_33)
FNDA:0,(anonymous_34)
FNDA:0,(anonymous_35)
FNDA:0,(anonymous_36)
FNDA:0,(anonymous_37)
FNDA:0,(anonymous_38)
FNDA:0,(anonymous_39)
FNDA:0,(anonymous_40)
FNDA:0,(anonymous_41)
FNDA:0,(anonymous_42)
FNDA:0,(anonymous_43)
FNDA:0,(anonymous_44)
FNDA:0,(anonymous_45)
FNDA:0,(anonymous_46)
FNDA:0,(anonymous_47)
FNDA:0,(anonymous_48)
FNDA:0,(anonymous_49)
FNDA:0,(anonymous_50)
FNDA:0,(anonymous_51)
FNDA:0,(anonymous_52)
FNDA:0,(anonymous_53)
FNDA:0,(anonymous_54)
FNDA:0,(anonymous_55)
FNDA:0,(anonymous_56)
FNDA:0,(anonymous_57)
FNDA:0,(anonymous_58)
FNDA:0,(anonymous_59)
FNDA:0,(anonymous_60)
FNDA:0,(anonymous_61)
FNDA:0,(anonymous_62)
FNDA:0,(anonymous_63)
FNDA:0,(anonymous_64)
FNDA:0,(anonymous_65)
FNDA:0,(anonymous_66)
FNDA:0,(anonymous_67)
FNDA:0,(anonymous_68)
FNDA:0,(anonymous_69)
FNDA:0,(anonymous_70)
FNDA:0,(anonymous_71)
FNDA:0,(anonymous_72)
FNDA:0,(anonymous_73)
FNDA:0,(anonymous_74)
FNDA:0,(anonymous_75)
FNDA:0,(anonymous_76)
FNDA:0,(anonymous_77)
FNDA:0,(anonymous_78)
FNDA:0,(anonymous_79)
FNDA:0,(anonymous_80)
FNDA:0,(anonymous_81)
FNDA:0,(anonymous_82)
FNDA:0,(anonymous_83)
FNDA:0,(anonymous_84)
FNDA:0,(anonymous_85)
FNDA:0,(anonymous_86)
FNDA:0,(anonymous_87)
FNDA:0,(anonymous_88)
FNDA:0,(anonymous_89)
FNDA:0,(anonymous_90)
FNDA:0,(anonymous_91)
FNDA:0,(anonymous_92)
FNDA:0,(anonymous_93)
FNDA:0,(anonymous_94)
FNDA:0,(anonymous_95)
FNDA:0,(anonymous_96)
FNDA:0,(anonymous_97)
FNDA:0,(anonymous_98)
FNDA:0,(anonymous_99)
FNDA:0,(anonymous_100)
FNDA:0,(anonymous_101)
DA:7,0
DA:13,0
DA:14,0
DA:18,0
DA:19,0
DA:23,0
DA:25,0
DA:26,0
DA:27,0
DA:28,0
DA:29,0
DA:30,0
DA:35,0
DA:36,0
DA:39,0
DA:46,0
DA:47,0
DA:50,0
DA:52,0
DA:53,0
DA:54,0
DA:55,0
DA:56,0
DA:57,0
DA:61,0
DA:62,0
DA:65,0
DA:72,0
DA:74,0
DA:76,0
DA:77,0
DA:78,0
DA:79,0
DA:80,0
DA:83,0
DA:84,0
DA:85,0
DA:86,0
DA:87,0
DA:90,0
DA:91,0
DA:92,0
DA:93,0
DA:94,0
DA:97,0
DA:104,0
DA:112,0
DA:114,0
DA:115,0
DA:116,0
DA:119,0
DA:120,0
DA:121,0
DA:124,0
DA:125,0
DA:126,0
DA:129,0
DA:130,0
DA:131,0
DA:134,0
DA:139,0
DA:141,0
DA:142,0
DA:143,0
DA:146,0
DA:147,0
DA:148,0
DA:151,0
DA:152,0
DA:153,0
DA:156,0
DA:157,0
DA:160,0
DA:164,0
DA:166,0
DA:167,0
DA:168,0
DA:171,0
DA:172,0
DA:173,0
DA:176,0
DA:179,0
DA:183,0
DA:189,0
DA:190,0
DA:196,0
DA:199,0
DA:203,0
DA:205,0
DA:206,0
DA:208,0
DA:209,0
DA:211,0
DA:214,0
DA:215,0
DA:219,0
DA:224,0
DA:225,0
DA:227,0
DA:231,0
DA:232,0
DA:236,0
DA:238,0
DA:239,0
DA:241,0
DA:242,0
DA:245,0
DA:246,0
DA:247,0
DA:250,0
DA:251,0
DA:253,0
DA:256,0
DA:259,0
DA:260,0
DA:263,0
DA:268,0
DA:270,0
DA:271,0
DA:272,0
DA:275,0
DA:276,0
DA:279,0
DA:280,0
DA:281,0
DA:282,0
DA:291,0
DA:294,0
DA:295,0
DA:298,0
DA:302,0
DA:304,0
DA:305,0
DA:306,0
DA:309,0
DA:310,0
DA:311,0
DA:314,0
DA:315,0
DA:316,0
DA:319,0
DA:320,0
DA:321,0
DA:324,0
DA:325,0
DA:327,0
DA:331,0
DA:335,0
DA:337,0
DA:338,0
DA:341,0
DA:342,0
DA:343,0
DA:345,0
DA:346,0
DA:347,0
DA:349,0
DA:356,0
DA:359,0
DA:363,0
DA:366,0
DA:367,0
DA:370,0
DA:371,0
DA:373,0
DA:374,0
DA:375,0
DA:376,0
DA:377,0
DA:378,0
DA:382,0
DA:383,0
DA:385,0
DA:390,0
DA:392,0
DA:393,0
DA:396,0
DA:397,0
DA:398,0
DA:399,0
DA:400,0
DA:402,0
DA:407,0
DA:411,0
DA:412,0
DA:414,0
DA:418,0
DA:421,0
DA:422,0
DA:425,0
DA:426,0
DA:428,0
DA:430,0
DA:431,0
DA:433,0
DA:434,0
DA:435,0
DA:436,0
DA:437,0
DA:442,0
DA:443,0
DA:446,0
DA:449,0
DA:450,0
DA:453,0
DA:457,0
DA:458,0
DA:460,0
DA:464,0
DA:467,0
DA:468,0
DA:471,0
DA:472,0
DA:474,0
DA:475,0
DA:476,0
DA:477,0
DA:478,0
DA:479,0
DA:483,0
DA:484,0
DA:488,0
DA:491,0
DA:492,0
DA:496,0
DA:500,0
DA:503,0
DA:504,0
DA:507,0
DA:508,0
DA:510,0
DA:512,0
DA:514,0
DA:515,0
DA:517,0
DA:518,0
DA:522,0
DA:527,0
DA:530,0
DA:531,0
DA:532,0
DA:533,0
DA:535,0
DA:545,0
DA:546,0
DA:547,0
DA:550,0
DA:554,0
DA:556,0
DA:559,0
DA:560,0
DA:561,0
DA:562,0
DA:564,0
DA:565,0
DA:566,0
DA:567,0
DA:568,0
DA:569,0
DA:571,0
DA:576,0
DA:578,0
DA:587,0
DA:589,0
DA:590,0
DA:592,0
DA:597,0
DA:604,0
DA:605,0
DA:607,0
DA:610,0
DA:611,0
DA:612,0
DA:614,0
DA:615,0
DA:618,0
DA:622,0
DA:625,0
DA:634,0
DA:639,0
DA:644,0
DA:647,0
DA:648,0
DA:649,0
DA:653,0
DA:656,0
DA:657,0
DA:658,0
DA:659,0
DA:660,0
DA:665,0
DA:666,0
DA:668,0
DA:672,0
DA:675,0
DA:676,0
DA:677,0
DA:682,0
DA:685,0
DA:686,0
DA:688,0
DA:691,0
DA:694,0
DA:695,0
DA:697,0
DA:699,0
DA:701,0
DA:704,0
DA:709,0
DA:711,0
DA:712,0
DA:714,0
DA:717,0
DA:718,0
DA:721,0
DA:722,0
DA:723,0
DA:727,0
DA:728,0
DA:730,0
DA:734,0
DA:736,0
DA:737,0
DA:739,0
DA:742,0
DA:743,0
DA:746,0
DA:747,0
DA:748,0
DA:749,0
DA:751,0
DA:752,0
DA:754,0
DA:755,0
DA:757,0
DA:761,0
DA:764,0
DA:765,0
DA:767,0
DA:772,0
DA:775,0
DA:776,0
DA:777,0
DA:778,0
DA:779,0
DA:780,0
DA:784,0
DA:785,0
DA:788,0
DA:790,0
DA:794,0
DA:797,0
DA:798,0
DA:799,0
DA:800,0
DA:801,0
DA:803,0
DA:804,0
DA:807,0
DA:808,0
DA:810,0
DA:812,0
DA:817,0
DA:820,0
DA:821,0
DA:822,0
DA:823,0
DA:827,0
DA:832,0
DA:833,0
DA:834,0
DA:835,0
DA:836,0
DA:840,0
DA:844,0
DA:845,0
DA:846,0
DA:847,0
DA:851,0
DA:855,0
DA:859,0
DA:862,0
DA:864,0
DA:865,0
DA:866,0
DA:868,0
DA:877,0
DA:880,0
DA:881,0
DA:882,0
DA:883,0
DA:884,0
DA:887,0
DA:890,0
DA:891,0
DA:892,0
DA:893,0
DA:894,0
DA:897,0
DA:899,0
DA:904,0
DA:906,0
DA:907,0
DA:908,0
DA:910,0
DA:911,0
DA:913,0
DA:914,0
DA:916,0
DA:920,0
DA:921,0
DA:922,0
DA:926,0
DA:929,0
DA:930,0
DA:932,0
DA:933,0
DA:935,0
DA:936,0
DA:939,0
DA:943,0
DA:944,0
DA:945,0
DA:946,0
DA:948,0
DA:949,0
DA:950,0
DA:952,0
DA:956,0
DA:957,0
DA:958,0
DA:959,0
DA:960,0
DA:961,0
DA:963,0
DA:964,0
DA:967,0
DA:968,0
DA:970,0
DA:974,0
DA:975,0
DA:977,0
DA:978,0
DA:980,0
DA:982,0
DA:983,0
DA:984,0
DA:985,0
DA:986,0
DA:987,0
DA:988,0
DA:993,0
DA:994,0
DA:1004,0
DA:1008,0
DA:1009,0
DA:1010,0
DA:1012,0
DA:1013,0
DA:1017,0
DA:1020,0
DA:1024,0
DA:1025,0
DA:1026,0
DA:1027,0
DA:1029,0
DA:1030,0
DA:1032,0
DA:1036,0
DA:1038,0
DA:1039,0
DA:1040,0
DA:1043,0
DA:1044,0
DA:1048,0
DA:1052,0
DA:1054,0
DA:1055,0
DA:1056,0
DA:1060,0
DA:1061,0
DA:1065,0
DA:1067,0
DA:1068,0
DA:1070,0
DA:1074,0
DA:1076,0
DA:1077,0
DA:1078,0
DA:1079,0
DA:1084,0
DA:1086,0
DA:1087,0
DA:1089,0
DA:1093,0
DA:1094,0
DA:1096,0
DA:1097,0
DA:1098,0
DA:1099,0
DA:1100,0
DA:1104,0
DA:1108,0
DA:1111,0
DA:1112,0
DA:1113,0
DA:1114,0
DA:1115,0
DA:1116,0
DA:1117,0
DA:1121,0
DA:1122,0
DA:1123,0
DA:1126,0
DA:1127,0
DA:1128,0
DA:1129,0
DA:1130,0
DA:1131,0
DA:1134,0
DA:1139,0
DA:1140,0
DA:1143,0
DA:1146,0
DA:1147,0
DA:1148,0
DA:1149,0
DA:1152,0
DA:1154,0
DA:1159,0
DA:1160,0
DA:1162,0
DA:1163,0
DA:1164,0
DA:1165,0
DA:1168,0
DA:1169,0
DA:1170,0
DA:1175,0
DA:1180,0
DA:1181,0
DA:1183,0
DA:1184,0
DA:1185,0
DA:1186,0
DA:1187,0
DA:1191,0
DA:1192,0
DA:1195,0
DA:1196,0
DA:1197,0
DA:1198,0
DA:1202,0
LF:553
LH:0
BRDA:13,0,0,0
BRDA:13,0,1,0
BRDA:13,1,0,0
BRDA:13,1,1,0
BRDA:13,1,2,0
BRDA:13,1,3,0
BRDA:18,2,0,0
BRDA:18,2,1,0
BRDA:18,3,0,0
BRDA:18,3,1,0
BRDA:26,4,0,0
BRDA:26,4,1,0
BRDA:26,5,0,0
BRDA:26,5,1,0
BRDA:26,5,2,0
BRDA:35,6,0,0
BRDA:35,6,1,0
BRDA:46,7,0,0
BRDA:46,7,1,0
BRDA:46,8,0,0
BRDA:46,8,1,0
BRDA:46,8,2,0
BRDA:61,9,0,0
BRDA:61,9,1,0
BRDA:74,10,0,0
BRDA:74,10,1,0
BRDA:74,10,2,0
BRDA:112,11,0,0
BRDA:112,11,1,0
BRDA:112,11,2,0
BRDA:112,11,3,0
BRDA:139,12,0,0
BRDA:139,12,1,0
BRDA:139,13,0,0
BRDA:139,13,1,0
BRDA:142,14,0,0
BRDA:142,14,1,0
BRDA:142,15,0,0
BRDA:142,15,1,0
BRDA:142,15,2,0
BRDA:142,15,3,0
BRDA:147,16,0,0
BRDA:147,16,1,0
BRDA:147,17,0,0
BRDA:147,17,1,0
BRDA:147,17,2,0
BRDA:164,18,0,0
BRDA:164,18,1,0
BRDA:164,19,0,0
BRDA:164,19,1,0
BRDA:167,20,0,0
BRDA:167,20,1,0
BRDA:167,21,0,0
BRDA:167,21,1,0
BRDA:167,21,2,0
BRDA:167,21,3,0
BRDA:176,22,0,0
BRDA:176,22,1,0
BRDA:176,23,0,0
BRDA:176,23,1,0
BRDA:176,23,2,0
BRDA:176,23,3,0
BRDA:176,23,4,0
BRDA:176,23,5,0
BRDA:196,24,0,0
BRDA:196,24,1,0
BRDA:203,25,0,0
BRDA:203,25,1,0
BRDA:203,26,0,0
BRDA:203,26,1,0
BRDA:206,27,0,0
BRDA:206,27,1,0
BRDA:206,28,0,0
BRDA:206,28,1,0
BRDA:206,28,2,0
BRDA:209,29,0,0
BRDA:209,29,1,0
BRDA:225,30,0,0
BRDA:225,30,1,0
BRDA:232,31,0,0
BRDA:232,31,1,0
BRDA:236,32,0,0
BRDA:236,32,1,0
BRDA:236,33,0,0
BRDA:236,33,1,0
BRDA:239,34,0,0
BRDA:239,34,1,0
BRDA:239,35,0,0
BRDA:239,35,1,0
BRDA:239,35,2,0
BRDA:242,36,0,0
BRDA:242,36,1,0
BRDA:256,37,0,0
BRDA:256,37,1,0
BRDA:268,38,0,0
BRDA:268,38,1,0
BRDA:268,39,0,0
BRDA:268,39,1,0
BRDA:271,40,0,0
BRDA:271,40,1,0
BRDA:271,41,0,0
BRDA:271,41,1,0
BRDA:271,41,2,0
BRDA:271,41,3,0
BRDA:281,42,0,0
BRDA:281,42,1,0
BRDA:285,43,0,0
BRDA:285,43,1,0
BRDA:291,44,0,0
BRDA:291,44,1,0
BRDA:302,45,0,0
BRDA:302,45,1,0
BRDA:302,46,0,0
BRDA:302,46,1,0
BRDA:305,47,0,0
BRDA:305,47,1,0
BRDA:305,48,0,0
BRDA:305,48,1,0
BRDA:305,48,2,0
BRDA:305,48,3,0
BRDA:319,49,0,0
BRDA:319,49,1,0
BRDA:319,50,0,0
BRDA:319,50,1,0
BRDA:320,51,0,0
BRDA:320,51,1,0
BRDA:331,52,0,0
BRDA:331,52,1,0
BRDA:335,53,0,0
BRDA:335,53,1,0
BRDA:335,54,0,0
BRDA:335,54,1,0
BRDA:343,55,0,0
BRDA:343,55,1,0
BRDA:345,56,0,0
BRDA:345,56,1,0
BRDA:345,57,0,0
BRDA:345,57,1,0
BRDA:346,58,0,0
BRDA:346,58,1,0
BRDA:347,59,0,0
BRDA:347,59,1,0
BRDA:347,60,0,0
BRDA:347,60,1,0
BRDA:356,61,0,0
BRDA:356,61,1,0
BRDA:363,62,0,0
BRDA:363,62,1,0
BRDA:363,63,0,0
BRDA:363,63,1,0
BRDA:366,64,0,0
BRDA:366,64,1,0
BRDA:366,65,0,0
BRDA:366,65,1,0
BRDA:366,65,2,0
BRDA:366,65,3,0
BRDA:371,66,0,0
BRDA:371,66,1,0
BRDA:390,67,0,0
BRDA:390,67,1,0
BRDA:390,68,0,0
BRDA:390,68,1,0
BRDA:393,69,0,0
BRDA:393,69,1,0
BRDA:418,70,0,0
BRDA:418,70,1,0
BRDA:418,71,0,0
BRDA:418,71,1,0
BRDA:421,72,0,0
BRDA:421,72,1,0
BRDA:421,73,0,0
BRDA:421,73,1,0
BRDA:421,73,2,0
BRDA:421,73,3,0
BRDA:428,74,0,0
BRDA:428,74,1,0
BRDA:431,75,0,0
BRDA:431,75,1,0
BRDA:436,76,0,0
BRDA:436,76,1,0
BRDA:436,77,0,0
BRDA:436,77,1,0
BRDA:436,77,2,0
BRDA:437,78,0,0
BRDA:437,78,1,0
BRDA:442,79,0,0
BRDA:442,79,1,0
BRDA:449,80,0,0
BRDA:449,80,1,0
BRDA:464,81,0,0
BRDA:464,81,1,0
BRDA:464,82,0,0
BRDA:464,82,1,0
BRDA:467,83,0,0
BRDA:467,83,1,0
BRDA:467,84,0,0
BRDA:467,84,1,0
BRDA:467,84,2,0
BRDA:467,84,3,0
BRDA:472,85,0,0
BRDA:472,85,1,0
BRDA:483,86,0,0
BRDA:483,86,1,0
BRDA:491,87,0,0
BRDA:491,87,1,0
BRDA:491,88,0,0
BRDA:491,88,1,0
BRDA:500,89,0,0
BRDA:500,89,1,0
BRDA:500,90,0,0
BRDA:500,90,1,0
BRDA:503,91,0,0
BRDA:503,91,1,0
BRDA:503,92,0,0
BRDA:503,92,1,0
BRDA:503,92,2,0
BRDA:503,92,3,0
BRDA:510,93,0,0
BRDA:510,93,1,0
BRDA:515,94,0,0
BRDA:515,94,1,0
BRDA:515,95,0,0
BRDA:515,95,1,0
BRDA:527,96,0,0
BRDA:527,96,1,0
BRDA:527,97,0,0
BRDA:527,97,1,0
BRDA:540,98,0,0
BRDA:540,98,1,0
BRDA:554,99,0,0
BRDA:554,99,1,0
BRDA:554,100,0,0
BRDA:554,100,1,0
BRDA:587,101,0,0
BRDA:587,101,1,0
BRDA:605,102,0,0
BRDA:605,102,1,0
BRDA:611,103,0,0
BRDA:611,103,1,0
BRDA:611,104,0,0
BRDA:611,104,1,0
BRDA:622,105,0,0
BRDA:622,105,1,0
BRDA:622,106,0,0
BRDA:622,106,1,0
BRDA:644,107,0,0
BRDA:644,107,1,0
BRDA:644,108,0,0
BRDA:644,108,1,0
BRDA:659,109,0,0
BRDA:659,109,1,0
BRDA:672,110,0,0
BRDA:672,110,1,0
BRDA:672,111,0,0
BRDA:672,111,1,0
BRDA:688,112,0,0
BRDA:688,112,1,0
BRDA:695,113,0,0
BRDA:695,113,1,0
BRDA:697,114,0,0
BRDA:697,114,1,0
BRDA:699,115,0,0
BRDA:699,115,1,0
BRDA:709,116,0,0
BRDA:709,116,1,0
BRDA:709,117,0,0
BRDA:709,117,1,0
BRDA:714,118,0,0
BRDA:714,118,1,0
BRDA:734,119,0,0
BRDA:734,119,1,0
BRDA:734,120,0,0
BRDA:734,120,1,0
BRDA:739,121,0,0
BRDA:739,121,1,0
BRDA:755,122,0,0
BRDA:755,122,1,0
BRDA:772,123,0,0
BRDA:772,123,1,0
BRDA:772,124,0,0
BRDA:772,124,1,0
BRDA:794,125,0,0
BRDA:794,125,1,0
BRDA:794,126,0,0
BRDA:794,126,1,0
BRDA:817,127,0,0
BRDA:817,127,1,0
BRDA:817,128,0,0
BRDA:817,128,1,0
BRDA:859,129,0,0
BRDA:859,129,1,0
BRDA:859,130,0,0
BRDA:859,130,1,0
BRDA:882,131,0,0
BRDA:882,131,1,0
BRDA:887,132,0,0
BRDA:887,132,1,0
BRDA:892,133,0,0
BRDA:892,133,1,0
BRDA:897,134,0,0
BRDA:897,134,1,0
BRDA:904,135,0,0
BRDA:904,135,1,0
BRDA:904,136,0,0
BRDA:904,136,1,0
BRDA:914,137,0,0
BRDA:914,137,1,0
BRDA:926,138,0,0
BRDA:926,138,1,0
BRDA:952,139,0,0
BRDA:952,139,1,0
BRDA:956,140,0,0
BRDA:956,140,1,0
BRDA:959,141,0,0
BRDA:959,141,1,0
BRDA:980,142,0,0
BRDA:980,142,1,0
BRDA:984,143,0,0
BRDA:984,143,1,0
BRDA:984,144,0,0
BRDA:984,144,1,0
BRDA:984,144,2,0
BRDA:986,145,0,0
BRDA:986,145,1,0
BRDA:993,146,0,0
BRDA:993,146,1,0
BRDA:1036,147,0,0
BRDA:1036,147,1,0
BRDA:1036,148,0,0
BRDA:1036,148,1,0
BRDA:1048,149,0,0
BRDA:1048,149,1,0
BRDA:1060,150,0,0
BRDA:1060,150,1,0
BRDA:1065,151,0,0
BRDA:1065,151,1,0
BRDA:1078,152,0,0
BRDA:1078,152,1,0
BRDA:1084,153,0,0
BRDA:1084,153,1,0
BRDA:1104,154,0,0
BRDA:1104,154,1,0
BRDA:1108,155,0,0
BRDA:1108,155,1,0
BRDA:1134,156,0,0
BRDA:1134,156,1,0
BRDA:1143,157,0,0
BRDA:1143,157,1,0
BRDA:1143,158,0,0
BRDA:1143,158,1,0
BRDA:1149,159,0,0
BRDA:1149,159,1,0
BRDA:1168,160,0,0
BRDA:1168,160,1,0
BRDA:1175,161,0,0
BRDA:1175,161,1,0
BRDA:1195,162,0,0
BRDA:1195,162,1,0
BRDA:1195,163,0,0
BRDA:1195,163,1,0
BRDA:1196,164,0,0
BRDA:1196,164,1,0
BRDA:1196,165,0,0
BRDA:1196,165,1,0
BRDA:1197,166,0,0
BRDA:1197,166,1,0
BRDA:1197,167,0,0
BRDA:1197,167,1,0
BRF:368
BRH:0
end_of_record
TN:
SF:backend/comprehensiveVelocityFix.js
FN:10,comprehensiveVelocityFix
FN:98,(anonymous_1)
FN:133,(anonymous_2)
FNF:3
FNH:0
FNDA:0,comprehensiveVelocityFix
FNDA:0,(anonymous_1)
FNDA:0,(anonymous_2)
DA:1,0
DA:2,0
DA:4,0
DA:11,0
DA:12,0
DA:15,0
DA:28,0
DA:29,0
DA:30,0
DA:31,0
DA:32,0
DA:33,0
DA:34,0
DA:35,0
DA:38,0
DA:46,0
DA:48,0
DA:49,0
DA:50,0
DA:52,0
DA:53,0
DA:54,0
DA:55,0
DA:58,0
DA:60,0
DA:61,0
DA:62,0
DA:63,0
DA:64,0
DA:65,0
DA:66,0
DA:67,0
DA:70,0
DA:71,0
DA:72,0
DA:73,0
DA:74,0
DA:77,0
DA:78,0
DA:83,0
DA:92,0
DA:93,0
DA:96,0
DA:97,0
DA:98,0
DA:99,0
DA:104,0
DA:113,0
DA:114,0
DA:115,0
DA:116,0
DA:117,0
DA:120,0
DA:131,0
DA:132,0
DA:133,0
DA:134,0
DA:139,0
DA:141,0
DA:146,0
DA:149,0
DA:150,0
LF:62
LH:0
BRDA:5,0,0,0
BRDA:5,0,1,0
BRDA:58,1,0,0
BRDA:58,1,1,0
BRDA:67,2,0,0
BRDA:67,2,1,0
BRDA:67,3,0,0
BRDA:67,3,1,0
BRDA:77,4,0,0
BRDA:77,4,1,0
BRDA:96,5,0,0
BRDA:96,5,1,0
BRDA:131,6,0,0
BRDA:131,6,1,0
BRDA:149,7,0,0
BRDA:149,7,1,0
BRF:16
BRH:0
end_of_record
TN:
SF:backend/create_backup.js
FN:4,createBackup
FNF:1
FNH:0
FNDA:0,createBackup
DA:1,0
DA:2,0
DA:5,0
DA:7,0
DA:8,0
DA:10,0
DA:12,0
DA:14,0
DA:21,0
DA:24,0
DA:25,0
DA:27,0
DA:28,0
DA:30,0
DA:33,0
DA:34,0
DA:36,0
DA:41,0
LF:18
LH:0
BRF:0
BRH:0
end_of_record
TN:
SF:backend/create_monitoring_views.js
FN:9,createViews
FN:169,(anonymous_1)
FN:180,(anonymous_2)
FN:184,(anonymous_3)
FNF:4
FNH:0
FNDA:0,createViews
FNDA:0,(anonymous_1)
FNDA:0,(anonymous_2)
FNDA:0,(anonymous_3)
DA:1,0
DA:4,0
DA:10,0
DA:12,0
DA:13,0
DA:16,0
DA:17,0
DA:37,0
DA:40,0
DA:41,0
DA:74,0
DA:77,0
DA:78,0
DA:100,0
DA:103,0
DA:104,0
DA:114,0
DA:117,0
DA:118,0
DA:131,0
DA:133,0
DA:136,0
DA:138,0
DA:146,0
DA:147,0
DA:148,0
DA:149,0
DA:150,0
DA:151,0
DA:154,0
DA:159,0
DA:160,0
DA:162,0
DA:167,0
DA:168,0
DA:170,0
DA:171,0
DA:181,0
DA:182,0
DA:185,0
DA:189,0
LF:41
LH:0
BRDA:150,0,0,0
BRDA:150,0,1,0
BRDA:167,1,0,0
BRDA:167,1,1,0
BRF:4
BRH:0
end_of_record
TN:
SF:backend/db.js
FN:22,(anonymous_0)
FNF:1
FNH:0
FNDA:0,(anonymous_0)
DA:1,0
DA:2,0
DA:4,0
DA:7,0
DA:22,0
DA:23,0
DA:24,0
DA:26,0
DA:27,0
DA:31,0
LF:10
LH:0
BRDA:13,0,0,0
BRDA:13,0,1,0
BRDA:23,1,0,0
BRDA:23,1,1,0
BRF:4
BRH:0
end_of_record
TN:
SF:backend/debug-shape-scores.js
FN:15,debugShapeScores
FN:32,(anonymous_1)
FN:76,(anonymous_2)
FN:135,(anonymous_3)
FN:157,(anonymous_4)
FN:164,(anonymous_5)
FN:178,(anonymous_6)
FNF:7
FNH:0
FNDA:0,debugShapeScores
FNDA:0,(anonymous_1)
FNDA:0,(anonymous_2)
FNDA:0,(anonymous_3)
FNDA:0,(anonymous_4)
FNDA:0,(anonymous_5)
FNDA:0,(anonymous_6)
DA:4,0
DA:5,0
DA:7,0
DA:16,0
DA:17,0
DA:20,0
DA:21,0
DA:29,0
DA:30,0
DA:32,0
DA:33,0
DA:34,0
DA:35,0
DA:36,0
DA:37,0
DA:40,0
DA:41,0
DA:42,0
DA:44,0
DA:45,0
DA:46,0
DA:48,0
DA:49,0
DA:50,0
DA:52,0
DA:56,0
DA:57,0
DA:73,0
DA:74,0
DA:76,0
DA:77,0
DA:78,0
DA:79,0
DA:80,0
DA:81,0
DA:82,0
DA:84,0
DA:85,0
DA:88,0
DA:89,0
DA:90,0
DA:91,0
DA:92,0
DA:94,0
DA:95,0
DA:97,0
DA:98,0
DA:102,0
DA:105,0
DA:106,0
DA:108,0
DA:112,0
DA:113,0
DA:132,0
DA:133,0
DA:135,0
DA:136,0
DA:137,0
DA:138,0
DA:139,0
DA:140,0
DA:141,0
DA:145,0
DA:146,0
DA:149,0
DA:151,0
DA:152,0
DA:154,0
DA:157,0
DA:158,0
DA:159,0
DA:163,0
DA:164,0
DA:165,0
DA:171,0
DA:172,0
DA:173,0
DA:175,0
DA:178,0
DA:179,0
DA:180,0
DA:181,0
DA:184,0
DA:185,0
DA:190,0
DA:191,0
DA:192,0
DA:193,0
DA:194,0
DA:195,0
DA:198,0
DA:200,0
DA:205,0
DA:206,0
LF:94
LH:0
BRDA:8,0,0,0
BRDA:8,0,1,0
BRDA:9,1,0,0
BRDA:9,1,1,0
BRDA:9,2,0,0
BRDA:9,2,1,0
BRDA:9,3,0,0
BRDA:9,3,1,0
BRDA:9,4,0,0
BRDA:9,4,1,0
BRDA:34,5,0,0
BRDA:34,5,1,0
BRDA:35,6,0,0
BRDA:35,6,1,0
BRDA:36,7,0,0
BRDA:36,7,1,0
BRDA:36,8,0,0
BRDA:36,8,1,0
BRDA:37,9,0,0
BRDA:37,9,1,0
BRDA:40,10,0,0
BRDA:40,10,1,0
BRDA:40,11,0,0
BRDA:40,11,1,0
BRDA:44,12,0,0
BRDA:44,12,1,0
BRDA:44,13,0,0
BRDA:44,13,1,0
BRDA:48,14,0,0
BRDA:48,14,1,0
BRDA:48,15,0,0
BRDA:48,15,1,0
BRDA:80,16,0,0
BRDA:80,16,1,0
BRDA:82,17,0,0
BRDA:82,17,1,0
BRDA:84,18,0,0
BRDA:84,18,1,0
BRDA:89,19,0,0
BRDA:89,19,1,0
BRDA:89,20,0,0
BRDA:89,20,1,0
BRDA:89,20,2,0
BRDA:91,21,0,0
BRDA:91,21,1,0
BRDA:94,22,0,0
BRDA:94,22,1,0
BRDA:97,23,0,0
BRDA:97,23,1,0
BRDA:105,24,0,0
BRDA:105,24,1,0
BRDA:106,25,0,0
BRDA:106,25,1,0
BRDA:138,26,0,0
BRDA:138,26,1,0
BRDA:151,27,0,0
BRDA:151,27,1,0
BRDA:157,28,0,0
BRDA:157,28,1,0
BRDA:158,29,0,0
BRDA:158,29,1,0
BRDA:163,30,0,0
BRDA:163,30,1,0
BRDA:165,31,0,0
BRDA:165,31,1,0
BRDA:165,31,2,0
BRDA:165,31,3,0
BRDA:171,32,0,0
BRDA:171,32,1,0
BRDA:179,33,0,0
BRDA:179,33,1,0
BRDA:181,34,0,0
BRDA:181,34,1,0
BRDA:181,34,2,0
BRDA:184,35,0,0
BRDA:184,35,1,0
BRF:76
BRH:0
end_of_record
TN:
SF:backend/drawingVerification.js
FN:4,distance
FN:9,angle
FN:17,extractKeyPoints
FN:25,(anonymous_3)
FN:28,(anonymous_4)
FN:49,compareFaceDrawings
FN:64,(anonymous_6)
FN:72,(anonymous_7)
FN:133,compareStarDrawings
FN:148,(anonymous_9)
FN:156,(anonymous_10)
FN:215,compareHouseDrawings
FN:224,(anonymous_12)
FN:232,(anonymous_13)
FN:274,compareConnectDotsDrawings
FN:283,(anonymous_15)
FN:291,(anonymous_16)
FN:335,normalizeStrokeData
FN:341,(anonymous_18)
FN:362,extractStrokeDataFromSignaturePad
FN:373,(anonymous_20)
FN:402,calculateBoundingBox
FN:406,(anonymous_22)
FN:420,detectFaceFeatures
FN:428,(anonymous_24)
FN:442,isCircularStroke
FN:451,isCurvedLine
FN:462,calculatePathLength
FN:470,compareFeatures
FN:481,detectStarPoints
FN:488,(anonymous_30)
FN:495,(anonymous_31)
FN:511,calculateCentroid
FN:512,(anonymous_33)
FN:523,calculateStarSymmetry
FN:527,(anonymous_35)
FN:528,(anonymous_36)
FN:529,(anonymous_37)
FN:534,calculateStarSize
FN:539,detectHouseComponents
FN:547,(anonymous_40)
FN:566,isTriangularShape
FN:584,isRectangularShape
FN:597,compareHouseComponents
FN:609,calculateHouseProportions
FN:618,compareProportions
FN:626,compareHouseStructure
FN:640,extractConnectPath
FN:643,(anonymous_48)
FN:652,comparePathOrder
FN:672,calculatePathEfficiency
FN:681,calculateOptimalPathLength
FN:690,comparePatternAccuracy
FN:706,normalizeShape
FN:712,(anonymous_54)
FN:719,debugDrawingData
FN:743,compareDrawings
FNF:57
FNH:0
FNDA:0,distance
FNDA:0,angle
FNDA:0,extractKeyPoints
FNDA:0,(anonymous_3)
FNDA:0,(anonymous_4)
FNDA:0,compareFaceDrawings
FNDA:0,(anonymous_6)
FNDA:0,(anonymous_7)
FNDA:0,compareStarDrawings
FNDA:0,(anonymous_9)
FNDA:0,(anonymous_10)
FNDA:0,compareHouseDrawings
FNDA:0,(anonymous_12)
FNDA:0,(anonymous_13)
FNDA:0,compareConnectDotsDrawings
FNDA:0,(anonymous_15)
FNDA:0,(anonymous_16)
FNDA:0,normalizeStrokeData
FNDA:0,(anonymous_18)
FNDA:0,extractStrokeDataFromSignaturePad
FNDA:0,(anonymous_20)
FNDA:0,calculateBoundingBox
FNDA:0,(anonymous_22)
FNDA:0,detectFaceFeatures
FNDA:0,(anonymous_24)
FNDA:0,isCircularStroke
FNDA:0,isCurvedLine
FNDA:0,calculatePathLength
FNDA:0,compareFeatures
FNDA:0,detectStarPoints
FNDA:0,(anonymous_30)
FNDA:0,(anonymous_31)
FNDA:0,calculateCentroid
FNDA:0,(anonymous_33)
FNDA:0,calculateStarSymmetry
FNDA:0,(anonymous_35)
FNDA:0,(anonymous_36)
FNDA:0,(anonymous_37)
FNDA:0,calculateStarSize
FNDA:0,detectHouseComponents
FNDA:0,(anonymous_40)
FNDA:0,isTriangularShape
FNDA:0,isRectangularShape
FNDA:0,compareHouseComponents
FNDA:0,calculateHouseProportions
FNDA:0,compareProportions
FNDA:0,compareHouseStructure
FNDA:0,extractConnectPath
FNDA:0,(anonymous_48)
FNDA:0,comparePathOrder
FNDA:0,calculatePathEfficiency
FNDA:0,calculateOptimalPathLength
FNDA:0,comparePatternAccuracy
FNDA:0,normalizeShape
FNDA:0,(anonymous_54)
FNDA:0,debugDrawingData
FNDA:0,compareDrawings
DA:5,0
DA:10,0
DA:11,0
DA:12,0
DA:13,0
DA:18,0
DA:20,0
DA:21,0
DA:22,0
DA:25,0
DA:27,0
DA:28,0
DA:29,0
DA:30,0
DA:32,0
DA:37,0
DA:38,0
DA:41,0
DA:45,0
DA:50,0
DA:52,0
DA:53,0
DA:54,0
DA:58,0
DA:59,0
DA:62,0
DA:63,0
DA:64,0
DA:66,0
DA:67,0
DA:70,0
DA:71,0
DA:72,0
DA:74,0
DA:75,0
DA:80,0
DA:81,0
DA:82,0
DA:84,0
DA:85,0
DA:86,0
DA:90,0
DA:91,0
DA:93,0
DA:94,0
DA:97,0
DA:100,0
DA:104,0
DA:105,0
DA:106,0
DA:111,0
DA:112,0
DA:113,0
DA:116,0
DA:118,0
DA:127,0
DA:128,0
DA:134,0
DA:136,0
DA:137,0
DA:138,0
DA:142,0
DA:143,0
DA:146,0
DA:147,0
DA:148,0
DA:150,0
DA:151,0
DA:154,0
DA:155,0
DA:156,0
DA:158,0
DA:159,0
DA:164,0
DA:165,0
DA:166,0
DA:168,0
DA:169,0
DA:170,0
DA:174,0
DA:175,0
DA:177,0
DA:178,0
DA:181,0
DA:182,0
DA:185,0
DA:189,0
DA:190,0
DA:191,0
DA:194,0
DA:195,0
DA:196,0
DA:199,0
DA:201,0
DA:209,0
DA:210,0
DA:216,0
DA:218,0
DA:219,0
DA:222,0
DA:223,0
DA:224,0
DA:226,0
DA:227,0
DA:230,0
DA:231,0
DA:232,0
DA:234,0
DA:235,0
DA:240,0
DA:241,0
DA:243,0
DA:244,0
DA:247,0
DA:250,0
DA:251,0
DA:252,0
DA:255,0
DA:258,0
DA:260,0
DA:268,0
DA:269,0
DA:275,0
DA:277,0
DA:278,0
DA:281,0
DA:282,0
DA:283,0
DA:285,0
DA:286,0
DA:289,0
DA:290,0
DA:291,0
DA:293,0
DA:294,0
DA:299,0
DA:300,0
DA:302,0
DA:303,0
DA:306,0
DA:309,0
DA:310,0
DA:311,0
DA:314,0
DA:317,0
DA:319,0
DA:327,0
DA:328,0
DA:336,0
DA:337,0
DA:338,0
DA:341,0
DA:343,0
DA:344,0
DA:347,0
DA:348,0
DA:351,0
DA:352,0
DA:355,0
DA:356,0
DA:363,0
DA:365,0
DA:366,0
DA:367,0
DA:368,0
DA:372,0
DA:373,0
DA:374,0
DA:375,0
DA:377,0
DA:378,0
DA:380,0
DA:385,0
DA:386,0
DA:390,0
DA:391,0
DA:394,0
DA:395,0
DA:397,0
DA:398,0
DA:403,0
DA:405,0
DA:406,0
DA:407,0
DA:408,0
DA:409,0
DA:410,0
DA:413,0
DA:422,0
DA:428,0
DA:430,0
DA:431,0
DA:432,0
DA:433,0
DA:434,0
DA:439,0
DA:443,0
DA:444,0
DA:445,0
DA:446,0
DA:447,0
DA:448,0
DA:452,0
DA:454,0
DA:455,0
DA:456,0
DA:457,0
DA:458,0
DA:459,0
DA:463,0
DA:464,0
DA:465,0
DA:467,0
DA:471,0
DA:472,0
DA:473,0
DA:475,0
DA:476,0
DA:478,0
DA:483,0
DA:484,0
DA:487,0
DA:488,0
DA:489,0
DA:490,0
DA:491,0
DA:495,0
DA:498,0
DA:499,0
DA:500,0
DA:501,0
DA:503,0
DA:504,0
DA:508,0
DA:512,0
DA:517,0
DA:524,0
DA:526,0
DA:527,0
DA:528,0
DA:529,0
DA:531,0
DA:535,0
DA:536,0
DA:540,0
DA:547,0
DA:549,0
DA:550,0
DA:551,0
DA:552,0
DA:553,0
DA:554,0
DA:555,0
DA:557,0
DA:563,0
DA:568,0
DA:570,0
DA:571,0
DA:573,0
DA:574,0
DA:575,0
DA:576,0
DA:578,0
DA:581,0
DA:586,0
DA:588,0
DA:589,0
DA:590,0
DA:591,0
DA:594,0
DA:598,0
DA:599,0
DA:600,0
DA:601,0
DA:603,0
DA:604,0
DA:606,0
DA:611,0
DA:619,0
DA:620,0
DA:621,0
DA:623,0
DA:628,0
DA:629,0
DA:631,0
DA:632,0
DA:634,0
DA:635,0
DA:637,0
DA:642,0
DA:643,0
DA:645,0
DA:646,0
DA:649,0
DA:653,0
DA:654,0
DA:658,0
DA:659,0
DA:661,0
DA:662,0
DA:666,0
DA:669,0
DA:673,0
DA:675,0
DA:676,0
DA:678,0
DA:683,0
DA:684,0
DA:685,0
DA:687,0
DA:692,0
DA:693,0
DA:695,0
DA:696,0
DA:698,0
DA:699,0
DA:700,0
DA:703,0
DA:707,0
DA:709,0
DA:710,0
DA:712,0
DA:720,0
DA:721,0
DA:722,0
DA:724,0
DA:725,0
DA:726,0
DA:727,0
DA:728,0
DA:729,0
DA:730,0
DA:731,0
DA:732,0
DA:733,0
DA:734,0
DA:739,0
DA:745,0
DA:746,0
DA:748,0
DA:750,0
DA:752,0
DA:754,0
DA:756,0
DA:758,0
DA:762,0
LF:346
LH:0
BRDA:20,0,0,0
BRDA:20,0,1,0
BRDA:27,1,0,0
BRDA:27,1,1,0
BRDA:29,2,0,0
BRDA:29,2,1,0
BRDA:29,3,0,0
BRDA:29,3,1,0
BRDA:29,3,2,0
BRDA:29,3,3,0
BRDA:37,4,0,0
BRDA:37,4,1,0
BRDA:37,5,0,0
BRDA:37,5,1,0
BRDA:37,5,2,0
BRDA:37,5,3,0
BRDA:52,6,0,0
BRDA:52,6,1,0
BRDA:52,7,0,0
BRDA:52,7,1,0
BRDA:58,8,0,0
BRDA:58,8,1,0
BRDA:59,9,0,0
BRDA:59,9,1,0
BRDA:62,10,0,0
BRDA:62,10,1,0
BRDA:62,11,0,0
BRDA:62,11,1,0
BRDA:62,11,2,0
BRDA:70,12,0,0
BRDA:70,12,1,0
BRDA:70,13,0,0
BRDA:70,13,1,0
BRDA:70,13,2,0
BRDA:80,14,0,0
BRDA:80,14,1,0
BRDA:84,15,0,0
BRDA:84,15,1,0
BRDA:97,16,0,0
BRDA:97,16,1,0
BRDA:97,17,0,0
BRDA:97,17,1,0
BRDA:100,18,0,0
BRDA:100,18,1,0
BRDA:100,19,0,0
BRDA:100,19,1,0
BRDA:106,20,0,0
BRDA:106,20,1,0
BRDA:106,21,0,0
BRDA:106,21,1,0
BRDA:136,22,0,0
BRDA:136,22,1,0
BRDA:136,23,0,0
BRDA:136,23,1,0
BRDA:142,24,0,0
BRDA:142,24,1,0
BRDA:143,25,0,0
BRDA:143,25,1,0
BRDA:146,26,0,0
BRDA:146,26,1,0
BRDA:146,27,0,0
BRDA:146,27,1,0
BRDA:146,27,2,0
BRDA:154,28,0,0
BRDA:154,28,1,0
BRDA:154,29,0,0
BRDA:154,29,1,0
BRDA:154,29,2,0
BRDA:164,30,0,0
BRDA:164,30,1,0
BRDA:168,31,0,0
BRDA:168,31,1,0
BRDA:185,32,0,0
BRDA:185,32,1,0
BRDA:218,33,0,0
BRDA:218,33,1,0
BRDA:219,34,0,0
BRDA:219,34,1,0
BRDA:222,35,0,0
BRDA:222,35,1,0
BRDA:222,36,0,0
BRDA:222,36,1,0
BRDA:222,36,2,0
BRDA:230,37,0,0
BRDA:230,37,1,0
BRDA:230,38,0,0
BRDA:230,38,1,0
BRDA:230,38,2,0
BRDA:277,39,0,0
BRDA:277,39,1,0
BRDA:278,40,0,0
BRDA:278,40,1,0
BRDA:281,41,0,0
BRDA:281,41,1,0
BRDA:281,42,0,0
BRDA:281,42,1,0
BRDA:281,42,2,0
BRDA:289,43,0,0
BRDA:289,43,1,0
BRDA:289,44,0,0
BRDA:289,44,1,0
BRDA:289,44,2,0
BRDA:336,45,0,0
BRDA:336,45,1,0
BRDA:343,46,0,0
BRDA:343,46,1,0
BRDA:343,47,0,0
BRDA:343,47,1,0
BRDA:343,47,2,0
BRDA:343,47,3,0
BRDA:347,48,0,0
BRDA:347,48,1,0
BRDA:351,49,0,0
BRDA:351,49,1,0
BRDA:351,50,0,0
BRDA:351,50,1,0
BRDA:351,50,2,0
BRDA:351,50,3,0
BRDA:363,51,0,0
BRDA:363,51,1,0
BRDA:367,52,0,0
BRDA:367,52,1,0
BRDA:372,53,0,0
BRDA:372,53,1,0
BRDA:372,54,0,0
BRDA:372,54,1,0
BRDA:374,55,0,0
BRDA:374,55,1,0
BRDA:374,56,0,0
BRDA:374,56,1,0
BRDA:377,57,0,0
BRDA:377,57,1,0
BRDA:385,58,0,0
BRDA:385,58,1,0
BRDA:385,59,0,0
BRDA:385,59,1,0
BRDA:390,60,0,0
BRDA:390,60,1,0
BRDA:403,61,0,0
BRDA:403,61,1,0
BRDA:403,62,0,0
BRDA:403,62,1,0
BRDA:430,63,0,0
BRDA:430,63,1,0
BRDA:431,64,0,0
BRDA:431,64,1,0
BRDA:433,65,0,0
BRDA:433,65,1,0
BRDA:443,66,0,0
BRDA:443,66,1,0
BRDA:452,67,0,0
BRDA:452,67,1,0
BRDA:472,68,0,0
BRDA:472,68,1,0
BRDA:475,69,0,0
BRDA:475,69,1,0
BRDA:476,70,0,0
BRDA:476,70,1,0
BRDA:503,71,0,0
BRDA:503,71,1,0
BRDA:503,72,0,0
BRDA:503,72,1,0
BRDA:524,73,0,0
BRDA:524,73,1,0
BRDA:549,74,0,0
BRDA:549,74,1,0
BRDA:550,75,0,0
BRDA:550,75,1,0
BRDA:552,76,0,0
BRDA:552,76,1,0
BRDA:554,77,0,0
BRDA:554,77,1,0
BRDA:568,78,0,0
BRDA:568,78,1,0
BRDA:575,79,0,0
BRDA:575,79,1,0
BRDA:575,80,0,0
BRDA:575,80,1,0
BRDA:581,81,0,0
BRDA:581,81,1,0
BRDA:586,82,0,0
BRDA:586,82,1,0
BRDA:591,83,0,0
BRDA:591,83,1,0
BRDA:599,84,0,0
BRDA:599,84,1,0
BRDA:600,85,0,0
BRDA:600,85,1,0
BRDA:601,86,0,0
BRDA:601,86,1,0
BRDA:612,87,0,0
BRDA:612,87,1,0
BRDA:613,88,0,0
BRDA:613,88,1,0
BRDA:614,89,0,0
BRDA:614,89,1,0
BRDA:645,90,0,0
BRDA:645,90,1,0
BRDA:645,91,0,0
BRDA:645,91,1,0
BRDA:653,92,0,0
BRDA:653,92,1,0
BRDA:673,93,0,0
BRDA:673,93,1,0
BRDA:707,94,0,0
BRDA:707,94,1,0
BRDA:722,95,0,0
BRDA:722,95,1,0
BRDA:724,96,0,0
BRDA:724,96,1,0
BRDA:724,97,0,0
BRDA:724,97,1,0
BRDA:727,98,0,0
BRDA:727,98,1,0
BRDA:727,99,0,0
BRDA:727,99,1,0
BRDA:729,100,0,0
BRDA:729,100,1,0
BRDA:730,101,0,0
BRDA:730,101,1,0
BRDA:730,102,0,0
BRDA:730,102,1,0
BRDA:733,103,0,0
BRDA:733,103,1,0
BRDA:733,104,0,0
BRDA:733,104,1,0
BRDA:748,105,0,0
BRDA:748,105,1,0
BRDA:748,105,2,0
BRDA:748,105,3,0
BRDA:748,105,4,0
BRF:231
BRH:0
end_of_record
TN:
SF:backend/enhanced-feature-extraction.js
FN:21,(anonymous_0)
FN:25,(anonymous_1)
FN:41,(anonymous_2)
FN:79,(anonymous_3)
FN:109,(anonymous_4)
FN:128,(anonymous_5)
FN:131,(anonymous_6)
FN:131,(anonymous_7)
FN:135,(anonymous_8)
FN:151,(anonymous_9)
FN:183,(anonymous_10)
FN:236,(anonymous_11)
FN:240,(anonymous_12)
FN:286,(anonymous_13)
FN:292,(anonymous_14)
FN:306,(anonymous_15)
FN:307,(anonymous_16)
FN:328,(anonymous_17)
FN:330,(anonymous_18)
FN:354,(anonymous_19)
FN:420,(anonymous_20)
FN:437,(anonymous_21)
FN:439,(anonymous_22)
FN:448,(anonymous_23)
FN:452,(anonymous_24)
FN:460,(anonymous_25)
FN:476,(anonymous_26)
FN:606,(anonymous_27)
FN:656,(anonymous_28)
FN:661,(anonymous_29)
FN:663,(anonymous_30)
FN:665,(anonymous_31)
FN:667,(anonymous_32)
FN:669,(anonymous_33)
FN:684,(anonymous_34)
FN:770,(anonymous_35)
FN:771,(anonymous_36)
FN:782,(anonymous_37)
FN:783,(anonymous_38)
FN:793,(anonymous_39)
FN:794,(anonymous_40)
FN:800,(anonymous_41)
FN:804,(anonymous_42)
FN:806,(anonymous_43)
FN:822,(anonymous_44)
FN:844,(anonymous_45)
FN:854,(anonymous_46)
FN:873,(anonymous_47)
FN:899,(anonymous_48)
FN:907,(anonymous_49)
FN:920,(anonymous_50)
FN:932,(anonymous_51)
FNF:52
FNH:0
FNDA:0,(anonymous_0)
FNDA:0,(anonymous_1)
FNDA:0,(anonymous_2)
FNDA:0,(anonymous_3)
FNDA:0,(anonymous_4)
FNDA:0,(anonymous_5)
FNDA:0,(anonymous_6)
FNDA:0,(anonymous_7)
FNDA:0,(anonymous_8)
FNDA:0,(anonymous_9)
FNDA:0,(anonymous_10)
FNDA:0,(anonymous_11)
FNDA:0,(anonymous_12)
FNDA:0,(anonymous_13)
FNDA:0,(anonymous_14)
FNDA:0,(anonymous_15)
FNDA:0,(anonymous_16)
FNDA:0,(anonymous_17)
FNDA:0,(anonymous_18)
FNDA:0,(anonymous_19)
FNDA:0,(anonymous_20)
FNDA:0,(anonymous_21)
FNDA:0,(anonymous_22)
FNDA:0,(anonymous_23)
FNDA:0,(anonymous_24)
FNDA:0,(anonymous_25)
FNDA:0,(anonymous_26)
FNDA:0,(anonymous_27)
FNDA:0,(anonymous_28)
FNDA:0,(anonymous_29)
FNDA:0,(anonymous_30)
FNDA:0,(anonymous_31)
FNDA:0,(anonymous_32)
FNDA:0,(anonymous_33)
FNDA:0,(anonymous_34)
FNDA:0,(anonymous_35)
FNDA:0,(anonymous_36)
FNDA:0,(anonymous_37)
FNDA:0,(anonymous_38)
FNDA:0,(anonymous_39)
FNDA:0,(anonymous_40)
FNDA:0,(anonymous_41)
FNDA:0,(anonymous_42)
FNDA:0,(anonymous_43)
FNDA:0,(anonymous_44)
FNDA:0,(anonymous_45)
FNDA:0,(anonymous_46)
FNDA:0,(anonymous_47)
FNDA:0,(anonymous_48)
FNDA:0,(anonymous_49)
FNDA:0,(anonymous_50)
FNDA:0,(anonymous_51)
DA:11,0
DA:18,0
DA:22,0
DA:26,0
DA:27,0
DA:30,0
DA:31,0
DA:34,0
DA:39,0
DA:43,0
DA:44,0
DA:45,0
DA:49,0
DA:52,0
DA:53,0
DA:54,0
DA:58,0
DA:59,0
DA:60,0
DA:61,0
DA:62,0
DA:66,0
DA:67,0
DA:68,0
DA:69,0
DA:70,0
DA:75,0
DA:80,0
DA:81,0
DA:85,0
DA:86,0
DA:87,0
DA:90,0
DA:91,0
DA:92,0
DA:96,0
DA:97,0
DA:98,0
DA:101,0
DA:105,0
DA:111,0
DA:113,0
DA:117,0
DA:119,0
DA:123,0
DA:124,0
DA:129,0
DA:131,0
DA:136,0
DA:138,0
DA:139,0
DA:140,0
DA:141,0
DA:142,0
DA:144,0
DA:147,0
DA:152,0
DA:154,0
DA:156,0
DA:157,0
DA:158,0
DA:159,0
DA:160,0
DA:162,0
DA:164,0
DA:167,0
DA:169,0
DA:171,0
DA:173,0
DA:176,0
DA:179,0
DA:183,0
DA:185,0
DA:187,0
DA:188,0
DA:189,0
DA:190,0
DA:192,0
DA:196,0
DA:197,0
DA:198,0
DA:199,0
DA:200,0
DA:202,0
DA:206,0
DA:208,0
DA:211,0
DA:212,0
DA:215,0
DA:216,0
DA:219,0
DA:220,0
DA:224,0
DA:225,0
DA:226,0
DA:227,0
DA:228,0
DA:230,0
DA:234,0
DA:235,0
DA:236,0
DA:241,0
DA:243,0
DA:245,0
DA:246,0
DA:250,0
DA:251,0
DA:252,0
DA:253,0
DA:254,0
DA:257,0
DA:258,0
DA:259,0
DA:260,0
DA:263,0
DA:264,0
DA:265,0
DA:267,0
DA:268,0
DA:269,0
DA:275,0
DA:276,0
DA:277,0
DA:278,0
DA:279,0
DA:280,0
DA:281,0
DA:282,0
DA:286,0
DA:287,0
DA:288,0
DA:289,0
DA:292,0
DA:293,0
DA:295,0
DA:298,0
DA:301,0
DA:302,0
DA:304,0
DA:305,0
DA:306,0
DA:307,0
DA:309,0
DA:311,0
DA:312,0
DA:313,0
DA:314,0
DA:318,0
DA:319,0
DA:320,0
DA:322,0
DA:327,0
DA:328,0
DA:329,0
DA:330,0
DA:332,0
DA:344,0
DA:345,0
DA:348,0
DA:349,0
DA:355,0
DA:357,0
DA:358,0
DA:359,0
DA:362,0
DA:363,0
DA:364,0
DA:365,0
DA:366,0
DA:367,0
DA:370,0
DA:371,0
DA:372,0
DA:374,0
DA:376,0
DA:377,0
DA:379,0
DA:380,0
DA:381,0
DA:384,0
DA:385,0
DA:386,0
DA:387,0
DA:388,0
DA:389,0
DA:392,0
DA:393,0
DA:394,0
DA:401,0
DA:402,0
DA:403,0
DA:404,0
DA:406,0
DA:407,0
DA:408,0
DA:411,0
DA:412,0
DA:418,0
DA:419,0
DA:420,0
DA:425,0
DA:426,0
DA:427,0
DA:428,0
DA:430,0
DA:431,0
DA:436,0
DA:437,0
DA:438,0
DA:439,0
DA:440,0
DA:443,0
DA:444,0
DA:445,0
DA:447,0
DA:448,0
DA:452,0
DA:454,0
DA:460,0
DA:466,0
DA:467,0
DA:470,0
DA:471,0
DA:477,0
DA:479,0
DA:480,0
DA:481,0
DA:484,0
DA:487,0
DA:488,0
DA:489,0
DA:490,0
DA:491,0
DA:493,0
DA:494,0
DA:496,0
DA:498,0
DA:499,0
DA:500,0
DA:505,0
DA:506,0
DA:507,0
DA:513,0
DA:514,0
DA:517,0
DA:518,0
DA:519,0
DA:523,0
DA:529,0
DA:530,0
DA:531,0
DA:533,0
DA:534,0
DA:538,0
DA:539,0
DA:542,0
DA:543,0
DA:545,0
DA:546,0
DA:550,0
DA:555,0
DA:556,0
DA:557,0
DA:560,0
DA:561,0
DA:562,0
DA:565,0
DA:566,0
DA:568,0
DA:569,0
DA:570,0
DA:571,0
DA:573,0
DA:574,0
DA:575,0
DA:576,0
DA:579,0
DA:582,0
DA:585,0
DA:586,0
DA:587,0
DA:588,0
DA:589,0
DA:592,0
DA:597,0
DA:598,0
DA:599,0
DA:601,0
DA:602,0
DA:605,0
DA:606,0
DA:607,0
DA:612,0
DA:613,0
DA:615,0
DA:616,0
DA:617,0
DA:618,0
DA:619,0
DA:620,0
DA:621,0
DA:623,0
DA:624,0
DA:632,0
DA:633,0
DA:637,0
DA:638,0
DA:640,0
DA:641,0
DA:642,0
DA:643,0
DA:644,0
DA:648,0
DA:649,0
DA:656,0
DA:657,0
DA:659,0
DA:661,0
DA:663,0
DA:665,0
DA:667,0
DA:669,0
DA:674,0
DA:675,0
DA:678,0
DA:679,0
DA:685,0
DA:687,0
DA:688,0
DA:689,0
DA:692,0
DA:695,0
DA:696,0
DA:697,0
DA:699,0
DA:700,0
DA:701,0
DA:703,0
DA:705,0
DA:706,0
DA:707,0
DA:709,0
DA:710,0
DA:711,0
DA:717,0
DA:718,0
DA:722,0
DA:725,0
DA:726,0
DA:727,0
DA:731,0
DA:732,0
DA:735,0
DA:736,0
DA:738,0
DA:744,0
DA:746,0
DA:747,0
DA:748,0
DA:756,0
DA:757,0
DA:758,0
DA:759,0
DA:760,0
DA:761,0
DA:762,0
DA:768,0
DA:769,0
DA:770,0
DA:771,0
DA:772,0
DA:773,0
DA:776,0
DA:781,0
DA:782,0
DA:783,0
DA:786,0
DA:787,0
DA:791,0
DA:793,0
DA:794,0
DA:800,0
DA:802,0
DA:804,0
DA:806,0
DA:812,0
DA:813,0
DA:816,0
DA:817,0
DA:823,0
DA:825,0
DA:827,0
DA:828,0
DA:829,0
DA:830,0
DA:833,0
DA:841,0
DA:842,0
DA:844,0
DA:845,0
DA:846,0
DA:848,0
DA:849,0
DA:854,0
DA:855,0
DA:856,0
DA:860,0
DA:863,0
DA:864,0
DA:867,0
DA:868,0
DA:869,0
DA:873,0
DA:874,0
DA:877,0
DA:880,0
DA:881,0
DA:884,0
DA:887,0
DA:888,0
DA:900,0
DA:908,0
DA:921,0
DA:933,0
DA:945,0
LF:425
LH:0
BRDA:30,0,0,0
BRDA:30,0,1,0
BRDA:43,1,0,0
BRDA:43,1,1,0
BRDA:52,2,0,0
BRDA:52,2,1,0
BRDA:52,3,0,0
BRDA:52,3,1,0
BRDA:60,4,0,0
BRDA:60,4,1,0
BRDA:60,5,0,0
BRDA:60,5,1,0
BRDA:60,5,2,0
BRDA:60,5,3,0
BRDA:68,6,0,0
BRDA:68,6,1,0
BRDA:68,7,0,0
BRDA:68,7,1,0
BRDA:68,7,2,0
BRDA:80,8,0,0
BRDA:80,8,1,0
BRDA:80,9,0,0
BRDA:80,9,1,0
BRDA:90,10,0,0
BRDA:90,10,1,0
BRDA:91,11,0,0
BRDA:91,11,1,0
BRDA:91,12,0,0
BRDA:91,12,1,0
BRDA:91,12,2,0
BRDA:96,13,0,0
BRDA:96,13,1,0
BRDA:96,14,0,0
BRDA:96,14,1,0
BRDA:97,15,0,0
BRDA:97,15,1,0
BRDA:97,16,0,0
BRDA:97,16,1,0
BRDA:111,17,0,0
BRDA:111,17,1,0
BRDA:111,18,0,0
BRDA:111,18,1,0
BRDA:111,18,2,0
BRDA:111,18,3,0
BRDA:111,18,4,0
BRDA:117,19,0,0
BRDA:117,19,1,0
BRDA:117,20,0,0
BRDA:117,20,1,0
BRDA:117,20,2,0
BRDA:117,20,3,0
BRDA:129,21,0,0
BRDA:129,21,1,0
BRDA:136,22,0,0
BRDA:136,22,1,0
BRDA:141,23,0,0
BRDA:141,23,1,0
BRDA:152,24,0,0
BRDA:152,24,1,0
BRDA:156,25,0,0
BRDA:156,25,1,0
BRDA:158,26,0,0
BRDA:158,26,1,0
BRDA:158,27,0,0
BRDA:158,27,1,0
BRDA:160,28,0,0
BRDA:160,28,1,0
BRDA:160,29,0,0
BRDA:160,29,1,0
BRDA:162,30,0,0
BRDA:162,30,1,0
BRDA:162,31,0,0
BRDA:162,31,1,0
BRDA:169,32,0,0
BRDA:169,32,1,0
BRDA:169,33,0,0
BRDA:169,33,1,0
BRDA:171,34,0,0
BRDA:171,34,1,0
BRDA:171,35,0,0
BRDA:171,35,1,0
BRDA:185,36,0,0
BRDA:185,36,1,0
BRDA:185,37,0,0
BRDA:185,37,1,0
BRDA:185,37,2,0
BRDA:185,37,3,0
BRDA:188,38,0,0
BRDA:188,38,1,0
BRDA:196,39,0,0
BRDA:196,39,1,0
BRDA:198,40,0,0
BRDA:198,40,1,0
BRDA:206,41,0,0
BRDA:206,41,1,0
BRDA:206,42,0,0
BRDA:206,42,1,0
BRDA:211,43,0,0
BRDA:211,43,1,0
BRDA:211,44,0,0
BRDA:211,44,1,0
BRDA:211,44,2,0
BRDA:215,45,0,0
BRDA:215,45,1,0
BRDA:215,46,0,0
BRDA:215,46,1,0
BRDA:215,46,2,0
BRDA:219,47,0,0
BRDA:219,47,1,0
BRDA:219,48,0,0
BRDA:219,48,1,0
BRDA:219,48,2,0
BRDA:224,49,0,0
BRDA:224,49,1,0
BRDA:226,50,0,0
BRDA:226,50,1,0
BRDA:236,51,0,0
BRDA:236,51,1,0
BRDA:240,52,0,0
BRDA:245,53,0,0
BRDA:245,53,1,0
BRDA:250,54,0,0
BRDA:250,54,1,0
BRDA:250,55,0,0
BRDA:250,55,1,0
BRDA:267,56,0,0
BRDA:267,56,1,0
BRDA:267,57,0,0
BRDA:267,57,1,0
BRDA:275,58,0,0
BRDA:275,58,1,0
BRDA:309,59,0,0
BRDA:309,59,1,0
BRDA:312,60,0,0
BRDA:312,60,1,0
BRDA:319,61,0,0
BRDA:319,61,1,0
BRDA:327,62,0,0
BRDA:327,62,1,0
BRDA:329,63,0,0
BRDA:329,63,1,0
BRDA:358,64,0,0
BRDA:358,64,1,0
BRDA:374,65,0,0
BRDA:374,65,1,0
BRDA:379,66,0,0
BRDA:379,66,1,0
BRDA:379,67,0,0
BRDA:379,67,1,0
BRDA:384,68,0,0
BRDA:384,68,1,0
BRDA:387,69,0,0
BRDA:387,69,1,0
BRDA:392,70,0,0
BRDA:392,70,1,0
BRDA:406,71,0,0
BRDA:406,71,1,0
BRDA:406,72,0,0
BRDA:406,72,1,0
BRDA:411,73,0,0
BRDA:411,73,1,0
BRDA:411,74,0,0
BRDA:411,74,1,0
BRDA:419,75,0,0
BRDA:419,75,1,0
BRDA:425,76,0,0
BRDA:425,76,1,0
BRDA:430,77,0,0
BRDA:430,77,1,0
BRDA:430,78,0,0
BRDA:430,78,1,0
BRDA:436,79,0,0
BRDA:436,79,1,0
BRDA:438,80,0,0
BRDA:438,80,1,0
BRDA:447,81,0,0
BRDA:447,81,1,0
BRDA:452,82,0,0
BRDA:452,82,1,0
BRDA:459,83,0,0
BRDA:459,83,1,0
BRDA:462,84,0,0
BRDA:462,84,1,0
BRDA:480,85,0,0
BRDA:480,85,1,0
BRDA:496,86,0,0
BRDA:496,86,1,0
BRDA:513,87,0,0
BRDA:513,87,1,0
BRDA:533,88,0,0
BRDA:533,88,1,0
BRDA:560,89,0,0
BRDA:560,89,1,0
BRDA:573,90,0,0
BRDA:573,90,1,0
BRDA:575,91,0,0
BRDA:575,91,1,0
BRDA:601,92,0,0
BRDA:601,92,1,0
BRDA:605,93,0,0
BRDA:605,93,1,0
BRDA:623,94,0,0
BRDA:623,94,1,0
BRDA:633,95,0,0
BRDA:633,95,1,0
BRDA:648,96,0,0
BRDA:648,96,1,0
BRDA:657,97,0,0
BRDA:657,97,1,0
BRDA:660,98,0,0
BRDA:660,98,1,0
BRDA:662,99,0,0
BRDA:662,99,1,0
BRDA:664,100,0,0
BRDA:664,100,1,0
BRDA:666,101,0,0
BRDA:666,101,1,0
BRDA:668,102,0,0
BRDA:668,102,1,0
BRDA:688,103,0,0
BRDA:688,103,1,0
BRDA:703,104,0,0
BRDA:703,104,1,0
BRDA:709,105,0,0
BRDA:709,105,1,0
BRDA:709,106,0,0
BRDA:709,106,1,0
BRDA:717,107,0,0
BRDA:717,107,1,0
BRDA:717,108,0,0
BRDA:717,108,1,0
BRDA:725,109,0,0
BRDA:725,109,1,0
BRDA:732,110,0,0
BRDA:732,110,1,0
BRDA:735,111,0,0
BRDA:735,111,1,0
BRDA:744,112,0,0
BRDA:744,112,1,0
BRDA:744,113,0,0
BRDA:744,113,1,0
BRDA:747,114,0,0
BRDA:747,114,1,0
BRDA:758,115,0,0
BRDA:758,115,1,0
BRDA:761,116,0,0
BRDA:761,116,1,0
BRDA:761,117,0,0
BRDA:761,117,1,0
BRDA:769,118,0,0
BRDA:769,118,1,0
BRDA:776,119,0,0
BRDA:776,119,1,0
BRDA:783,120,0,0
BRDA:783,120,1,0
BRDA:786,121,0,0
BRDA:786,121,1,0
BRDA:792,122,0,0
BRDA:792,122,1,0
BRDA:793,123,0,0
BRDA:793,123,1,0
BRDA:794,124,0,0
BRDA:794,124,1,0
BRDA:795,125,0,0
BRDA:795,125,1,0
BRDA:822,126,0,0
BRDA:845,127,0,0
BRDA:845,127,1,0
BRDA:848,128,0,0
BRDA:848,128,1,0
BRDA:855,129,0,0
BRDA:855,129,1,0
BRDA:855,130,0,0
BRDA:855,130,1,0
BRDA:867,131,0,0
BRDA:867,131,1,0
BRDA:874,132,0,0
BRDA:874,132,1,0
BRDA:880,133,0,0
BRDA:880,133,1,0
BRF:280
BRH:0
end_of_record
TN:
SF:backend/execute_migration.js
FN:18,executeSQLFile
FN:88,runMigration
FN:137,(anonymous_2)
FNF:3
FNH:0
FNDA:0,executeSQLFile
FNDA:0,runMigration
FNDA:0,(anonymous_2)
DA:1,0
DA:2,0
DA:3,0
DA:5,0
DA:8,0
DA:11,0
DA:19,0
DA:20,0
DA:21,0
DA:22,0
DA:24,0
DA:25,0
DA:28,0
DA:29,0
DA:30,0
DA:32,0
DA:33,0
DA:34,0
DA:37,0
DA:38,0
DA:41,0
DA:44,0
DA:45,0
DA:46,0
DA:47,0
DA:48,0
DA:49,0
DA:50,0
DA:55,0
DA:56,0
DA:57,0
DA:59,0
DA:61,0
DA:62,0
DA:65,0
DA:66,0
DA:67,0
DA:68,0
DA:71,0
DA:73,0
DA:74,0
DA:80,0
DA:81,0
DA:83,0
DA:84,0
DA:89,0
DA:91,0
DA:92,0
DA:95,0
DA:99,0
DA:100,0
DA:101,0
DA:105,0
DA:109,0
DA:110,0
DA:111,0
DA:115,0
DA:119,0
DA:120,0
DA:121,0
DA:125,0
DA:129,0
DA:130,0
DA:134,0
DA:135,0
DA:136,0
DA:137,0
DA:139,0
DA:143,0
DA:144,0
DA:147,0
DA:148,0
DA:149,0
DA:150,0
DA:151,0
DA:152,0
DA:153,0
DA:156,0
DA:157,0
DA:159,0
DA:164,0
LF:81
LH:0
BRDA:8,0,0,0
BRDA:8,0,1,0
BRDA:9,1,0,0
BRDA:9,1,1,0
BRDA:9,2,0,0
BRDA:9,2,1,0
BRDA:9,3,0,0
BRDA:9,3,1,0
BRDA:9,4,0,0
BRDA:9,4,1,0
BRDA:37,5,0,0
BRDA:37,5,1,0
BRDA:44,6,0,0
BRDA:44,6,1,0
BRDA:44,7,0,0
BRDA:44,7,1,0
BRDA:48,8,0,0
BRDA:48,8,1,0
BRDA:48,9,0,0
BRDA:48,9,1,0
BRDA:48,9,2,0
BRDA:56,10,0,0
BRDA:56,10,1,0
BRDA:56,11,0,0
BRDA:56,11,1,0
BRDA:56,11,2,0
BRDA:59,12,0,0
BRDA:59,12,1,0
BRDA:65,13,0,0
BRDA:65,13,1,0
BRDA:65,14,0,0
BRDA:65,14,1,0
BRDA:67,15,0,0
BRDA:67,15,1,0
BRDA:73,16,0,0
BRDA:73,16,1,0
BRDA:73,17,0,0
BRDA:73,17,1,0
BRDA:89,18,0,0
BRDA:89,18,1,0
BRDA:92,19,0,0
BRDA:92,19,1,0
BRDA:92,19,2,0
BRDA:92,19,3,0
BRDA:92,19,4,0
BRDA:92,19,5,0
BRF:46
BRH:0
end_of_record
TN:
SF:backend/exportMLData.js
FN:12,exportMLTrainingData
FN:48,(anonymous_1)
FN:100,(anonymous_2)
FNF:3
FNH:0
FNDA:0,exportMLTrainingData
FNDA:0,(anonymous_1)
FNDA:0,(anonymous_2)
DA:1,0
DA:2,0
DA:3,0
DA:4,0
DA:6,0
DA:13,0
DA:14,0
DA:17,0
DA:37,0
DA:40,0
DA:41,0
DA:42,0
DA:46,0
DA:48,0
DA:49,0
DA:50,0
DA:51,0
DA:58,0
DA:59,0
DA:81,0
DA:91,0
DA:92,0
DA:94,0
DA:99,0
DA:100,0
DA:101,0
DA:102,0
DA:103,0
DA:110,0
DA:111,0
DA:115,0
DA:116,0
DA:119,0
DA:121,0
DA:126,0
LF:35
LH:0
BRDA:7,0,0,0
BRDA:7,0,1,0
BRDA:41,1,0,0
BRDA:41,1,1,0
BRDA:50,2,0,0
BRDA:50,2,1,0
BRDA:60,3,0,0
BRDA:60,3,1,0
BRDA:61,4,0,0
BRDA:61,4,1,0
BRDA:62,5,0,0
BRDA:62,5,1,0
BRDA:63,6,0,0
BRDA:63,6,1,0
BRDA:64,7,0,0
BRDA:64,7,1,0
BRDA:65,8,0,0
BRDA:65,8,1,0
BRDA:66,9,0,0
BRDA:66,9,1,0
BRDA:67,10,0,0
BRDA:67,10,1,0
BRDA:68,11,0,0
BRDA:68,11,1,0
BRDA:69,12,0,0
BRDA:69,12,1,0
BRDA:70,13,0,0
BRDA:70,13,1,0
BRDA:71,14,0,0
BRDA:71,14,1,0
BRDA:72,15,0,0
BRDA:72,15,1,0
BRDA:73,16,0,0
BRDA:73,16,1,0
BRDA:74,17,0,0
BRDA:74,17,1,0
BRDA:75,18,0,0
BRDA:75,18,1,0
BRDA:76,19,0,0
BRDA:76,19,1,0
BRDA:77,20,0,0
BRDA:77,20,1,0
BRDA:78,21,0,0
BRDA:78,21,1,0
BRDA:91,22,0,0
BRDA:91,22,1,0
BRDA:91,23,0,0
BRDA:91,23,1,0
BRDA:101,24,0,0
BRDA:101,24,1,0
BRF:50
BRH:0
end_of_record
TN:
SF:backend/exportMLDataForTraining.js
FN:12,exportMLTrainingData
FN:48,(anonymous_1)
FN:113,(anonymous_2)
FN:117,(anonymous_3)
FNF:4
FNH:0
FNDA:0,exportMLTrainingData
FNDA:0,(anonymous_1)
FNDA:0,(anonymous_2)
FNDA:0,(anonymous_3)
DA:1,0
DA:2,0
DA:3,0
DA:4,0
DA:6,0
DA:13,0
DA:14,0
DA:17,0
DA:37,0
DA:40,0
DA:41,0
DA:42,0
DA:46,0
DA:48,0
DA:49,0
DA:50,0
DA:53,0
DA:87,0
DA:88,0
DA:89,0
DA:92,0
DA:102,0
DA:103,0
DA:105,0
DA:106,0
DA:109,0
DA:110,0
DA:113,0
DA:114,0
DA:115,0
DA:117,0
DA:118,0
DA:119,0
DA:120,0
DA:122,0
DA:126,0
DA:127,0
DA:129,0
DA:130,0
DA:131,0
DA:132,0
DA:134,0
DA:138,0
DA:140,0
DA:145,0
LF:45
LH:0
BRDA:7,0,0,0
BRDA:7,0,1,0
BRDA:41,1,0,0
BRDA:41,1,1,0
BRDA:55,2,0,0
BRDA:55,2,1,0
BRDA:56,3,0,0
BRDA:56,3,1,0
BRDA:57,4,0,0
BRDA:57,4,1,0
BRDA:58,5,0,0
BRDA:58,5,1,0
BRDA:61,6,0,0
BRDA:61,6,1,0
BRDA:62,7,0,0
BRDA:62,7,1,0
BRDA:63,8,0,0
BRDA:63,8,1,0
BRDA:64,9,0,0
BRDA:64,9,1,0
BRDA:67,10,0,0
BRDA:67,10,1,0
BRDA:68,11,0,0
BRDA:68,11,1,0
BRDA:69,12,0,0
BRDA:69,12,1,0
BRDA:70,13,0,0
BRDA:70,13,1,0
BRDA:71,14,0,0
BRDA:71,14,1,0
BRDA:72,15,0,0
BRDA:72,15,1,0
BRDA:75,16,0,0
BRDA:75,16,1,0
BRDA:76,17,0,0
BRDA:76,17,1,0
BRDA:77,18,0,0
BRDA:77,18,1,0
BRDA:78,19,0,0
BRDA:78,19,1,0
BRDA:79,20,0,0
BRDA:79,20,1,0
BRDA:88,21,0,0
BRDA:88,21,1,0
BRDA:119,22,0,0
BRDA:119,22,1,0
BRDA:129,23,0,0
BRDA:129,23,1,0
BRF:48
BRH:0
end_of_record
TN:
SF:backend/final_verification.js
FN:4,finalVerification
FNF:1
FNH:0
FNDA:0,finalVerification
DA:1,0
DA:2,0
DA:5,0
DA:7,0
DA:9,0
DA:10,0
DA:35,0
DA:36,0
DA:37,0
DA:38,0
DA:39,0
DA:40,0
DA:41,0
DA:44,0
DA:45,0
DA:52,0
DA:53,0
DA:54,0
DA:55,0
DA:57,0
DA:60,0
DA:61,0
DA:62,0
DA:63,0
DA:64,0
DA:66,0
DA:68,0
DA:71,0
DA:72,0
DA:73,0
DA:74,0
DA:75,0
DA:76,0
DA:77,0
DA:80,0
DA:81,0
DA:82,0
DA:83,0
DA:84,0
DA:86,0
DA:88,0
DA:89,0
DA:92,0
DA:94,0
DA:99,0
LF:45
LH:0
BRDA:40,0,0,0
BRDA:40,0,1,0
BRDA:54,1,0,0
BRDA:54,1,1,0
BRDA:63,2,0,0
BRDA:63,2,1,0
BRDA:73,3,0,0
BRDA:73,3,1,0
BRDA:76,4,0,0
BRDA:76,4,1,0
BRDA:81,5,0,0
BRDA:81,5,1,0
BRF:12
BRH:0
end_of_record
TN:
SF:backend/fixVelocityBaselines.js
FN:10,fixVelocityBaselines
FN:64,(anonymous_1)
FNF:2
FNH:0
FNDA:0,fixVelocityBaselines
FNDA:0,(anonymous_1)
DA:1,0
DA:2,0
DA:4,0
DA:11,0
DA:12,0
DA:15,0
DA:22,0
DA:24,0
DA:26,0
DA:27,0
DA:30,0
DA:31,0
DA:34,0
DA:43,0
DA:48,0
DA:52,0
DA:55,0
DA:56,0
DA:63,0
DA:64,0
DA:65,0
DA:66,0
DA:67,0
DA:72,0
DA:74,0
DA:79,0
DA:82,0
DA:83,0
LF:28
LH:0
BRDA:5,0,0,0
BRDA:5,0,1,0
BRDA:30,1,0,0
BRDA:30,1,1,0
BRDA:55,2,0,0
BRDA:55,2,1,0
BRDA:82,3,0,0
BRDA:82,3,1,0
BRF:8
BRH:0
end_of_record
TN:
SF:backend/generate_synthetic_forgeries.js
FN:11,(anonymous_0)
FN:15,(anonymous_1)
FN:20,(anonymous_2)
FN:24,(anonymous_3)
FN:32,validateFeatures
FN:66,generateRushedForgery
FN:103,generateSlowCarefulForgery
FN:133,generateSizeDifferentForgery
FN:164,generatePositionShiftForgery
FN:194,generateStrokeVariationForgery
FN:233,generateSyntheticForgeries
FN:289,(anonymous_11)
FN:332,(anonymous_12)
FN:333,(anonymous_13)
FN:334,(anonymous_14)
FNF:15
FNH:0
FNDA:0,(anonymous_0)
FNDA:0,(anonymous_1)
FNDA:0,(anonymous_2)
FNDA:0,(anonymous_3)
FNDA:0,validateFeatures
FNDA:0,generateRushedForgery
FNDA:0,generateSlowCarefulForgery
FNDA:0,generateSizeDifferentForgery
FNDA:0,generatePositionShiftForgery
FNDA:0,generateStrokeVariationForgery
FNDA:0,generateSyntheticForgeries
FNDA:0,(anonymous_11)
FNDA:0,(anonymous_12)
FNDA:0,(anonymous_13)
FNDA:0,(anonymous_14)
DA:1,0
DA:2,0
DA:5,0
DA:6,0
DA:7,0
DA:12,0
DA:16,0
DA:17,0
DA:21,0
DA:25,0
DA:29,0
DA:33,0
DA:36,0
DA:37,0
DA:39,0
DA:40,0
DA:42,0
DA:43,0
DA:47,0
DA:48,0
DA:50,0
DA:51,0
DA:55,0
DA:56,0
DA:58,0
DA:59,0
DA:62,0
DA:67,0
DA:70,0
DA:71,0
DA:72,0
DA:73,0
DA:76,0
DA:77,0
DA:78,0
DA:81,0
DA:82,0
DA:85,0
DA:88,0
DA:104,0
DA:107,0
DA:108,0
DA:109,0
DA:110,0
DA:113,0
DA:114,0
DA:115,0
DA:116,0
DA:118,0
DA:134,0
DA:137,0
DA:138,0
DA:139,0
DA:140,0
DA:143,0
DA:146,0
DA:147,0
DA:149,0
DA:165,0
DA:168,0
DA:169,0
DA:172,0
DA:173,0
DA:176,0
DA:177,0
DA:179,0
DA:195,0
DA:198,0
DA:199,0
DA:202,0
DA:206,0
DA:207,0
DA:209,0
DA:210,0
DA:213,0
DA:214,0
DA:217,0
DA:234,0
DA:236,0
DA:238,0
DA:239,0
DA:240,0
DA:242,0
DA:245,0
DA:246,0
DA:247,0
DA:248,0
DA:249,0
DA:250,0
DA:252,0
DA:256,0
DA:257,0
DA:265,0
DA:266,0
DA:267,0
DA:268,0
DA:269,0
DA:272,0
DA:273,0
DA:274,0
DA:276,0
DA:279,0
DA:280,0
DA:285,0
DA:288,0
DA:289,0
DA:291,0
DA:292,0
DA:294,0
DA:297,0
DA:304,0
DA:305,0
DA:306,0
DA:307,0
DA:308,0
DA:310,0
DA:311,0
DA:314,0
DA:317,0
DA:318,0
DA:319,0
DA:321,0
DA:322,0
DA:323,0
DA:326,0
DA:327,0
DA:328,0
DA:331,0
DA:332,0
DA:333,0
DA:334,0
DA:336,0
DA:337,0
DA:338,0
DA:340,0
DA:341,0
DA:342,0
DA:343,0
DA:344,0
DA:347,0
DA:348,0
DA:353,0
DA:354,0
DA:357,0
LF:144
LH:0
BRDA:36,0,0,0
BRDA:36,0,1,0
BRDA:39,1,0,0
BRDA:39,1,1,0
BRDA:42,2,0,0
BRDA:42,2,1,0
BRDA:47,3,0,0
BRDA:47,3,1,0
BRDA:50,4,0,0
BRDA:50,4,1,0
BRDA:55,5,0,0
BRDA:55,5,1,0
BRDA:58,6,0,0
BRDA:58,6,1,0
BRDA:273,7,0,0
BRDA:273,7,1,0
BRDA:279,8,0,0
BRDA:279,8,1,0
BRDA:289,9,0,0
BRDA:289,9,1,0
BRDA:353,10,0,0
BRDA:353,10,1,0
BRF:22
BRH:0
end_of_record
TN:
SF:backend/improved_exportMLDataForTraining.js
FN:18,validateMetrics
FN:60,convertToMLFeatures
FN:93,exportMLTrainingData
FNF:3
FNH:0
FNDA:0,validateMetrics
FNDA:0,convertToMLFeatures
FNDA:0,exportMLTrainingData
DA:1,0
DA:2,0
DA:3,0
DA:4,0
DA:7,0
DA:14,0
DA:19,0
DA:20,0
DA:24,0
DA:29,0
DA:30,0
DA:31,0
DA:36,0
DA:37,0
DA:40,0
DA:41,0
DA:44,0
DA:45,0
DA:48,0
DA:49,0
DA:52,0
DA:53,0
DA:56,0
DA:61,0
DA:94,0
DA:95,0
DA:97,0
DA:99,0
DA:101,0
DA:104,0
DA:137,0
DA:138,0
DA:139,0
DA:142,0
DA:143,0
DA:144,0
DA:147,0
DA:155,0
DA:157,0
DA:158,0
DA:161,0
DA:162,0
DA:171,0
DA:172,0
DA:173,0
DA:174,0
DA:179,0
DA:180,0
DA:181,0
DA:185,0
DA:199,0
DA:200,0
DA:201,0
DA:202,0
DA:204,0
DA:205,0
DA:208,0
DA:209,0
DA:210,0
DA:214,0
DA:215,0
DA:220,0
DA:223,0
DA:224,0
DA:225,0
DA:228,0
DA:229,0
DA:230,0
DA:233,0
DA:234,0
DA:239,0
DA:242,0
DA:243,0
DA:244,0
DA:245,0
DA:246,0
DA:249,0
DA:250,0
DA:251,0
DA:252,0
DA:253,0
DA:254,0
DA:255,0
DA:256,0
DA:257,0
DA:258,0
DA:263,0
DA:266,0
DA:267,0
DA:270,0
DA:271,0
DA:275,0
DA:276,0
DA:277,0
DA:279,0
DA:280,0
DA:281,0
DA:283,0
DA:284,0
DA:287,0
DA:288,0
DA:289,0
DA:290,0
DA:291,0
DA:294,0
DA:295,0
DA:297,0
DA:298,0
DA:303,0
DA:304,0
DA:307,0
LF:111
LH:0
BRDA:8,0,0,0
BRDA:8,0,1,0
BRDA:19,1,0,0
BRDA:19,1,1,0
BRDA:19,2,0,0
BRDA:19,2,1,0
BRDA:30,3,0,0
BRDA:30,3,1,0
BRDA:30,4,0,0
BRDA:30,4,1,0
BRDA:36,5,0,0
BRDA:36,5,1,0
BRDA:36,6,0,0
BRDA:36,6,1,0
BRDA:40,7,0,0
BRDA:40,7,1,0
BRDA:44,8,0,0
BRDA:44,8,1,0
BRDA:44,9,0,0
BRDA:44,9,1,0
BRDA:48,10,0,0
BRDA:48,10,1,0
BRDA:48,11,0,0
BRDA:48,11,1,0
BRDA:52,12,0,0
BRDA:52,12,1,0
BRDA:52,13,0,0
BRDA:52,13,1,0
BRDA:63,14,0,0
BRDA:63,14,1,0
BRDA:64,15,0,0
BRDA:64,15,1,0
BRDA:65,16,0,0
BRDA:65,16,1,0
BRDA:66,17,0,0
BRDA:66,17,1,0
BRDA:69,18,0,0
BRDA:69,18,1,0
BRDA:70,19,0,0
BRDA:70,19,1,0
BRDA:71,20,0,0
BRDA:71,20,1,0
BRDA:72,21,0,0
BRDA:72,21,1,0
BRDA:75,22,0,0
BRDA:75,22,1,0
BRDA:76,23,0,0
BRDA:76,23,1,0
BRDA:77,24,0,0
BRDA:77,24,1,0
BRDA:78,25,0,0
BRDA:78,25,1,0
BRDA:79,26,0,0
BRDA:79,26,1,0
BRDA:80,27,0,0
BRDA:80,27,1,0
BRDA:83,28,0,0
BRDA:83,28,1,0
BRDA:84,29,0,0
BRDA:84,29,1,0
BRDA:85,30,0,0
BRDA:85,30,1,0
BRDA:86,31,0,0
BRDA:86,31,1,0
BRDA:87,32,0,0
BRDA:87,32,1,0
BRDA:161,33,0,0
BRDA:161,33,1,0
BRDA:172,34,0,0
BRDA:172,34,1,0
BRDA:199,35,0,0
BRDA:199,35,1,0
BRDA:204,36,0,0
BRDA:204,36,1,0
BRDA:214,37,0,0
BRDA:214,37,1,0
BRDA:257,38,0,0
BRDA:257,38,1,0
BRDA:266,39,0,0
BRDA:266,39,1,0
BRDA:270,40,0,0
BRDA:270,40,1,0
BRDA:283,41,0,0
BRDA:283,41,1,0
BRDA:283,42,0,0
BRDA:283,42,1,0
BRDA:303,43,0,0
BRDA:303,43,1,0
BRF:88
BRH:0
end_of_record
TN:
SF:backend/investigate-data-inconsistencies.js
FN:4,investigateDataInconsistencies
FN:83,(anonymous_1)
FNF:2
FNH:0
FNDA:0,investigateDataInconsistencies
FNDA:0,(anonymous_1)
DA:1,0
DA:2,0
DA:5,0
DA:7,0
DA:9,0
DA:10,0
DA:12,0
DA:35,0
DA:36,0
DA:37,0
DA:40,0
DA:41,0
DA:43,0
DA:81,0
DA:82,0
DA:83,0
DA:84,0
DA:85,0
DA:86,0
DA:87,0
DA:91,0
DA:92,0
DA:94,0
DA:118,0
DA:119,0
DA:120,0
DA:123,0
DA:124,0
DA:126,0
DA:168,0
DA:169,0
DA:170,0
DA:173,0
DA:174,0
DA:176,0
DA:238,0
DA:239,0
DA:240,0
DA:243,0
DA:244,0
DA:246,0
DA:290,0
DA:291,0
DA:292,0
DA:295,0
DA:296,0
DA:298,0
DA:322,0
DA:323,0
DA:324,0
DA:327,0
DA:328,0
DA:330,0
DA:362,0
DA:363,0
DA:364,0
DA:367,0
DA:369,0
DA:373,0
LF:59
LH:0
BRF:0
BRH:0
end_of_record
TN:
SF:backend/investigate_base64_shapes.js
FN:12,investigate
FNF:1
FNH:0
FNDA:0,investigate
DA:1,0
DA:2,0
DA:4,0
DA:7,0
DA:13,0
DA:15,0
DA:17,0
DA:27,0
DA:28,0
DA:29,0
DA:30,0
DA:31,0
DA:32,0
DA:36,0
DA:43,0
DA:44,0
DA:47,0
DA:57,0
DA:58,0
DA:61,0
DA:63,0
DA:67,0
LF:22
LH:0
BRDA:4,0,0,0
BRDA:4,0,1,0
BRF:2
BRH:0
end_of_record
TN:
SF:backend/investigation.js
FN:12,investigate
FNF:1
FNH:0
FNDA:0,investigate
DA:1,0
DA:2,0
DA:4,0
DA:13,0
DA:14,0
DA:23,0
DA:24,0
DA:26,0
DA:35,0
DA:36,0
DA:39,0
DA:41,0
DA:45,0
LF:13
LH:0
BRDA:5,0,0,0
BRDA:5,0,1,0
BRF:2
BRH:0
end_of_record
TN:
SF:backend/migrate-drawing-data.js
FN:14,extractStrokeDataFromSignaturePad
FN:25,(anonymous_1)
FN:57,recalculateDrawingMetrics
FN:72,(anonymous_3)
FN:87,(anonymous_4)
FN:89,(anonymous_5)
FN:127,migrateDrawingData
FN:196,(anonymous_7)
FN:200,(anonymous_8)
FNF:9
FNH:0
FNDA:0,extractStrokeDataFromSignaturePad
FNDA:0,(anonymous_1)
FNDA:0,recalculateDrawingMetrics
FNDA:0,(anonymous_3)
FNDA:0,(anonymous_4)
FNDA:0,(anonymous_5)
FNDA:0,migrateDrawingData
FNDA:0,(anonymous_7)
FNDA:0,(anonymous_8)
DA:2,0
DA:3,0
DA:5,0
DA:15,0
DA:17,0
DA:18,0
DA:19,0
DA:20,0
DA:24,0
DA:25,0
DA:27,0
DA:28,0
DA:31,0
DA:32,0
DA:34,0
DA:39,0
DA:40,0
DA:44,0
DA:45,0
DA:48,0
DA:49,0
DA:51,0
DA:52,0
DA:58,0
DA:59,0
DA:61,0
DA:62,0
DA:71,0
DA:72,0
DA:75,0
DA:76,0
DA:77,0
DA:78,0
DA:79,0
DA:83,0
DA:84,0
DA:85,0
DA:87,0
DA:88,0
DA:89,0
DA:90,0
DA:91,0
DA:92,0
DA:93,0
DA:94,0
DA:100,0
DA:101,0
DA:110,0
DA:117,0
DA:118,0
DA:128,0
DA:130,0
DA:131,0
DA:134,0
DA:142,0
DA:144,0
DA:145,0
DA:147,0
DA:148,0
DA:149,0
DA:153,0
DA:154,0
DA:157,0
DA:158,0
DA:159,0
DA:163,0
DA:165,0
DA:168,0
DA:174,0
DA:175,0
DA:178,0
DA:179,0
DA:183,0
DA:184,0
DA:185,0
DA:186,0
DA:189,0
DA:194,0
DA:195,0
DA:197,0
DA:198,0
DA:201,0
DA:202,0
DA:206,0
LF:84
LH:0
BRDA:6,0,0,0
BRDA:6,0,1,0
BRDA:7,1,0,0
BRDA:7,1,1,0
BRDA:7,2,0,0
BRDA:7,2,1,0
BRDA:7,3,0,0
BRDA:7,3,1,0
BRDA:7,4,0,0
BRDA:7,4,1,0
BRDA:15,5,0,0
BRDA:15,5,1,0
BRDA:19,6,0,0
BRDA:19,6,1,0
BRDA:24,7,0,0
BRDA:24,7,1,0
BRDA:24,8,0,0
BRDA:24,8,1,0
BRDA:27,9,0,0
BRDA:27,9,1,0
BRDA:27,10,0,0
BRDA:27,10,1,0
BRDA:31,11,0,0
BRDA:31,11,1,0
BRDA:39,12,0,0
BRDA:39,12,1,0
BRDA:39,13,0,0
BRDA:39,13,1,0
BRDA:44,14,0,0
BRDA:44,14,1,0
BRDA:61,15,0,0
BRDA:61,15,1,0
BRDA:61,16,0,0
BRDA:61,16,1,0
BRDA:72,17,0,0
BRDA:72,17,1,0
BRDA:76,18,0,0
BRDA:76,18,1,0
BRDA:76,19,0,0
BRDA:76,19,1,0
BRDA:78,20,0,0
BRDA:78,20,1,0
[...]
BRDA:243,17,0,0
BRDA:243,17,1,0
BRDA:245,18,0,0
BRDA:245,18,1,0
BRDA:258,19,0,0
BRDA:258,19,1,0
BRDA:259,20,0,0
BRDA:259,20,1,0
BRDA:264,21,0,0
BRDA:264,21,1,0
BRDA:271,22,0,0
BRDA:271,22,1,0
BRDA:278,23,0,0
BRDA:278,23,1,0
BRF:47
BRH:0
end_of_record
TN:
SF:src/config/ConfigService.ts
FN:71,(anonymous_0)
FN:76,(anonymous_1)
FN:83,(anonymous_2)
FN:90,(anonymous_3)
FN:170,(anonymous_4)
FN:182,(anonymous_5)
FN:184,(anonymous_6)
FN:272,(anonymous_7)
FN:324,(anonymous_8)
FN:348,(anonymous_9)
FN:356,(anonymous_10)
FN:360,(anonymous_11)
FN:364,(anonymous_12)
FN:368,(anonymous_13)
FN:372,(anonymous_14)
FN:376,(anonymous_15)
FN:380,(anonymous_16)
FN:384,(anonymous_17)
FN:388,(anonymous_18)
FN:392,(anonymous_19)
FN:396,(anonymous_20)
FNF:21
FNH:9
FNDA:2,(anonymous_0)
FNDA:2,(anonymous_1)
FNDA:2,(anonymous_2)
FNDA:62,(anonymous_3)
FNDA:0,(anonymous_4)
FNDA:2,(anonymous_5)
FNDA:0,(anonymous_6)
FNDA:2,(anonymous_7)
FNDA:2,(anonymous_8)
FNDA:2,(anonymous_9)
FNDA:19,(anonymous_10)
FNDA:0,(anonymous_11)
FNDA:0,(anonymous_12)
FNDA:0,(anonymous_13)
FNDA:0,(anonymous_14)
FNDA:0,(anonymous_15)
FNDA:0,(anonymous_16)
FNDA:0,(anonymous_17)
FNDA:0,(anonymous_18)
FNDA:0,(anonymous_19)
FNDA:0,(anonymous_20)
DA:1,2
DA:3,2
DA:72,2
DA:73,2
DA:77,2
DA:78,2
DA:80,2
DA:84,2
DA:87,2
DA:90,2
DA:91,62
DA:95,2
DA:98,2
DA:165,2
DA:166,2
DA:168,0
DA:169,0
DA:170,0
DA:171,0
DA:174,0
DA:175,0
DA:178,0
DA:184,2
DA:185,0
DA:188,2
DA:242,2
DA:244,0
DA:245,0
DA:246,0
DA:247,0
DA:248,0
DA:249,0
DA:251,0
DA:252,0
DA:253,0
DA:254,0
DA:255,0
DA:257,2
DA:258,2
DA:259,2
DA:260,2
DA:263,0
DA:264,0
DA:265,0
DA:266,0
DA:269,2
DA:277,2
DA:279,2
DA:280,2
DA:281,2
DA:282,2
DA:300,0
DA:305,0
DA:325,2
DA:328,2
DA:329,0
DA:331,2
DA:332,0
DA:334,2
DA:335,0
DA:337,2
DA:338,0
DA:342,2
DA:343,2
DA:346,2
DA:347,2
DA:348,2
DA:350,2
DA:351,0
DA:357,19
DA:361,0
DA:365,0
DA:369,0
DA:373,0
DA:377,0
DA:381,0
DA:385,0
DA:389,0
DA:393,0
DA:397,0
DA:402,2
DA:403,2
LF:82
LH:42
BRDA:77,0,0,2
BRDA:84,1,0,2
BRDA:84,1,1,0
BRDA:91,2,0,62
BRDA:91,2,1,60
BRDA:101,3,0,0
BRDA:101,3,1,2
BRDA:102,4,0,2
BRDA:102,4,1,2
BRDA:103,5,0,2
BRDA:103,5,1,2
BRDA:104,6,0,2
BRDA:104,6,1,2
BRDA:108,7,0,2
BRDA:108,7,1,2
BRDA:109,8,0,0
BRDA:109,8,1,2
BRDA:112,9,0,0
BRDA:112,9,1,2
BRDA:118,10,0,0
BRDA:118,10,1,2
BRDA:121,11,0,0
BRDA:121,11,1,2
BRDA:124,12,0,0
BRDA:124,12,1,2
BRDA:127,13,0,0
BRDA:127,13,1,2
BRDA:140,14,0,0
BRDA:140,14,1,2
BRDA:143,15,0,0
BRDA:143,15,1,2
BRDA:146,16,0,0
BRDA:146,16,1,2
BRDA:150,17,0,0
BRDA:150,17,1,2
BRDA:155,18,0,2
BRDA:155,18,1,2
BRDA:156,19,0,2
BRDA:156,19,1,2
BRDA:157,20,0,0
BRDA:157,20,1,2
BRDA:160,21,0,2
BRDA:160,21,1,2
BRDA:168,22,0,0
BRDA:174,23,0,0
BRDA:185,24,0,0
BRDA:185,24,1,0
BRDA:242,25,0,0
BRDA:242,25,1,0
BRDA:242,25,2,2
BRDA:242,25,3,0
BRDA:242,25,4,0
BRDA:244,26,0,0
BRDA:244,26,1,0
BRDA:251,27,0,0
BRDA:251,27,1,0
BRDA:279,28,0,2
BRDA:284,29,0,2
BRDA:284,29,1,0
BRDA:288,30,0,2
BRDA:288,30,1,0
BRDA:289,31,0,0
BRDA:289,31,1,2
BRDA:292,32,0,0
BRDA:292,32,1,2
BRDA:295,33,0,0
BRDA:295,33,1,2
BRDA:306,34,0,0
BRDA:306,34,1,0
BRDA:307,35,0,0
BRDA:307,35,1,0
BRDA:308,36,0,0
BRDA:308,36,1,0
BRDA:309,37,0,0
BRDA:309,37,1,0
BRDA:310,38,0,0
BRDA:310,38,1,0
BRDA:312,39,0,0
BRDA:312,39,1,0
BRDA:315,40,0,0
BRDA:315,40,1,0
BRDA:318,41,0,0
BRDA:318,41,1,0
BRDA:328,42,0,0
BRDA:331,43,0,0
BRDA:334,44,0,0
BRDA:337,45,0,0
BRDA:342,46,0,2
BRDA:342,47,0,2
BRDA:342,47,1,2
BRDA:346,48,0,2
BRDA:350,49,0,0
BRF:92
BRH:41
end_of_record
TN:
SF:src/config/index.js
FNF:0
FNH:0
DA:2,0
LF:1
LH:0
BRF:0
BRH:0
end_of_record
TN:
SF:src/config/index.ts
FN:2,(anonymous_0)
FN:20,isDevelopment
FN:24,isProduction
FN:28,isStaging
FN:32,getDatabaseUrl
FNF:5
FNH:0
FNDA:0,(anonymous_0)
FNDA:0,isDevelopment
FNDA:0,isProduction
FNDA:0,isStaging
FNDA:0,getDatabaseUrl
DA:2,0
DA:5,0
DA:8,0
DA:9,0
DA:11,0
DA:20,0
DA:21,0
DA:24,0
DA:25,0
DA:28,0
DA:29,0
DA:32,0
DA:33,0
DA:34,0
LF:14
LH:0
BRF:0
BRH:0
end_of_record
TN:
SF:src/server/ServerApp.ts
FN:31,(anonymous_1)
FN:130,(anonymous_2)
FN:147,(anonymous_3)
FN:183,(anonymous_4)
FN:224,(anonymous_5)
FN:262,(anonymous_6)
FN:300,(anonymous_7)
FN:336,(anonymous_8)
FN:372,(anonymous_9)
FN:44,(anonymous_10)
FN:61,(anonymous_11)
FN:63,(anonymous_12)
FN:115,(anonymous_13)
FN:120,(anonymous_14)
FN:140,(anonymous_15)
FN:425,(anonymous_16)
FN:430,(anonymous_17)
FN:435,(anonymous_18)
FN:446,(anonymous_19)
FN:453,(anonymous_20)
FN:457,(anonymous_21)
FN:462,(anonymous_22)
FN:470,(anonymous_23)
FN:471,(anonymous_24)
FN:482,(anonymous_25)
FNF:25
FNH:0
FNDA:0,(anonymous_1)
FNDA:0,(anonymous_2)
FNDA:0,(anonymous_3)
FNDA:0,(anonymous_4)
FNDA:0,(anonymous_5)
FNDA:0,(anonymous_6)
FNDA:0,(anonymous_7)
FNDA:0,(anonymous_8)
FNDA:0,(anonymous_9)
FNDA:0,(anonymous_10)
FNDA:0,(anonymous_11)
FNDA:0,(anonymous_12)
FNDA:0,(anonymous_13)
FNDA:0,(anonymous_14)
FNDA:0,(anonymous_15)
FNDA:0,(anonymous_16)
FNDA:0,(anonymous_17)
FNDA:0,(anonymous_18)
FNDA:0,(anonymous_19)
FNDA:0,(anonymous_20)
FNDA:0,(anonymous_21)
FNDA:0,(anonymous_22)
FNDA:0,(anonymous_23)
FNDA:0,(anonymous_24)
FNDA:0,(anonymous_25)
DA:1,0
DA:2,0
DA:3,0
DA:4,0
DA:10,0
DA:20,0
DA:26,0
DA:32,0
DA:33,0
DA:34,0
DA:36,0
DA:37,0
DA:38,0
DA:46,0
DA:47,0
DA:48,0
DA:49,0
DA:52,0
DA:55,0
DA:63,0
DA:64,0
DA:68,0
DA:74,0
DA:80,0
DA:86,0
DA:93,0
DA:100,0
DA:107,0
DA:117,0
DA:120,0
DA:121,0
DA:122,0
DA:123,0
DA:130,0
DA:131,0
DA:132,0
DA:133,0
DA:134,0
DA:141,0
DA:147,0
DA:148,0
DA:149,0
DA:150,0
DA:156,0
DA:159,0
DA:172,0
DA:174,0
DA:175,0
DA:176,0
DA:183,0
DA:184,0
DA:185,0
DA:186,0
DA:192,0
DA:193,0
DA:194,0
DA:198,0
DA:200,0
DA:213,0
DA:215,0
DA:216,0
DA:217,0
DA:224,0
DA:225,0
DA:226,0
DA:227,0
DA:233,0
DA:234,0
DA:235,0
DA:239,0
DA:241,0
DA:251,0
DA:253,0
DA:254,0
DA:255,0
DA:262,0
DA:263,0
DA:264,0
DA:265,0
DA:267,0
DA:273,0
DA:275,0
DA:289,0
DA:291,0
DA:292,0
DA:293,0
DA:300,0
DA:301,0
DA:302,0
DA:303,0
DA:305,0
DA:311,0
DA:313,0
DA:325,0
DA:327,0
DA:328,0
DA:329,0
DA:336,0
DA:337,0
DA:338,0
DA:339,0
DA:341,0
DA:346,0
DA:348,0
DA:361,0
DA:363,0
DA:364,0
DA:365,0
DA:372,0
DA:373,0
DA:375,0
DA:386,0
DA:387,0
DA:390,0
DA:395,0
DA:396,0
DA:397,0
DA:401,0
DA:403,0
DA:416,0
DA:418,0
DA:419,0
DA:420,0
DA:427,0
DA:432,0
DA:437,0
DA:448,0
DA:459,0
DA:464,0
DA:471,0
DA:472,0
DA:483,0
LF:132
LH:0
BRDA:31,0,0,0
BRDA:131,1,0,0
BRDA:131,1,1,0
BRDA:193,2,0,0
BRDA:234,3,0,0
BRDA:386,4,0,0
BRDA:396,5,0,0
BRDA:474,6,0,0
BRDA:474,6,1,0
BRF:9
BRH:0
end_of_record
TN:
SF:src/server/index.ts
FN:8,startServer
FN:19,(anonymous_1)
FN:24,(anonymous_2)
FN:40,(anonymous_3)
FNF:4
FNH:0
FNDA:0,startServer
FNDA:0,(anonymous_1)
FNDA:0,(anonymous_2)
FNDA:0,(anonymous_3)
DA:1,0
DA:2,0
DA:9,0
DA:11,0
DA:13,0
DA:16,0
DA:19,0
DA:20,0
DA:21,0
DA:24,0
DA:25,0
DA:26,0
DA:30,0
DA:33,0
DA:34,0
DA:39,0
DA:40,0
DA:41,0
DA:42,0
DA:46,0
LF:20
LH:0
BRDA:13,0,0,0
BRDA:13,0,1,0
BRDA:39,1,0,0
BRF:3
BRH:0
end_of_record
TN:
SF:src/types/index.ts
FNF:0
FNH:0
DA:7,0
DA:8,0
DA:11,0
DA:12,0
DA:15,0
DA:18,0
DA:21,0
DA:24,0
LF:8
LH:0
BRF:0
BRH:0
end_of_record
TN:
SF:src/types/api/schemas.ts
FN:239,(anonymous_0)
FN:251,(anonymous_1)
FN:291,validateRequest
FN:302,createValidator
FN:303,(anonymous_4)
FNF:5
FNH:0
FNDA:0,(anonymous_0)
FNDA:0,(anonymous_1)
FNDA:0,validateRequest
FNDA:0,createValidator
FNDA:0,(anonymous_4)
DA:6,0
DA:9,0
DA:20,0
DA:37,0
DA:49,0
DA:61,0
DA:72,0
DA:83,0
DA:105,0
DA:115,0
DA:129,0
DA:137,0
DA:147,0
DA:156,0
DA:163,0
DA:168,0
DA:174,0
DA:184,0
DA:191,0
DA:206,0
DA:213,0
DA:225,0
DA:239,0
DA:240,0
DA:251,0
DA:252,0
DA:270,0
DA:291,0
DA:295,0
DA:296,0
DA:297,0
DA:299,0
DA:302,0
DA:303,0
DA:304,0
LF:35
LH:0
BRDA:296,0,0,0
BRF:1
BRH:0
end_of_record
TN:
SF:src/types/canvas/index.ts
FN:193,isBiometricPointerEvent
FN:199,isBiometricTouchEvent
FN:208,getEventCoordinates
FN:248,getEventPressure
FNF:4
FNH:0
FNDA:0,isBiometricPointerEvent
FNDA:0,isBiometricTouchEvent
FNDA:0,getEventCoordinates
FNDA:0,getEventPressure
DA:193,0
DA:196,0
DA:199,0
DA:202,0
DA:208,0
DA:212,0
DA:213,0
DA:218,0
DA:219,0
DA:220,0
DA:221,0
DA:222,0
DA:224,0
DA:225,0
DA:228,0
DA:229,0
DA:232,0
DA:233,0
DA:235,0
DA:248,0
DA:251,0
DA:252,0
DA:253,0
DA:254,0
DA:255,0
DA:257,0
LF:26
LH:0
BRDA:196,0,0,0
BRDA:196,0,1,0
BRDA:202,1,0,0
BRDA:202,1,1,0
BRDA:213,2,0,0
BRDA:213,2,1,0
BRDA:218,3,0,0
BRDA:218,3,1,0
BRDA:219,4,0,0
BRDA:219,4,1,0
BRDA:220,5,0,0
BRDA:220,5,1,0
BRDA:238,6,0,0
BRDA:238,6,1,0
BRDA:239,7,0,0
BRDA:239,7,1,0
BRDA:251,8,0,0
BRDA:251,8,1,0
BRDA:253,9,0,0
BRDA:254,10,0,0
BRDA:254,10,1,0
BRDA:255,11,0,0
BRDA:255,11,1,0
BRDA:257,12,0,0
BRDA:257,12,1,0
BRF:25
BRH:0
end_of_record
TN:
SF:src/types/config/index.ts
FN:297,isCompleteConfig
FNF:1
FNH:0
FNDA:0,isCompleteConfig
DA:297,0
DA:298,0
DA:333,0
LF:3
LH:0
BRDA:299,0,0,0
BRDA:299,0,1,0
BRDA:299,0,2,0
BRDA:299,0,3,0
BRDA:299,0,4,0
BRDA:299,0,5,0
BRDA:299,0,6,0
BRDA:299,0,7,0
BRDA:299,0,8,0
BRDA:299,0,9,0
BRF:10
BRH:0
end_of_record
TN:
SF:src/types/core/biometric.ts
FN:359,isStrokePoint
FN:370,isDeviceCapabilities
FN:384,isEnhancedFeatures
FNF:3
FNH:0
FNDA:0,isStrokePoint
FNDA:0,isDeviceCapabilities
FNDA:0,isEnhancedFeatures
DA:359,0
DA:360,0
DA:370,0
DA:371,0
DA:384,0
DA:385,0
LF:6
LH:0
BRDA:361,0,0,0
BRDA:361,0,1,0
BRDA:361,0,2,0
BRDA:361,0,3,0
BRDA:361,0,4,0
BRDA:361,0,5,0
BRDA:372,1,0,0
BRDA:372,1,1,0
BRDA:372,1,2,0
BRDA:372,1,3,0
BRDA:372,1,4,0
BRDA:372,1,5,0
BRDA:372,1,6,0
BRDA:372,1,7,0
BRDA:372,1,8,0
BRDA:386,2,0,0
BRDA:386,2,1,0
BRDA:386,2,2,0
BRDA:386,2,3,0
BRDA:386,2,4,0
BRDA:386,2,5,0
BRDA:386,2,6,0
BRDA:386,2,7,0
BRF:23
BRH:0
end_of_record
TN:
SF:src/types/core/errors.ts
FN:17,(anonymous_0)
FN:37,(anonymous_1)
FN:59,(anonymous_2)
FN:68,(anonymous_3)
FN:83,(anonymous_4)
FN:94,(anonymous_5)
FN:110,(anonymous_6)
FN:121,(anonymous_7)
FN:137,(anonymous_8)
FN:148,(anonymous_9)
FN:164,(anonymous_10)
FN:175,(anonymous_11)
FN:191,(anonymous_12)
FN:202,(anonymous_13)
FN:218,(anonymous_14)
FN:237,(anonymous_15)
FN:256,(anonymous_16)
FN:268,(anonymous_17)
FN:285,(anonymous_18)
FN:296,(anonymous_19)
FN:308,isOperationalError
FN:318,handleError
FNF:22
FNH:6
FNDA:50,(anonymous_0)
FNDA:0,(anonymous_1)
FNDA:21,(anonymous_2)
FNDA:0,(anonymous_3)
FNDA:10,(anonymous_4)
FNDA:0,(anonymous_5)
FNDA:7,(anonymous_6)
FNDA:0,(anonymous_7)
FNDA:0,(anonymous_8)
FNDA:0,(anonymous_9)
FNDA:0,(anonymous_10)
FNDA:0,(anonymous_11)
FNDA:0,(anonymous_12)
FNDA:0,(anonymous_13)
FNDA:0,(anonymous_14)
FNDA:6,(anonymous_15)
FNDA:3,(anonymous_16)
FNDA:0,(anonymous_17)
FNDA:0,(anonymous_18)
FNDA:0,(anonymous_19)
FNDA:0,isOperationalError
FNDA:0,handleError
DA:1,3
DA:11,3
DA:23,50
DA:24,50
DA:25,50
DA:26,50
DA:27,50
DA:28,50
DA:31,50
DA:38,0
DA:52,3
DA:64,21
DA:65,21
DA:69,0
DA:79,3
DA:89,10
DA:90,10
DA:91,10
DA:95,0
DA:106,3
DA:116,7
DA:117,7
DA:118,7
DA:122,0
DA:133,3
DA:143,0
DA:144,0
DA:145,0
DA:149,0
DA:160,3
DA:170,0
DA:171,0
DA:172,0
DA:176,0
DA:187,3
DA:197,0
DA:198,0
DA:199,0
DA:203,0
DA:214,3
DA:224,0
DA:225,0
DA:226,0
DA:233,3
DA:242,6
DA:243,6
DA:244,6
DA:251,3
DA:262,3
DA:263,3
DA:264,3
DA:265,3
DA:269,0
DA:281,3
DA:291,0
DA:292,0
DA:293,0
DA:297,0
DA:308,3
DA:309,0
DA:310,0
DA:312,0
DA:318,3
DA:323,0
DA:324,0
DA:332,0
DA:333,0
LF:67
LH:36
BRDA:20,0,0,0
BRDA:44,1,0,0
BRDA:44,1,1,0
BRDA:61,2,0,7
BRDA:98,3,0,0
BRDA:98,3,1,0
BRDA:309,4,0,0
BRDA:323,5,0,0
BRDA:336,6,0,0
BRDA:336,6,1,0
BRF:10
BRH:1
end_of_record
TN:
SF:src/types/database/index.ts
FNF:0
FNH:0
DA:6,0
LF:1
LH:0
BRF:0
BRH:0
end_of_record
TN:
SF:src/types/database/tables.ts
FN:262,hasEnhancedFeatures
FN:268,hasMetadata
FN:277,toPostgresTimestamp
FN:281,fromPostgresTimestamp
FNF:4
FNH:0
FNDA:0,hasEnhancedFeatures
FNDA:0,hasMetadata
FNDA:0,toPostgresTimestamp
FNDA:0,fromPostgresTimestamp
DA:262,0
DA:265,0
DA:268,0
DA:271,0
DA:277,0
DA:278,0
DA:281,0
DA:282,0
LF:8
LH:0
BRDA:265,0,0,0
BRDA:265,0,1,0
BRDA:271,1,0,0
BRDA:271,1,1,0
BRDA:282,2,0,0
BRDA:282,2,1,0
BRF:6
BRH:0
end_of_record
TN:
SF:src/types/validation/schemas.ts
FN:27,(anonymous_0)
FN:125,(anonymous_1)
FN:194,(anonymous_2)
FN:196,(anonymous_3)
FN:256,formatValidationErrors
FN:261,(anonymous_5)
FN:271,safeParse
FN:280,(anonymous_7)
FN:289,createValidationMiddleware
FN:290,(anonymous_9)
FNF:10
FNH:0
FNDA:0,(anonymous_0)
FNDA:0,(anonymous_1)
FNDA:0,(anonymous_2)
FNDA:0,(anonymous_3)
FNDA:0,formatValidationErrors
FNDA:0,(anonymous_5)
FNDA:0,safeParse
FNDA:0,(anonymous_7)
FNDA:0,createValidationMiddleware
FNDA:0,(anonymous_9)
DA:6,0
DA:11,0
DA:22,0
DA:27,0
DA:32,0
DA:41,0
DA:53,0
DA:61,0
DA:72,0
DA:77,0
DA:85,0
DA:90,0
DA:99,0
DA:104,0
DA:113,0
DA:121,0
DA:126,0
DA:127,0
DA:129,0
DA:137,0
DA:142,0
DA:147,0
DA:158,0
DA:171,0
DA:181,0
DA:191,0
DA:194,0
DA:196,0
DA:203,0
DA:213,0
DA:222,0
DA:232,0
DA:244,0
DA:256,0
DA:261,0
DA:271,0
DA:276,0
DA:277,0
DA:278,0
DA:279,0
DA:280,0
DA:283,0
DA:289,0
DA:290,0
DA:291,0
DA:292,0
DA:293,0
DA:295,0
LF:48
LH:0
BRDA:126,0,0,0
BRDA:126,1,0,0
BRDA:126,1,1,0
BRDA:277,2,0,0
BRDA:280,3,0,0
BRDA:280,3,1,0
BRDA:292,4,0,0
BRF:7
BRH:0
end_of_record
TN:
SF:src/utils/ApiValidator.ts
FN:16,(anonymous_0)
FN:35,(anonymous_1)
FN:54,(anonymous_2)
FN:73,(anonymous_3)
FN:74,(anonymous_4)
FN:89,(anonymous_5)
FN:90,(anonymous_6)
FN:105,(anonymous_7)
FN:106,(anonymous_8)
FN:121,(anonymous_9)
FN:137,(anonymous_10)
FNF:11
FNH:11
FNDA:14,(anonymous_0)
FNDA:3,(anonymous_1)
FNDA:2,(anonymous_2)
FNDA:4,(anonymous_3)
FNDA:3,(anonymous_4)
FNDA:3,(anonymous_5)
FNDA:2,(anonymous_6)
FNDA:2,(anonymous_7)
FNDA:1,(anonymous_8)
FNDA:8,(anonymous_9)
FNDA:1,(anonymous_10)
DA:1,1
DA:3,1
DA:4,1
DA:10,1
DA:11,1
DA:21,14
DA:22,14
DA:24,6
DA:28,6
DA:40,3
DA:41,3
DA:42,2
DA:46,2
DA:48,1
DA:59,2
DA:60,2
DA:62,1
DA:66,1
DA:74,4
DA:75,3
DA:76,3
DA:77,1
DA:78,1
DA:80,2
DA:81,2
DA:90,3
DA:91,2
DA:92,2
DA:93,2
DA:94,2
DA:96,0
DA:97,0
DA:106,2
DA:107,1
DA:108,1
DA:109,1
DA:110,1
DA:112,0
DA:113,0
DA:122,8
DA:123,8
DA:125,8
DA:126,8
DA:127,8
DA:128,8
DA:129,8
DA:131,0
DA:140,1
LF:48
LH:43
BRDA:26,0,0,6
BRDA:26,0,1,0
BRDA:41,1,0,2
BRDA:63,2,0,1
BRDA:63,2,1,0
BRDA:122,3,0,8
BRDA:122,4,0,8
BRDA:122,4,1,8
BRF:8
BRH:6
end_of_record
TN:
SF:src/utils/DataFormatConverter.ts
FN:6,(anonymous_0)
FN:46,(anonymous_1)
FN:80,(anonymous_2)
FN:92,(anonymous_3)
FN:100,(anonymous_4)
FN:148,(anonymous_5)
FN:169,(anonymous_6)
FN:185,(anonymous_7)
FN:195,(anonymous_8)
FN:222,(anonymous_9)
FN:256,(anonymous_10)
FN:263,(anonymous_11)
FNF:12
FNH:0
FNDA:0,(anonymous_0)
FNDA:0,(anonymous_1)
FNDA:0,(anonymous_2)
FNDA:0,(anonymous_3)
FNDA:0,(anonymous_4)
FNDA:0,(anonymous_5)
FNDA:0,(anonymous_6)
FNDA:0,(anonymous_7)
FNDA:0,(anonymous_8)
FNDA:0,(anonymous_9)
FNDA:0,(anonymous_10)
FNDA:0,(anonymous_11)
DA:1,0
DA:5,0
DA:8,0
DA:9,0
DA:10,0
DA:13,0
DA:14,0
DA:19,0
DA:35,0
DA:36,0
DA:38,0
DA:45,0
DA:47,0
DA:48,0
DA:49,0
DA:51,0
DA:76,0
DA:81,0
DA:84,0
DA:86,0
DA:93,0
DA:94,0
DA:102,0
DA:103,0
DA:107,0
DA:108,0
DA:109,0
DA:113,0
DA:114,0
DA:115,0
DA:116,0
DA:119,0
DA:124,0
DA:126,0
DA:127,0
DA:128,0
DA:132,0
DA:133,0
DA:137,0
DA:138,0
DA:142,0
DA:149,0
DA:150,0
DA:151,0
DA:154,0
DA:156,0
DA:170,0
DA:171,0
DA:172,0
DA:175,0
DA:176,0
DA:178,0
DA:186,0
DA:187,0
DA:189,0
DA:196,0
DA:197,0
DA:200,0
DA:201,0
DA:202,0
DA:203,0
DA:207,0
DA:209,0
DA:210,0
DA:211,0
DA:216,0
DA:224,0
DA:225,0
DA:226,0
DA:230,0
DA:231,0
DA:232,0
DA:234,0
DA:235,0
DA:237,0
DA:238,0
DA:243,0
DA:244,0
DA:245,0
DA:246,0
DA:250,0
DA:257,0
DA:264,0
LF:83
LH:0
BRDA:8,0,0,0
BRDA:92,1,0,0
BRDA:102,2,0,0
BRDA:102,3,0,0
BRDA:102,3,1,0
BRDA:107,4,0,0
BRDA:113,5,0,0
BRDA:124,6,0,0
BRDA:124,7,0,0
BRDA:124,7,1,0
BRDA:127,8,0,0
BRDA:127,9,0,0
BRDA:127,9,1,0
BRDA:132,10,0,0
BRDA:137,11,0,0
BRDA:150,12,0,0
BRDA:159,13,0,0
BRDA:159,13,1,0
BRDA:160,14,0,0
BRDA:160,14,1,0
BRDA:161,15,0,0
BRDA:161,15,1,0
BRDA:171,16,0,0
BRDA:185,17,0,0
BRDA:186,18,0,0
BRDA:196,19,0,0
BRDA:200,20,0,0
BRDA:202,21,0,0
BRDA:207,22,0,0
BRDA:209,23,0,0
BRDA:209,23,1,0
BRDA:210,24,0,0
BRDA:225,25,0,0
BRDA:230,26,0,0
BRDA:230,27,0,0
BRDA:230,27,1,0
BRDA:231,28,0,0
BRDA:234,29,0,0
BRDA:237,30,0,0
BRDA:243,31,0,0
BRDA:245,32,0,0
BRDA:257,33,0,0
BRDA:257,33,1,0
BRF:43
BRH:0
end_of_record
TN:
SF:src/utils/ErrorHandler.ts
FN:13,(anonymous_0)
FN:17,(anonymous_1)
FN:23,(anonymous_2)
FN:55,(anonymous_3)
FN:84,(anonymous_4)
FN:133,(anonymous_5)
FN:159,(anonymous_6)
FN:163,(anonymous_7)
FN:176,(anonymous_8)
FN:209,(anonymous_9)
FN:219,(anonymous_10)
FN:230,(anonymous_11)
FN:241,(anonymous_12)
FN:253,(anonymous_13)
FN:267,(anonymous_14)
FN:276,(anonymous_15)
FN:304,(anonymous_16)
FN:305,(anonymous_17)
FN:324,(anonymous_18)
FNF:19
FNH:18
FNDA:0,(anonymous_0)
FNDA:1,(anonymous_1)
FNDA:2,(anonymous_2)
FNDA:37,(anonymous_3)
FNDA:3,(anonymous_4)
FNDA:12,(anonymous_5)
FNDA:4,(anonymous_6)
FNDA:4,(anonymous_7)
FNDA:7,(anonymous_8)
FNDA:12,(anonymous_9)
FNDA:4,(anonymous_10)
FNDA:3,(anonymous_11)
FNDA:2,(anonymous_12)
FNDA:15,(anonymous_13)
FNDA:43,(anonymous_14)
FNDA:6,(anonymous_15)
FNDA:4,(anonymous_16)
FNDA:2,(anonymous_17)
FNDA:7,(anonymous_18)
DA:1,3
DA:2,3
DA:10,3
DA:13,3
DA:16,3
DA:18,1
DA:22,3
DA:24,2
DA:38,3
DA:49,3
DA:50,3
DA:65,37
DA:66,21
DA:78,16
DA:79,3
DA:84,3
DA:96,13
DA:98,10
DA:100,4
DA:111,6
DA:121,3
DA:134,12
DA:137,12
DA:138,7
DA:143,5
DA:144,5
DA:149,0
DA:163,4
DA:164,4
DA:165,4
DA:167,2
DA:168,2
DA:178,7
DA:185,7
DA:186,7
DA:188,7
DA:189,5
DA:198,2
DA:210,12
DA:220,4
DA:221,2
DA:224,2
DA:231,3
DA:242,2
DA:243,2
DA:254,15
DA:255,2
DA:258,13
DA:259,12
DA:267,43
DA:270,1
DA:277,6
DA:278,2
DA:287,4
DA:288,2
DA:295,2
DA:305,4
DA:306,2
DA:308,2
DA:316,2
DA:325,7
DA:326,7
LF:62
LH:61
BRDA:65,0,0,21
BRDA:70,1,0,21
BRDA:70,1,1,21
BRDA:73,2,0,21
BRDA:73,2,1,0
BRDA:78,3,0,3
BRDA:96,4,0,10
BRDA:98,5,0,4
BRDA:98,6,0,10
BRDA:98,6,1,7
BRDA:137,7,0,7
BRDA:137,7,1,5
BRDA:141,8,0,6
BRDA:141,8,1,1
BRDA:143,9,0,5
BRDA:143,9,1,0
BRDA:185,10,0,7
BRDA:185,10,1,0
BRDA:188,11,0,5
BRDA:220,12,0,2
BRDA:232,13,0,3
BRDA:232,13,1,1
BRDA:234,14,0,3
BRDA:234,14,1,1
BRDA:254,15,0,2
BRDA:254,16,0,15
BRDA:254,16,1,14
BRDA:258,17,0,12
BRDA:277,18,0,2
BRDA:281,19,0,2
BRDA:281,19,1,2
BRDA:287,20,0,2
BRF:32
BRH:29
end_of_record
TN:
SF:src/utils/Logger.ts
FN:5,(anonymous_0)
FN:39,(anonymous_1)
FN:47,(anonymous_2)
FN:74,(anonymous_3)
FN:81,(anonymous_4)
FN:88,(anonymous_5)
FN:109,(anonymous_6)
FN:149,(anonymous_7)
FN:157,(anonymous_8)
FN:164,(anonymous_9)
FN:171,(anonymous_10)
FN:178,(anonymous_11)
FN:185,(anonymous_12)
FN:192,(anonymous_13)
FN:224,(anonymous_14)
FN:227,(anonymous_15)
FN:239,(anonymous_16)
FN:261,(anonymous_17)
FNF:18
FNH:16
FNDA:3,(anonymous_0)
FNDA:36,(anonymous_1)
FNDA:36,(anonymous_2)
FNDA:39,(anonymous_3)
FNDA:26,(anonymous_4)
FNDA:26,(anonymous_5)
FNDA:40,(anonymous_6)
FNDA:0,(anonymous_7)
FNDA:5,(anonymous_8)
FNDA:18,(anonymous_9)
FNDA:7,(anonymous_10)
FNDA:10,(anonymous_11)
FNDA:1,(anonymous_12)
FNDA:2,(anonymous_13)
FNDA:2,(anonymous_14)
FNDA:1,(anonymous_15)
FNDA:0,(anonymous_16)
FNDA:2,(anonymous_17)
DA:1,3
DA:5,3
DA:6,3
DA:7,3
DA:8,3
DA:9,3
DA:25,3
DA:32,3
DA:34,3
DA:37,3
DA:40,36
DA:41,36
DA:49,36
DA:50,19
DA:54,17
DA:55,17
DA:57,17
DA:59,1
DA:61,4
DA:63,0
DA:65,12
DA:67,0
DA:75,39
DA:82,26
DA:89,26
DA:90,26
DA:92,26
DA:94,26
DA:95,11
DA:99,26
DA:100,1
DA:103,26
DA:111,40
DA:112,14
DA:116,26
DA:118,26
DA:126,26
DA:129,26
DA:131,10
DA:132,10
DA:134,1
DA:135,1
DA:137,15
DA:141,26
DA:142,0
DA:158,5
DA:165,18
DA:172,7
DA:179,10
DA:186,1
DA:196,2
DA:198,2
DA:199,2
DA:200,1
DA:202,1
DA:207,1
DA:209,1
DA:211,1
DA:217,1
DA:225,2
DA:227,2
DA:228,1
DA:231,1
DA:238,1
DA:239,1
DA:240,0
DA:242,0
DA:243,0
DA:245,0
DA:251,0
DA:254,1
DA:269,2
DA:277,3
LF:73
LH:65
BRDA:5,0,0,3
BRDA:5,0,1,3
BRDA:49,1,0,19
BRDA:55,2,0,17
BRDA:55,2,1,0
BRDA:57,3,0,1
BRDA:57,3,1,4
BRDA:57,3,2,0
BRDA:57,3,3,12
BRDA:57,3,4,0
BRDA:94,4,0,11
BRDA:94,5,0,26
BRDA:94,5,1,12
BRDA:99,6,0,1
BRDA:111,7,0,14
BRDA:129,8,0,10
BRDA:129,8,1,1
BRDA:129,8,2,15
BRDA:141,9,0,0
BRDA:214,10,0,1
BRDA:214,10,1,0
BRDA:231,11,0,1
BRDA:231,11,1,0
BRDA:243,12,0,0
BRDA:243,12,1,0
BRDA:245,13,0,0
BRDA:245,13,1,0
BRDA:248,14,0,0
BRDA:248,14,1,0
BRF:29
BRH:17
end_of_record
TN:
SF:src/utils/index.ts
FN:2,(anonymous_0)
FN:3,(anonymous_1)
FN:4,(anonymous_2)
FN:4,(anonymous_3)
FN:5,(anonymous_4)
FNF:5
FNH:0
FNDA:0,(anonymous_0)
FNDA:0,(anonymous_1)
FNDA:0,(anonymous_2)
FNDA:0,(anonymous_3)
FNDA:0,(anonymous_4)
DA:2,0
DA:3,0
DA:4,0
DA:5,0
LF:4
LH:0
BRF:0
BRH:0
end_of_record
